SF:src\__init__.py
end_of_record
SF:src\admin\__init__.py
DA:21,0
DA:28,0
DA:41,0
DA:42,0
DA:44,0
DA:45,0
DA:46,0
DA:49,0
DA:58,0
DA:59,0
DA:62,0
LF:11
LH:0
FN:28,59,setup_admin
FNDA:0,setup_admin
FNF:1
FNH:0
BRDA:58,0,jump to line 59,-
BRDA:58,0,return from function 'setup_admin',-
BRF:2
BRH:0
end_of_record
SF:src\admin\auth.py
DA:15,0
DA:16,0
DA:17,0
DA:18,0
DA:20,0
DA:21,0
DA:22,0
DA:24,0
DA:27,0
DA:39,0
DA:40,0
DA:42,0
DA:54,0
DA:55,0
DA:56,0
DA:58,0
DA:59,0
DA:60,0
DA:63,0
DA:65,0
DA:66,0
DA:67,0
DA:70,0
DA:71,0
DA:72,0
DA:75,0
DA:82,0
DA:88,0
DA:89,0
DA:91,0
DA:103,0
DA:104,0
DA:106,0
DA:107,0
DA:113,0
DA:114,0
DA:115,0
DA:117,0
DA:127,0
DA:129,0
DA:130,0
DA:136,0
DA:137,0
DA:138,0
DA:139,0
DA:144,0
DA:147,0
DA:158,0
DA:159,0
DA:160,0
DA:161,0
DA:163,0
DA:164,0
DA:166,0
DA:171,0
DA:172,0
DA:175,0
DA:176,0
DA:177,0
DA:179,0
DA:182,0
DA:184,0
DA:185,0
DA:186,0
DA:187,0
DA:188,0
DA:189,0
DA:191,0
DA:193,0
DA:194,0
DA:195,0
DA:197,0
DA:198,0
DA:199,0
DA:201,0
DA:202,0
DA:203,0
DA:204,0
DA:206,0
DA:224,0
DA:225,0
DA:226,0
DA:228,0
DA:229,0
DA:230,0
DA:238,0
DA:239,0
DA:241,0
DA:243,0
DA:245,0
DA:246,0
DA:247,0
DA:250,0
DA:260,0
DA:261,0
DA:262,0
DA:264,0
LF:97
LH:0
FN:39,40,AdminAuth.__init__
FNDA:0,AdminAuth.__init__
FN:42,89,AdminAuth.login
FNDA:0,AdminAuth.login
FN:91,115,AdminAuth.logout
FNDA:0,AdminAuth.logout
FN:117,144,AdminAuth.authenticate
FNDA:0,AdminAuth.authenticate
FN:147,189,AdminAuth._authenticate_user
FNDA:0,AdminAuth._authenticate_user
FN:191,204,AdminAuth._get_user_by_id
FNDA:0,AdminAuth._get_user_by_id
FN:206,247,AdminAuth._log_admin_action
FNDA:0,AdminAuth._log_admin_action
FN:250,267,get_current_admin_user
FNDA:0,get_current_admin_user
FNF:8
FNH:0
BRDA:58,0,jump to line 59,-
BRDA:58,0,jump to line 63,-
BRDA:65,0,jump to line 66,-
BRDA:65,0,jump to line 70,-
BRDA:70,0,jump to line 71,-
BRDA:70,0,jump to line 75,-
BRDA:106,0,jump to line 107,-
BRDA:106,0,jump to line 113,-
BRDA:129,0,jump to line 130,-
BRDA:129,0,jump to line 136,-
BRDA:137,0,jump to line 138,-
BRDA:137,0,jump to line 144,-
BRDA:171,0,jump to line 172,-
BRDA:171,0,jump to line 175,-
BRDA:176,0,jump to line 177,-
BRDA:176,0,jump to line 179,-
BRDA:261,0,jump to line 262,-
BRDA:261,0,jump to line 264,-
BRF:18
BRH:0
end_of_record
SF:src\admin\views.py
DA:16,0
DA:17,0
DA:19,0
DA:20,0
DA:22,0
DA:23,0
DA:24,0
DA:29,0
DA:32,0
DA:47,0
DA:48,0
DA:49,0
DA:52,0
DA:65,0
DA:81,0
DA:88,0
DA:96,0
DA:104,0
DA:107,0
DA:127,0
DA:128,0
DA:129,0
DA:130,0
DA:131,0
DA:132,0
DA:135,0
DA:136,0
DA:139,0
DA:152,0
DA:154,0
DA:155,0
DA:157,0
DA:158,0
DA:159,0
DA:160,0
DA:161,0
DA:162,0
DA:169,0
DA:170,0
DA:172,0
DA:174,0
DA:176,0
DA:177,0
DA:178,0
DA:179,0
DA:180,0
DA:181,0
DA:188,0
DA:189,0
DA:192,0
DA:206,0
DA:207,0
DA:208,0
DA:211,0
DA:222,0
DA:235,0
DA:242,0
DA:249,0
DA:256,0
DA:259,0
DA:260,0
DA:261,0
DA:262,0
DA:263,0
DA:264,0
DA:267,0
DA:268,0
DA:271,0
DA:284,0
DA:295,0
DA:296,0
DA:297,0
DA:300,0
DA:312,0
DA:326,0
DA:332,0
DA:339,0
DA:348,0
DA:351,0
DA:360,0
DA:361,0
DA:362,0
DA:363,0
DA:364,0
DA:367,0
DA:368,0
DA:371,0
DA:384,0
DA:386,0
DA:387,0
DA:389,0
DA:390,0
DA:391,0
DA:392,0
DA:393,0
DA:394,0
DA:401,0
DA:402,0
DA:406,0
LF:99
LH:0
FN:152,170,UserAdmin.on_model_change
FNDA:0,UserAdmin.on_model_change
FN:172,189,UserAdmin.on_model_delete
FNDA:0,UserAdmin.on_model_delete
FN:384,402,PlaylistItemAdmin.on_model_change
FNDA:0,PlaylistItemAdmin.on_model_change
FNF:3
FNH:0
BRDA:157,0,jump to line 158,-
BRDA:157,0,return from function 'on_model_change',-
BRDA:176,0,jump to line 177,-
BRDA:176,0,return from function 'on_model_delete',-
BRDA:389,0,jump to line 390,-
BRDA:389,0,return from function 'on_model_change',-
BRF:6
BRH:0
end_of_record
SF:src\api\__init__.py
end_of_record
SF:src\api\admin.py
DA:1,1
DA:2,1
DA:3,1
DA:4,1
DA:5,1
DA:6,1
DA:7,1
DA:8,1
DA:9,1
DA:10,1
DA:11,1
DA:12,1
DA:13,1
DA:14,1
DA:15,1
DA:16,1
DA:23,1
DA:24,1
DA:26,1
DA:29,1
DA:30,1
DA:32,1
DA:33,1
DA:34,1
DA:35,1
DA:36,1
DA:37,1
DA:40,1
DA:41,1
DA:44,1
DA:47,1
DA:48,1
DA:59,1
DA:62,1
DA:63,0
DA:64,1
DA:65,0
DA:68,1
DA:71,1
DA:72,1
DA:75,1
DA:77,1
DA:93,1
DA:94,1
DA:95,1
DA:96,1
DA:97,0
DA:99,1
DA:100,0
DA:101,1
DA:102,1
DA:103,1
DA:106,1
DA:107,1
DA:115,1
DA:118,1
DA:119,1
DA:120,0
DA:121,0
DA:122,0
DA:124,0
DA:125,0
DA:126,0
DA:127,0
DA:128,0
DA:131,0
DA:132,0
DA:140,0
DA:143,1
DA:144,1
DA:150,0
DA:151,0
DA:152,0
DA:155,0
DA:156,0
DA:157,0
DA:160,0
DA:161,0
DA:164,0
DA:165,0
DA:168,0
DA:169,0
DA:170,0
DA:172,0
DA:173,0
DA:174,0
DA:177,0
DA:178,0
DA:190,0
DA:193,1
DA:194,1
DA:196,0
DA:197,0
DA:198,0
DA:200,0
DA:201,0
DA:203,0
DA:204,0
DA:205,0
DA:206,0
DA:207,0
DA:209,1
DA:210,1
DA:211,0
DA:212,0
DA:214,0
DA:215,0
DA:222,0
DA:225,0
DA:226,0
DA:233,0
DA:235,1
DA:236,1
DA:237,0
DA:238,0
DA:240,0
DA:241,0
DA:248,0
DA:251,0
DA:252,0
DA:259,0
DA:261,1
DA:262,1
DA:267,0
DA:268,0
DA:270,0
DA:271,0
DA:278,0
DA:281,0
DA:282,0
DA:290,0
DA:292,1
DA:293,1
DA:301,1
DA:303,1
DA:304,1
DA:307,1
DA:308,1
DA:311,1
DA:316,1
DA:317,1
DA:319,1
DA:336,0
DA:338,0
DA:347,1
DA:348,1
DA:349,0
DA:350,0
DA:352,1
DA:353,1
DA:354,0
DA:355,0
DA:356,0
DA:357,0
DA:361,0
DA:362,0
DA:364,1
DA:365,1
DA:366,0
DA:367,0
DA:369,1
DA:370,1
DA:371,0
DA:372,0
DA:373,0
DA:374,0
DA:380,1
DA:381,1
DA:424,0
DA:425,0
DA:431,0
DA:432,0
DA:433,0
DA:439,1
DA:440,1
DA:466,0
DA:467,0
DA:471,0
DA:472,0
DA:473,0
DA:479,1
DA:480,1
DA:496,0
DA:497,0
DA:498,0
DA:502,0
DA:503,0
DA:511,1
DA:512,1
DA:556,0
DA:557,0
DA:558,0
DA:559,0
DA:560,0
DA:566,1
DA:567,1
DA:599,0
DA:600,0
DA:601,0
DA:602,0
DA:603,0
DA:609,1
DA:610,1
DA:628,0
DA:629,0
DA:630,0
DA:631,0
DA:632,0
LF:208
LH:94
FN:48,90,list_users
FNDA:1,list_users
FN:94,115,approve_user
FNDA:1,approve_user
FN:119,140,reject_user
FNDA:0,reject_user
FN:144,190,update_user_role
FNDA:0,update_user_role
FN:194,207,delete_user
FNDA:0,delete_user
FN:210,233,start_stream
FNDA:0,start_stream
FN:236,259,stop_stream
FNDA:0,stop_stream
FN:262,290,restart_stream
FNDA:0,restart_stream
FN:293,345,get_stream_status
FNDA:1,get_stream_status
FN:348,350,get_stream_logs
FNDA:0,get_stream_logs
FN:353,362,get_stream_metrics
FNDA:0,get_stream_metrics
FN:365,367,get_playlist
FNDA:0,get_playlist
FN:370,374,update_playlist
FNDA:0,update_playlist
FN:381,436,get_stream_quality
FNDA:0,get_stream_quality
FN:440,476,batch_analyze_streams
FNDA:0,batch_analyze_streams
FN:480,506,clear_quality_cache
FNDA:0,clear_quality_cache
FN:512,563,get_quality_trend
FNDA:0,get_quality_trend
FN:567,606,set_quality_alert_config
FNDA:0,set_quality_alert_config
FN:610,635,get_quality_alert_config
FNDA:0,get_quality_alert_config
FNF:19
FNH:3
BRDA:62,0,jump to line 63,0
BRDA:62,0,jump to line 64,1
BRDA:64,0,jump to line 65,0
BRDA:64,0,jump to line 68,1
BRDA:96,0,jump to line 97,0
BRDA:96,0,jump to line 99,1
BRDA:99,0,jump to line 100,0
BRDA:99,0,jump to line 101,1
BRDA:121,0,jump to line 122,-
BRDA:121,0,jump to line 124,-
BRDA:124,0,jump to line 125,-
BRDA:124,0,jump to line 126,-
BRDA:151,0,jump to line 152,-
BRDA:151,0,jump to line 155,-
BRDA:160,0,jump to line 161,-
BRDA:160,0,jump to line 164,-
BRDA:164,0,jump to line 165,-
BRDA:164,0,jump to line 168,-
BRDA:169,0,jump to line 170,-
BRDA:169,0,jump to line 172,-
BRDA:197,0,jump to line 198,-
BRDA:197,0,jump to line 200,-
BRDA:200,0,jump to line 201,-
BRDA:200,0,jump to line 203,-
BRDA:203,0,jump to line 204,-
BRDA:203,0,jump to line 205,-
BRDA:212,0,jump to line 214,-
BRDA:212,0,jump to line 225,-
BRDA:238,0,jump to line 240,-
BRDA:238,0,jump to line 251,-
BRDA:268,0,jump to line 270,-
BRDA:268,0,jump to line 281,-
BRDA:372,0,jump to line 373,-
BRDA:372,0,jump to line 374,-
BRF:34
BRH:4
end_of_record
SF:src\api\analytics.py
DA:13,1
DA:14,1
DA:15,1
DA:16,1
DA:18,1
DA:19,1
DA:20,0
DA:21,0
DA:23,1
DA:25,1
DA:26,1
DA:27,1
DA:37,1
DA:39,1
DA:41,1
DA:42,1
DA:45,1
DA:48,1
DA:50,0
DA:51,0
DA:52,0
DA:53,0
DA:54,0
DA:55,0
DA:56,0
DA:57,0
DA:60,1
DA:64,0
DA:65,0
DA:70,1
DA:76,1
DA:77,1
DA:87,0
DA:88,0
DA:89,0
DA:90,0
DA:91,0
DA:94,1
DA:100,1
DA:101,1
DA:110,0
DA:111,0
DA:112,0
DA:113,0
DA:114,0
DA:117,1
DA:123,1
DA:124,1
DA:135,0
DA:136,0
DA:137,0
DA:138,0
DA:139,0
DA:142,1
DA:148,1
DA:149,1
DA:160,0
DA:161,0
DA:162,0
DA:163,0
DA:164,0
DA:169,1
DA:175,1
DA:187,0
DA:188,0
DA:190,0
DA:191,0
DA:192,0
DA:193,0
DA:194,0
DA:195,0
LF:71
LH:31
FN:48,57,get_redis_client
FNDA:0,get_redis_client
FN:60,65,get_analytics_service_dep
FNDA:0,get_analytics_service_dep
FN:77,91,get_analytics_summary
FNDA:0,get_analytics_summary
FN:101,114,get_listener_stats
FNDA:0,get_listener_stats
FN:124,139,get_listener_history
FNDA:0,get_listener_history
FN:149,164,get_top_tracks
FNDA:0,get_top_tracks
FN:175,195,log_track_play
FNDA:0,log_track_play
FNF:7
FNH:0
BRDA:50,0,jump to line 51,-
BRDA:50,0,jump to line 52,-
BRDA:187,0,jump to line 188,-
BRDA:187,0,jump to line 190,-
BRF:4
BRH:0
end_of_record
SF:src\api\audio.py
DA:11,1
DA:12,1
DA:13,1
DA:14,1
DA:15,1
DA:16,1
DA:18,1
DA:19,1
DA:20,1
DA:21,1
DA:22,1
DA:24,1
DA:27,1
DA:30,1
DA:33,1
DA:34,1
DA:35,1
DA:36,1
DA:39,1
DA:40,1
DA:41,1
DA:42,1
DA:43,1
DA:45,1
DA:46,1
DA:48,0
DA:49,0
DA:50,0
DA:53,1
DA:56,1
DA:57,1
DA:58,1
DA:61,1
DA:62,1
DA:73,0
DA:78,0
DA:79,0
DA:81,0
DA:82,0
DA:83,0
DA:84,0
DA:86,0
DA:87,0
DA:90,0
DA:105,0
DA:106,0
DA:107,0
DA:111,0
DA:113,0
DA:114,0
DA:116,0
DA:120,0
DA:126,1
DA:127,1
DA:136,0
DA:137,0
DA:138,0
DA:142,0
DA:143,0
DA:144,0
DA:146,0
DA:156,1
DA:157,1
DA:164,0
DA:168,0
DA:170,0
DA:179,0
DA:192,1
DA:193,1
DA:204,0
DA:208,0
DA:210,0
DA:211,0
DA:214,0
DA:215,0
DA:216,0
DA:217,0
DA:218,0
DA:219,0
DA:220,0
DA:221,0
DA:222,0
DA:224,0
DA:225,0
DA:228,0
DA:241,1
DA:242,1
DA:246,0
DA:247,0
DA:248,0
DA:249,0
DA:250,0
DA:251,0
DA:252,0
LF:94
LH:39
FN:46,50,TranscodeRequest.validate_eq_bands
FNDA:0,TranscodeRequest.validate_eq_bands
FN:62,123,transcode_audio
FNDA:0,transcode_audio
FN:127,153,stream_transcoded_audio
FNDA:0,stream_transcoded_audio
FN:136,144,stream_transcoded_audio.stream_from_transcoder
FNDA:0,stream_transcoded_audio.stream_from_transcoder
FN:157,189,get_audio_settings
FNDA:0,get_audio_settings
FN:193,238,update_audio_settings
FNDA:0,update_audio_settings
FN:242,255,check_transcoder_health
FNDA:0,check_transcoder_health
FNF:7
FNH:0
BRDA:48,0,jump to line 49,-
BRDA:48,0,jump to line 50,-
BRDA:78,0,jump to line 79,-
BRDA:78,0,jump to line 81,-
BRDA:81,0,jump to line 82,-
BRDA:81,0,jump to line 86,-
BRDA:83,0,jump to line 84,-
BRDA:83,0,jump to line 86,-
BRDA:86,0,jump to line 87,-
BRDA:86,0,jump to line 90,-
BRDA:143,0,jump to line 144,-
BRDA:143,0,jump to the function exit,-
BRDA:168,0,jump to line 170,-
BRDA:168,0,jump to line 179,-
BRDA:208,0,jump to line 210,-
BRDA:208,0,jump to line 214,-
BRDA:214,0,jump to line 215,-
BRDA:214,0,jump to line 216,-
BRDA:216,0,jump to line 217,-
BRDA:216,0,jump to line 218,-
BRDA:218,0,jump to line 219,-
BRDA:218,0,jump to line 220,-
BRDA:220,0,jump to line 221,-
BRDA:220,0,jump to line 224,-
BRF:24
BRH:0
end_of_record
SF:src\api\auth\__init__.py
DA:4,1
DA:6,1
DA:8,1
DA:9,1
DA:10,1
DA:11,1
DA:12,1
DA:15,1
DA:21,1
DA:22,1
DA:24,1
DA:27,1
DA:30,1
DA:31,1
DA:32,1
DA:33,1
DA:34,1
DA:37,1
DA:38,1
DA:48,0
DA:55,0
DA:56,0
DA:59,1
DA:63,0
DA:66,1
LF:25
LH:21
FN:38,56,logout
FNDA:0,logout
FN:59,63,notify_admins_async
FNDA:0,notify_admins_async
FNF:2
FNH:0
end_of_record
SF:src\api\auth\dependencies.py
DA:4,1
DA:5,1
DA:6,1
DA:7,1
DA:9,1
DA:10,1
DA:11,1
DA:13,1
DA:14,1
DA:15,1
DA:16,1
DA:18,1
DA:20,1
DA:23,1
DA:27,1
DA:33,1
DA:34,1
DA:35,1
DA:36,1
DA:38,1
DA:39,1
DA:40,0
DA:41,0
DA:43,1
DA:44,1
DA:45,0
DA:46,0
DA:47,0
DA:49,1
DA:50,1
DA:51,0
DA:52,0
DA:54,1
DA:57,1
DA:61,1
DA:62,1
DA:63,1
DA:64,1
DA:68,1
DA:71,1
DA:75,0
DA:83,1
DA:84,1
DA:85,1
DA:88,1
DA:89,0
DA:92,1
DA:97,0
DA:98,0
DA:99,0
DA:101,0
DA:103,0
DA:104,0
DA:105,0
DA:107,0
DA:108,0
DA:109,0
DA:112,1
DA:117,1
DA:118,1
DA:119,1
DA:121,0
DA:122,0
DA:123,0
DA:124,0
DA:126,0
LF:66
LH:42
FN:23,54,get_current_user
FNDA:1,get_current_user
FN:57,68,require_admin
FNDA:1,require_admin
FN:71,75,get_playback_service
FNDA:0,get_playback_service
FN:88,89,_rate_limit_key
FNDA:0,_rate_limit_key
FN:92,109,_check_rate_limit
FNDA:0,_check_rate_limit
FN:112,126,make_rate_limit_dep
FNDA:1,make_rate_limit_dep
FN:121,124,make_rate_limit_dep._mem_limit
FNDA:0,make_rate_limit_dep._mem_limit
FNF:7
FNH:3
BRDA:34,0,jump to line 35,1
BRDA:34,0,jump to line 38,1
BRDA:39,0,jump to line 40,0
BRDA:39,0,jump to line 43,1
BRDA:50,0,jump to line 51,0
BRDA:50,0,jump to line 54,1
BRDA:63,0,jump to line 64,1
BRDA:63,0,jump to line 68,1
BRDA:103,0,jump to line 104,-
BRDA:103,0,jump to line 107,-
BRDA:117,0,jump to line 118,1
BRDA:117,0,jump to line 121,0
BRDA:123,0,jump to line 124,-
BRDA:123,0,return from function '_mem_limit',-
BRF:14
BRH:7
end_of_record
SF:src\api\auth\email_password.py
DA:4,1
DA:5,1
DA:7,1
DA:8,1
DA:9,1
DA:10,1
DA:12,1
DA:13,1
DA:14,1
DA:15,1
DA:16,1
DA:17,1
DA:18,1
DA:19,1
DA:20,1
DA:22,1
DA:24,1
DA:31,1
DA:32,1
DA:33,1
DA:36,1
DA:37,1
DA:38,1
DA:39,1
DA:42,1
DA:43,1
DA:46,1
DA:47,1
DA:48,1
DA:51,1
DA:52,1
DA:55,1
DA:56,1
DA:59,1
DA:60,1
DA:67,1
DA:68,1
DA:73,0
DA:74,0
DA:75,0
DA:76,0
DA:79,1
DA:80,1
DA:90,0
DA:91,0
DA:93,0
DA:94,0
DA:96,0
DA:98,0
DA:100,0
DA:101,0
DA:107,0
DA:108,0
DA:110,0
DA:116,0
DA:118,0
DA:119,0
DA:125,0
DA:126,0
DA:127,0
DA:130,0
DA:131,0
DA:140,0
DA:141,0
DA:142,0
DA:143,0
DA:146,0
DA:148,0
DA:150,0
DA:157,0
DA:158,0
DA:174,1
DA:175,1
DA:185,0
DA:186,0
DA:188,0
DA:189,0
DA:190,0
DA:191,0
DA:192,0
DA:193,0
DA:200,0
DA:201,0
DA:202,0
DA:203,0
DA:204,0
DA:209,0
DA:210,0
DA:211,0
DA:214,0
DA:215,0
DA:216,0
DA:217,0
DA:218,0
DA:221,0
DA:222,0
DA:224,0
DA:226,0
DA:227,0
DA:228,0
DA:231,0
DA:232,0
DA:233,0
DA:234,0
DA:241,0
DA:247,0
DA:249,0
DA:250,0
DA:251,0
DA:254,0
DA:255,0
DA:256,0
DA:257,0
DA:258,0
DA:259,0
DA:260,0
DA:261,0
DA:262,0
DA:263,0
DA:264,0
DA:267,0
DA:268,0
DA:269,0
DA:270,0
DA:271,0
DA:272,0
DA:273,0
DA:276,0
DA:279,0
DA:281,0
DA:288,1
DA:289,1
DA:290,0
DA:291,0
DA:298,1
DA:299,1
DA:300,0
DA:303,1
DA:304,1
DA:305,0
DA:306,0
DA:313,1
DA:314,1
DA:323,0
DA:324,0
DA:325,0
DA:327,0
DA:328,0
DA:330,0
DA:333,0
DA:334,0
DA:336,0
DA:339,0
DA:340,0
DA:342,0
DA:343,0
DA:346,1
DA:347,1
DA:351,0
DA:352,0
DA:353,0
DA:356,0
DA:357,0
DA:359,0
DA:360,0
DA:362,0
DA:363,0
DA:364,0
DA:366,0
DA:367,0
DA:368,0
DA:370,0
DA:371,0
DA:378,1
DA:379,1
DA:383,0
DA:385,0
DA:386,0
DA:388,0
DA:390,0
DA:391,0
DA:393,0
DA:394,0
DA:397,1
DA:398,1
DA:402,0
DA:403,0
DA:404,0
DA:406,0
DA:407,0
DA:408,0
DA:410,0
DA:411,0
DA:412,0
DA:414,0
LF:195
LH:55
FN:68,76,check_user_status
FNDA:0,check_user_status
FN:80,167,register_user
FNDA:0,register_user
FN:175,285,login_user
FNDA:0,login_user
FN:289,295,refresh_tokens
FNDA:0,refresh_tokens
FN:299,300,list_sessions
FNDA:0,list_sessions
FN:304,306,logout_all_sessions
FNDA:0,logout_all_sessions
FN:314,343,password_reset_request
FNDA:0,password_reset_request
FN:347,371,password_reset_confirm
FNDA:0,password_reset_confirm
FN:379,394,email_verify_request
FNDA:0,email_verify_request
FN:398,414,email_verify_confirm
FNDA:0,email_verify_confirm
FNF:10
FNH:0
BRDA:74,0,jump to line 75,-
BRDA:74,0,jump to line 76,-
BRDA:90,0,jump to line 91,-
BRDA:90,0,jump to line 93,-
BRDA:93,0,jump to line 94,-
BRDA:93,0,jump to line 96,-
BRDA:98,0,jump to line 100,-
BRDA:98,0,jump to line 118,-
BRDA:100,0,jump to line 101,-
BRDA:100,0,jump to line 110,-
BRDA:148,0,jump to line 150,-
BRDA:148,0,jump to line 157,-
BRDA:189,0,jump to line 190,-
BRDA:189,0,jump to line 191,-
BRDA:191,0,jump to line 192,-
BRDA:191,0,jump to line 200,-
BRDA:221,0,jump to line 222,-
BRDA:221,0,jump to line 224,-
BRDA:226,0,jump to line 227,-
BRDA:226,0,jump to line 231,-
BRDA:231,0,jump to line 232,-
BRDA:231,0,jump to line 249,-
BRDA:233,0,jump to line 234,-
BRDA:233,0,jump to line 241,-
BRDA:249,0,jump to line 250,-
BRDA:249,0,jump to line 254,-
BRDA:254,0,jump to line 255,-
BRDA:254,0,jump to line 267,-
BRDA:255,0,jump to line 256,-
BRDA:255,0,jump to line 257,-
BRDA:258,0,jump to line 259,-
BRDA:258,0,jump to line 261,-
BRDA:262,0,jump to line 263,-
BRDA:262,0,jump to line 267,-
BRDA:268,0,jump to line 269,-
BRDA:268,0,jump to line 276,-
BRDA:324,0,jump to line 325,-
BRDA:324,0,jump to line 327,-
BRDA:327,0,jump to line 328,-
BRDA:327,0,jump to line 330,-
BRDA:333,0,jump to line 334,-
BRDA:333,0,jump to line 336,-
BRDA:339,0,jump to line 340,-
BRDA:339,0,jump to line 342,-
BRDA:352,0,jump to line 353,-
BRDA:352,0,jump to line 356,-
BRDA:356,0,jump to line 357,-
BRDA:356,0,jump to line 359,-
BRDA:359,0,jump to line 360,-
BRDA:359,0,jump to line 362,-
BRDA:363,0,jump to line 364,-
BRDA:363,0,jump to line 366,-
BRDA:385,0,jump to line 386,-
BRDA:385,0,jump to line 388,-
BRDA:390,0,jump to line 391,-
BRDA:390,0,jump to line 393,-
BRDA:403,0,jump to line 404,-
BRDA:403,0,jump to line 406,-
BRDA:407,0,jump to line 408,-
BRDA:407,0,jump to line 410,-
BRF:60
BRH:0
end_of_record
SF:src\api\auth\linking.py
DA:4,1
DA:5,1
DA:7,1
DA:8,1
DA:9,1
DA:11,1
DA:12,1
DA:13,1
DA:15,1
DA:17,1
DA:20,1
DA:21,1
DA:24,1
DA:25,1
DA:26,1
DA:29,1
DA:30,1
DA:35,0
DA:38,0
DA:39,0
DA:41,0
DA:44,0
DA:45,0
DA:47,0
DA:48,0
DA:51,1
DA:52,1
DA:56,0
DA:57,0
DA:58,0
DA:60,0
DA:61,0
DA:62,0
DA:65,0
DA:66,0
DA:72,0
DA:73,0
DA:74,0
DA:79,0
DA:80,0
DA:81,0
DA:83,0
DA:84,0
LF:43
LH:19
FN:30,48,link_account_request
FNDA:0,link_account_request
FN:52,84,link_account_confirm
FNDA:0,link_account_confirm
FNF:2
FNH:0
BRDA:38,0,jump to line 39,-
BRDA:38,0,jump to line 41,-
BRDA:44,0,jump to line 45,-
BRDA:44,0,jump to line 47,-
BRDA:57,0,jump to line 58,-
BRDA:57,0,jump to line 60,-
BRDA:61,0,jump to line 62,-
BRDA:61,0,jump to line 65,-
BRDA:65,0,jump to line 66,-
BRDA:65,0,jump to line 72,-
BRDA:72,0,jump to line 73,-
BRDA:72,0,jump to line 79,-
BRDA:73,0,jump to line 74,-
BRDA:73,0,jump to line 79,-
BRF:14
BRH:0
end_of_record
SF:src\api\auth\oauth.py
DA:4,1
DA:5,1
DA:6,1
DA:7,1
DA:8,1
DA:12,1
DA:14,1
DA:15,1
DA:16,1
DA:17,1
DA:18,1
DA:20,1
DA:21,1
DA:22,1
DA:25,1
DA:27,1
DA:29,1
DA:32,1
DA:33,1
DA:34,1
DA:35,1
DA:38,1
DA:44,1
DA:45,1
DA:48,1
DA:50,0
DA:51,0
DA:52,0
DA:53,0
DA:55,1
DA:57,0
DA:58,0
DA:59,0
DA:60,0
DA:61,0
DA:64,0
DA:65,0
DA:66,0
DA:69,0
DA:70,0
DA:71,0
DA:72,0
DA:73,0
DA:75,0
DA:76,0
DA:77,0
DA:78,0
DA:81,1
DA:82,1
DA:86,0
DA:87,0
DA:88,0
DA:90,0
DA:91,0
DA:92,0
DA:99,0
DA:103,0
DA:108,0
DA:110,0
DA:111,0
DA:114,1
DA:115,1
DA:120,0
DA:121,0
DA:122,0
DA:123,0
DA:124,0
DA:126,0
DA:129,0
DA:131,0
DA:134,0
DA:136,0
DA:138,0
DA:139,0
DA:140,0
DA:141,0
DA:143,0
DA:145,0
DA:146,0
DA:147,0
DA:148,0
DA:152,0
DA:157,0
DA:160,0
DA:161,0
DA:165,0
DA:166,0
DA:169,0
DA:172,0
DA:174,0
DA:175,0
DA:177,0
DA:178,0
DA:180,0
DA:186,0
DA:187,0
DA:188,0
DA:189,0
DA:190,0
DA:193,0
DA:194,0
DA:195,0
DA:196,0
DA:198,0
DA:199,0
DA:202,0
DA:203,0
DA:204,0
DA:205,0
DA:207,0
DA:210,0
DA:211,0
DA:212,0
DA:222,0
DA:223,0
DA:224,0
DA:225,0
DA:226,0
DA:227,0
DA:228,0
DA:231,0
DA:232,0
DA:235,0
DA:236,0
DA:237,0
DA:238,0
DA:239,0
DA:240,0
DA:241,0
DA:243,0
DA:244,0
DA:245,0
DA:246,0
DA:247,0
DA:248,0
DA:249,0
DA:252,0
DA:253,0
LF:138
LH:30
FN:48,53,sign_state
FNDA:0,sign_state
FN:55,78,verify_state
FNDA:0,verify_state
FN:82,111,google_login
FNDA:0,google_login
FN:115,253,google_callback
FNDA:0,google_callback
FNF:4
FNH:0
BRDA:59,0,jump to line 60,-
BRDA:59,0,jump to line 61,-
BRDA:64,0,jump to line 65,-
BRDA:64,0,jump to line 69,-
BRDA:71,0,jump to line 72,-
BRDA:71,0,jump to line 75,-
BRDA:86,0,jump to line 87,-
BRDA:86,0,jump to line 90,-
BRDA:138,0,jump to line 139,-
BRDA:138,0,jump to line 143,-
BRDA:145,0,jump to line 146,-
BRDA:145,0,jump to line 152,-
BRDA:160,0,jump to line 161,-
BRDA:160,0,jump to line 165,-
BRDA:194,0,jump to line 195,-
BRDA:194,0,jump to line 198,-
BRDA:204,0,jump to line 205,-
BRDA:204,0,jump to line 207,-
BRDA:210,0,jump to line 211,-
BRDA:210,0,jump to line 222,-
BRDA:223,0,jump to line 224,-
BRDA:223,0,jump to line 235,-
BRDA:236,0,jump to line 237,-
BRDA:236,0,jump to line 243,-
BRF:24
BRH:0
end_of_record
SF:src\api\auth\telegram_widget.py
DA:9,1
DA:10,1
DA:11,1
DA:12,1
DA:14,1
DA:15,1
DA:17,1
DA:18,1
DA:19,1
DA:27,1
DA:28,1
DA:29,1
DA:30,1
DA:33,1
DA:35,1
DA:38,1
DA:40,0
DA:41,0
DA:42,0
DA:45,1
DA:48,0
DA:50,0
DA:61,1
DA:70,1
DA:85,0
DA:86,0
DA:87,0
DA:94,0
DA:100,0
DA:101,0
DA:105,0
DA:106,0
DA:112,0
DA:113,0
DA:115,0
DA:117,0
DA:118,0
DA:119,0
DA:120,0
DA:121,0
DA:122,0
DA:123,0
DA:133,0
DA:141,0
DA:142,0
DA:143,0
DA:144,0
DA:145,0
DA:156,0
DA:159,0
DA:162,0
DA:173,0
DA:181,1
DA:190,1
DA:203,0
DA:213,0
DA:214,0
DA:215,0
DA:221,0
DA:222,0
DA:223,0
DA:230,0
DA:235,0
DA:243,0
DA:249,0
DA:250,0
DA:251,0
DA:259,0
DA:265,0
DA:266,0
DA:269,0
DA:270,0
DA:272,0
DA:273,0
DA:275,0
DA:284,0
DA:292,1
DA:301,1
DA:312,0
DA:313,0
DA:319,0
DA:320,0
DA:327,0
DA:334,0
DA:335,0
DA:336,0
DA:337,0
DA:338,0
DA:340,0
DA:348,0
LF:90
LH:23
FN:38,42,_build_full_name
FNDA:0,_build_full_name
FN:45,58,_set_auth_cookie
FNDA:0,_set_auth_cookie
FN:70,178,telegram_auth
FNDA:0,telegram_auth
FN:190,289,link_telegram
FNDA:0,link_telegram
FN:301,351,unlink_telegram
FNDA:0,unlink_telegram
FNF:5
FNH:0
BRDA:40,0,jump to line 41,-
BRDA:40,0,jump to line 42,-
BRDA:86,0,jump to line 87,-
BRDA:86,0,jump to line 100,-
BRDA:100,0,jump to line 101,-
BRDA:100,0,jump to line 112,-
BRDA:105,0,jump to line 106,-
BRDA:105,0,jump to line 112,-
BRDA:115,0,jump to line 117,-
BRDA:115,0,jump to line 133,-
BRDA:119,0,jump to line 120,-
BRDA:119,0,jump to line 121,-
BRDA:214,0,jump to line 215,-
BRDA:214,0,jump to line 221,-
BRDA:221,0,jump to line 222,-
BRDA:221,0,jump to line 249,-
BRDA:222,0,jump to line 223,-
BRDA:222,0,jump to line 235,-
BRDA:250,0,jump to line 251,-
BRDA:250,0,jump to line 265,-
BRDA:269,0,jump to line 270,-
BRDA:269,0,jump to line 272,-
BRDA:312,0,jump to line 313,-
BRDA:312,0,jump to line 319,-
BRDA:319,0,jump to line 320,-
BRDA:319,0,jump to line 334,-
BRF:26
BRH:0
end_of_record
SF:src\api\auth\totp.py
DA:4,1
DA:6,1
DA:7,1
DA:8,1
DA:9,1
DA:11,1
DA:12,1
DA:13,1
DA:15,1
DA:18,1
DA:19,1
DA:20,1
DA:23,1
DA:24,1
DA:27,1
DA:28,1
DA:31,1
DA:32,0
DA:35,1
DA:36,1
DA:41,0
DA:42,0
DA:43,0
DA:44,0
DA:46,0
DA:47,0
DA:48,0
DA:49,0
DA:50,0
DA:52,0
DA:55,1
DA:56,1
DA:62,0
DA:63,0
DA:65,0
DA:66,0
DA:67,0
DA:69,0
DA:70,0
DA:71,0
DA:72,0
DA:74,0
DA:77,1
DA:78,1
DA:84,0
DA:85,0
DA:86,0
DA:87,0
DA:89,0
DA:90,0
DA:91,0
DA:92,0
DA:93,0
DA:95,0
LF:54
LH:23
FN:31,32,_get_totp
FNDA:0,_get_totp
FN:36,52,setup_totp
FNDA:0,setup_totp
FN:56,74,verify_totp
FNDA:0,verify_totp
FN:78,95,disable_totp
FNDA:0,disable_totp
FNF:4
FNH:0
BRDA:62,0,jump to line 63,-
BRDA:62,0,jump to line 65,-
BRDA:66,0,jump to line 67,-
BRDA:66,0,jump to line 69,-
BRDA:84,0,jump to line 85,-
BRDA:84,0,jump to line 89,-
BRDA:86,0,jump to line 87,-
BRDA:86,0,jump to line 89,-
BRF:8
BRH:0
end_of_record
SF:src\api\auth\utils.py
DA:4,1
DA:7,1
DA:17,1
DA:30,0
DA:31,0
DA:32,0
DA:33,0
DA:35,0
DA:37,0
DA:38,0
DA:39,0
DA:40,0
DA:41,0
DA:42,0
DA:45,0
DA:46,0
DA:47,0
DA:48,0
DA:49,0
LF:19
LH:3
FN:17,49,format_auth_error
FNDA:0,format_auth_error
FNF:1
FNH:0
BRDA:31,0,jump to line 32,-
BRDA:31,0,jump to line 33,-
BRDA:35,0,jump to line 37,-
BRDA:35,0,jump to line 45,-
BRDA:37,0,jump to line 38,-
BRDA:37,0,jump to line 39,-
BRDA:39,0,jump to line 40,-
BRDA:39,0,jump to line 41,-
BRDA:41,0,jump to line 42,-
BRDA:41,0,jump to line 45,-
BRDA:45,0,jump to line 46,-
BRDA:45,0,jump to line 47,-
BRDA:47,0,jump to line 48,-
BRDA:47,0,jump to line 49,-
BRF:14
BRH:0
end_of_record
SF:src\api\channels.py
DA:1,1
DA:2,1
DA:3,1
DA:4,1
DA:5,1
DA:6,1
DA:7,1
DA:8,1
DA:9,1
DA:10,1
DA:11,1
DA:12,1
DA:13,1
DA:14,1
DA:16,1
DA:19,1
DA:21,1
DA:22,1
DA:23,1
DA:24,1
DA:25,1
DA:26,1
DA:27,1
DA:28,1
DA:29,1
DA:31,1
DA:32,1
DA:33,1
DA:34,1
DA:35,1
DA:36,1
DA:37,1
DA:38,1
DA:39,1
DA:40,1
DA:41,1
DA:42,1
DA:44,1
DA:46,1
DA:47,1
DA:52,0
DA:55,0
DA:56,0
DA:57,0
DA:59,0
DA:60,0
DA:61,0
DA:65,0
DA:66,0
DA:68,0
DA:69,0
DA:70,0
DA:72,0
DA:74,0
DA:75,0
DA:76,0
DA:78,0
DA:93,0
DA:94,0
DA:95,0
DA:97,0
DA:98,0
DA:100,0
DA:102,0
DA:104,1
DA:105,1
DA:111,0
DA:116,0
DA:117,0
DA:120,0
DA:125,0
DA:126,0
DA:128,0
DA:139,0
DA:140,0
DA:141,0
DA:144,0
DA:146,0
DA:151,0
DA:152,0
DA:164,0
DA:165,0
DA:167,0
DA:169,1
DA:170,1
DA:176,0
DA:177,0
DA:178,0
DA:182,0
DA:183,0
DA:184,0
DA:185,0
DA:186,0
DA:187,0
DA:188,0
DA:189,0
DA:190,0
DA:192,0
DA:194,1
DA:195,1
DA:200,0
DA:201,0
DA:202,0
DA:204,0
DA:205,0
DA:206,0
DA:207,0
DA:208,0
DA:211,0
DA:212,0
DA:213,0
DA:215,0
DA:221,0
DA:223,0
DA:225,0
DA:226,0
DA:228,0
DA:230,0
DA:231,0
DA:232,0
DA:233,0
DA:235,0
DA:237,1
DA:238,1
DA:243,0
DA:244,0
DA:245,0
DA:248,0
DA:249,0
DA:251,0
DA:252,0
DA:254,0
DA:256,1
DA:257,1
DA:263,0
DA:268,0
DA:269,0
DA:272,0
DA:273,0
DA:274,0
DA:275,0
DA:276,0
DA:278,0
DA:280,0
DA:281,0
DA:283,0
DA:285,1
DA:286,1
DA:293,0
DA:298,0
DA:299,0
DA:302,0
DA:303,0
DA:304,0
DA:305,0
DA:310,0
DA:311,0
DA:313,0
DA:315,1
DA:316,1
DA:323,0
DA:328,0
DA:329,0
DA:332,0
DA:333,0
DA:336,0
DA:337,0
DA:338,0
DA:339,0
DA:340,0
DA:343,0
DA:344,0
DA:347,0
DA:348,0
DA:350,0
LF:175
LH:54
FN:47,102,list_channels
FNDA:0,list_channels
FN:105,167,create_channel
FNDA:0,create_channel
FN:170,192,start_channel
FNDA:0,start_channel
FN:195,235,stop_channel
FNDA:0,stop_channel
FN:238,254,get_channel_status
FNDA:0,get_channel_status
FN:257,283,delete_channel
FNDA:0,delete_channel
FN:286,313,update_channel
FNDA:0,update_channel
FN:316,350,upload_placeholder
FNDA:0,upload_placeholder
FNF:8
FNH:0
BRDA:59,0,jump to line 60,-
BRDA:59,0,jump to line 102,-
BRDA:65,0,jump to line 66,-
BRDA:65,0,jump to line 78,-
BRDA:66,0,jump to line 68,-
BRDA:66,0,jump to line 78,-
BRDA:69,0,jump to line 70,-
BRDA:69,0,jump to line 72,-
BRDA:72,0,jump to line 74,-
BRDA:72,0,jump to line 78,-
BRDA:94,0,jump to line 95,-
BRDA:94,0,jump to line 100,-
BRDA:97,0,jump to line 98,-
BRDA:97,0,jump to line 100,-
BRDA:116,0,jump to line 117,-
BRDA:116,0,jump to line 120,-
BRDA:125,0,jump to line 126,-
BRDA:125,0,jump to line 128,-
BRDA:144,0,jump to line 146,-
BRDA:144,0,jump to line 167,-
BRDA:151,0,jump to line 152,-
BRDA:151,0,jump to line 167,-
BRDA:177,0,jump to line 178,-
BRDA:177,0,jump to line 182,-
BRDA:185,0,jump to line 186,-
BRDA:185,0,jump to line 192,-
BRDA:201,0,jump to line 202,-
BRDA:201,0,jump to line 204,-
BRDA:207,0,jump to line 208,-
BRDA:207,0,jump to line 211,-
BRDA:221,0,jump to line 223,-
BRDA:221,0,jump to line 228,-
BRDA:223,0,jump to line 221,-
BRDA:223,0,jump to line 225,-
BRDA:225,0,jump to line 221,-
BRDA:225,0,jump to line 226,-
BRDA:244,0,jump to line 245,-
BRDA:244,0,jump to line 248,-
BRDA:251,0,jump to line 252,-
BRDA:251,0,jump to line 254,-
BRDA:268,0,jump to line 269,-
BRDA:268,0,jump to line 272,-
BRDA:272,0,jump to line 273,-
BRDA:272,0,jump to line 280,-
BRDA:298,0,jump to line 299,-
BRDA:298,0,jump to line 302,-
BRDA:328,0,jump to line 329,-
BRDA:328,0,jump to line 332,-
BRDA:337,0,jump to line 338,-
BRDA:337,0,jump to line 339,-
BRF:50
BRH:0
end_of_record
SF:src\api\files.py
DA:1,1
DA:2,1
DA:3,1
DA:4,1
DA:5,1
DA:7,1
DA:9,1
DA:10,1
DA:13,0
DA:14,0
LF:10
LH:8
FN:10,14,list_files
FNDA:0,list_files
FNF:1
FNH:0
end_of_record
SF:src\api\health.py
DA:6,1
DA:7,1
DA:8,1
DA:9,1
DA:10,1
DA:11,1
DA:12,1
DA:13,1
DA:16,1
DA:19,1
DA:20,1
DA:23,1
DA:26,1
DA:28,1
DA:29,1
DA:30,1
DA:31,1
DA:32,1
DA:34,1
DA:37,1
DA:39,1
DA:40,1
DA:41,1
DA:42,1
DA:43,1
DA:45,1
DA:48,1
DA:50,1
DA:53,1
DA:55,1
DA:56,1
DA:59,1
DA:61,1
DA:63,1
DA:64,1
DA:65,1
DA:66,1
DA:67,1
DA:68,1
DA:71,1
DA:72,0
DA:80,1
DA:87,1
DA:88,0
DA:89,0
DA:98,1
DA:100,1
DA:102,1
DA:103,1
DA:104,1
DA:105,1
DA:106,1
DA:109,1
DA:110,0
DA:118,1
DA:124,0
DA:125,0
DA:134,1
DA:136,1
DA:138,1
DA:139,0
DA:140,1
DA:141,0
DA:142,1
DA:145,1
DA:146,1
DA:147,1
DA:152,1
DA:157,1
DA:158,1
DA:160,1
DA:168,1
DA:169,0
DA:174,1
DA:177,1
DA:178,1
DA:183,0
DA:186,1
DA:187,1
DA:192,0
DA:193,0
DA:195,0
DA:196,0
DA:204,0
DA:205,0
DA:213,0
LF:86
LH:69
FN:59,95,check_database
FNDA:1,check_database
FN:98,131,check_redis
FNDA:1,check_redis
FN:134,142,calculate_overall_status
FNDA:1,calculate_overall_status
FN:147,174,health_check
FNDA:1,health_check
FN:178,183,liveness_probe
FNDA:0,liveness_probe
FN:187,213,readiness_probe
FNDA:0,readiness_probe
FNF:6
FNH:4
BRDA:71,0,jump to line 72,0
BRDA:71,0,jump to line 80,1
BRDA:109,0,jump to line 110,0
BRDA:109,0,jump to line 118,1
BRDA:138,0,jump to line 139,0
BRDA:138,0,jump to line 140,1
BRDA:140,0,jump to line 141,0
BRDA:140,0,jump to line 142,1
BRDA:168,0,jump to line 169,0
BRDA:168,0,jump to line 174,1
BRDA:195,0,jump to line 196,-
BRDA:195,0,jump to line 204,-
BRDA:204,0,jump to line 205,-
BRDA:204,0,jump to line 213,-
BRF:14
BRH:5
end_of_record
SF:src\api\internal.py
DA:5,1
DA:6,1
DA:7,1
DA:8,1
DA:9,1
DA:10,1
DA:11,1
DA:12,1
DA:13,1
DA:14,1
DA:15,1
DA:17,1
DA:19,1
DA:22,1
DA:24,1
DA:25,1
DA:26,1
DA:27,1
DA:28,1
DA:29,1
DA:30,1
DA:31,1
DA:32,1
DA:33,1
DA:36,1
DA:37,1
DA:46,0
DA:47,0
DA:48,0
DA:51,0
DA:52,0
DA:53,0
DA:56,0
DA:57,0
DA:58,0
DA:59,0
DA:62,0
DA:63,0
DA:65,0
DA:79,1
DA:81,1
DA:82,1
DA:83,1
DA:86,1
DA:88,1
DA:89,1
DA:90,1
DA:91,1
DA:92,1
DA:93,1
DA:94,1
DA:95,1
DA:96,1
DA:97,1
DA:98,1
DA:101,1
DA:106,0
DA:107,0
DA:108,0
DA:109,0
DA:110,0
DA:115,0
DA:116,0
DA:118,0
DA:127,0
DA:128,0
DA:130,0
DA:143,0
DA:144,0
DA:145,0
DA:146,0
DA:147,0
DA:148,0
DA:155,0
DA:156,0
DA:158,0
DA:159,0
DA:161,0
DA:162,0
DA:163,0
DA:165,0
DA:166,0
DA:167,0
DA:168,0
DA:169,0
DA:174,0
DA:175,0
DA:177,0
DA:178,0
DA:180,0
DA:181,0
DA:182,0
DA:184,0
DA:186,0
DA:187,0
DA:188,0
DA:192,0
DA:193,0
DA:194,0
DA:199,0
DA:200,0
DA:201,0
DA:202,0
DA:203,0
DA:206,1
DA:207,1
DA:222,0
DA:223,0
DA:224,0
DA:227,0
DA:228,0
DA:229,0
DA:232,0
DA:233,0
DA:234,0
DA:235,0
DA:237,0
DA:238,0
DA:246,0
DA:247,0
DA:249,0
DA:250,0
DA:258,0
DA:260,0
LF:124
LH:45
FN:37,76,get_channel_config_for_streamer
FNDA:0,get_channel_config_for_streamer
FN:101,203,diagnose_session
FNDA:0,diagnose_session
FN:207,264,get_channel_session_info
FNDA:0,get_channel_session_info
FNF:3
FNH:0
BRDA:47,0,jump to line 48,-
BRDA:47,0,jump to line 51,-
BRDA:52,0,jump to line 53,-
BRDA:52,0,jump to line 56,-
BRDA:145,0,jump to line 146,-
BRDA:145,0,jump to line 158,-
BRDA:155,0,jump to line 145,-
BRDA:155,0,jump to line 156,-
BRDA:166,0,jump to line 167,-
BRDA:166,0,jump to line 177,-
BRDA:174,0,jump to line 166,-
BRDA:174,0,jump to line 175,-
BRDA:223,0,jump to line 224,-
BRDA:223,0,jump to line 227,-
BRDA:228,0,jump to line 229,-
BRDA:228,0,jump to line 232,-
BRDA:237,0,jump to line 238,-
BRDA:237,0,jump to line 246,-
BRDA:249,0,jump to line 250,-
BRDA:249,0,jump to line 258,-
BRF:20
BRH:0
end_of_record
SF:src\api\media.py
DA:5,1
DA:6,1
DA:7,1
DA:9,1
DA:10,1
DA:11,1
DA:17,1
DA:22,1
DA:23,1
DA:27,0
DA:28,0
DA:29,0
DA:30,0
DA:31,0
DA:32,0
DA:35,1
DA:36,1
DA:41,0
DA:42,0
DA:43,0
DA:44,0
DA:46,0
DA:53,0
DA:54,0
DA:55,0
DA:56,0
DA:57,0
DA:58,0
DA:59,0
DA:60,0
DA:63,1
DA:64,1
DA:70,0
DA:71,0
DA:72,0
DA:73,0
DA:74,0
DA:75,0
DA:76,0
DA:77,0
DA:78,0
DA:79,0
DA:82,1
DA:83,1
DA:92,0
DA:93,0
DA:94,0
DA:99,0
DA:100,0
DA:101,0
DA:102,0
DA:103,0
DA:104,0
DA:105,0
DA:106,0
LF:55
LH:15
FN:23,32,list_music_folders
FNDA:0,list_music_folders
FN:36,60,get_folder_info
FNDA:0,get_folder_info
FN:64,79,list_folder_files
FNDA:0,list_folder_files
FN:83,106,scan_music_folder
FNDA:0,scan_music_folder
FNF:4
FNH:0
end_of_record
SF:src\api\media_gdrive.py
DA:12,1
DA:14,1
DA:15,1
DA:17,1
DA:18,1
DA:19,1
DA:22,1
DA:25,1
DA:28,1
DA:29,0
DA:38,0
DA:39,0
DA:40,0
DA:41,0
DA:42,0
DA:43,0
DA:46,1
DA:47,1
DA:56,0
DA:57,0
DA:58,0
DA:60,0
DA:61,0
DA:63,0
DA:64,0
DA:65,0
DA:66,0
DA:68,0
DA:69,0
DA:70,0
DA:72,0
DA:73,0
DA:75,0
DA:76,0
DA:77,0
DA:78,0
DA:79,0
DA:81,0
DA:82,0
DA:83,0
DA:84,0
DA:86,0
DA:87,0
DA:90,0
DA:91,0
DA:92,0
DA:93,0
DA:94,0
DA:95,0
DA:96,0
DA:97,0
DA:102,0
DA:103,0
DA:107,0
DA:109,0
LF:55
LH:11
FN:28,43,_pick_passthrough_headers
FNDA:0,_pick_passthrough_headers
FN:47,114,stream_public_gdrive_file
FNDA:0,stream_public_gdrive_file
FN:81,87,stream_public_gdrive_file._iter_bytes
FNDA:0,stream_public_gdrive_file._iter_bytes
FNF:3
FNH:0
BRDA:39,0,jump to line 40,-
BRDA:39,0,jump to line 43,-
BRDA:41,0,jump to line 39,-
BRDA:41,0,jump to line 42,-
BRDA:57,0,jump to line 58,-
BRDA:57,0,jump to line 60,-
BRDA:65,0,jump to line 66,-
BRDA:65,0,jump to line 68,-
BRDA:69,0,jump to line 70,-
BRDA:69,0,jump to line 72,-
BRDA:83,0,jump to line 84,-
BRDA:83,0,jump to line 86,-
BRDA:90,0,jump to line 91,-
BRDA:90,0,jump to line 102,-
BRF:14
BRH:0
end_of_record
SF:src\api\metrics.py
DA:11,1
DA:12,1
DA:14,1
DA:15,1
DA:22,1
DA:24,1
DA:26,1
DA:29,1
DA:36,1
DA:46,0
DA:48,0
DA:50,0
DA:54,0
DA:55,0
DA:56,0
DA:63,1
DA:70,1
DA:85,0
DA:86,0
DA:89,0
DA:90,0
DA:93,0
DA:96,0
DA:99,0
DA:101,0
DA:126,0
DA:127,0
DA:128,0
DA:134,1
DA:141,1
DA:148,0
DA:149,0
DA:151,0
DA:159,0
DA:160,0
DA:161,0
LF:36
LH:13
FN:36,60,prometheus_metrics
FNDA:0,prometheus_metrics
FN:70,131,system_metrics_json
FNDA:0,system_metrics_json
FN:141,164,stream_metrics
FNDA:0,stream_metrics
FNF:3
FNH:0
end_of_record
SF:src\api\playlist.py
DA:1,1
DA:2,1
DA:3,1
DA:4,1
DA:5,1
DA:6,1
DA:7,1
DA:8,1
DA:9,1
DA:10,1
DA:11,1
DA:12,1
DA:13,1
DA:15,1
DA:18,1
DA:19,0
DA:20,0
DA:21,0
DA:22,0
DA:23,0
DA:25,1
DA:26,0
DA:27,0
DA:28,0
DA:29,0
DA:32,1
DA:33,0
DA:34,0
DA:35,0
DA:38,1
DA:39,1
DA:40,1
DA:41,1
DA:43,1
DA:45,1
DA:47,1
DA:48,1
DA:49,1
DA:50,1
DA:51,1
DA:52,1
DA:53,1
DA:55,1
DA:56,1
DA:58,1
DA:61,1
DA:62,1
DA:63,1
DA:66,1
DA:67,1
DA:68,1
DA:71,1
DA:72,1
DA:74,1
DA:75,1
DA:79,0
DA:80,0
DA:81,0
DA:83,0
DA:85,0
DA:98,1
DA:99,1
DA:106,0
DA:107,0
DA:109,0
DA:117,0
DA:118,0
DA:119,0
DA:122,0
DA:123,0
DA:137,0
DA:138,0
DA:139,0
DA:140,0
DA:143,0
DA:144,0
DA:151,0
DA:162,1
DA:163,1
DA:169,0
DA:170,0
DA:171,0
DA:173,0
DA:174,0
DA:175,0
DA:176,0
DA:178,0
DA:179,0
DA:182,0
DA:183,0
DA:196,0
DA:197,0
DA:198,0
DA:200,0
DA:203,1
DA:204,1
DA:214,0
DA:216,0
DA:217,0
DA:218,0
DA:219,0
DA:220,0
DA:221,0
DA:223,0
DA:226,0
DA:227,0
DA:228,0
DA:230,0
DA:233,1
DA:234,1
DA:241,0
DA:242,0
DA:243,0
DA:244,0
DA:246,0
DA:247,0
DA:248,0
DA:249,0
DA:250,0
DA:251,0
DA:254,0
DA:255,0
DA:256,0
DA:257,0
DA:259,0
DA:270,1
DA:272,1
DA:273,1
DA:276,1
DA:278,1
DA:279,1
DA:280,1
DA:283,1
DA:284,1
DA:295,0
DA:296,0
DA:297,0
DA:300,0
DA:301,0
DA:302,0
DA:307,0
DA:310,0
DA:312,0
DA:313,0
DA:319,0
DA:326,1
DA:327,1
DA:336,0
DA:337,0
DA:338,0
DA:340,0
DA:341,0
DA:347,0
DA:354,0
LF:154
LH:62
FN:18,23,_get_ws_module
FNDA:0,_get_ws_module
FN:25,29,_get_streamer_status_token
FNDA:0,_get_streamer_status_token
FN:32,35,_verify_streamer_token
FNDA:0,_verify_streamer_token
FN:75,96,get_playlist
FNDA:0,get_playlist
FN:99,160,add_playlist_item
FNDA:0,add_playlist_item
FN:163,200,delete_playlist_item
FNDA:0,delete_playlist_item
FN:204,230,reorder_playlist
FNDA:0,reorder_playlist
FN:234,263,update_playlist_status
FNDA:0,update_playlist_status
FN:284,323,import_youtube_playlist
FNDA:0,import_youtube_playlist
FN:327,354,refresh_item_metadata
FNDA:0,refresh_item_metadata
FNF:10
FNH:0
BRDA:27,0,jump to line 28,-
BRDA:27,0,jump to line 29,-
BRDA:34,0,jump to line 35,-
BRDA:34,0,return from function '_verify_streamer_token',-
BRDA:80,0,jump to line 81,-
BRDA:80,0,jump to line 83,-
BRDA:138,0,jump to line 139,-
BRDA:138,0,jump to line 143,-
BRDA:143,0,jump to line 144,-
BRDA:143,0,jump to line 151,-
BRDA:170,0,jump to line 171,-
BRDA:170,0,jump to line 173,-
BRDA:197,0,jump to line 198,-
BRDA:197,0,jump to line 200,-
BRDA:216,0,jump to line 217,-
BRDA:216,0,jump to line 223,-
BRDA:218,0,jump to line 216,-
BRDA:218,0,jump to line 219,-
BRDA:227,0,jump to line 228,-
BRDA:227,0,jump to line 230,-
BRDA:243,0,jump to line 244,-
BRDA:243,0,jump to line 246,-
BRDA:247,0,jump to line 248,-
BRDA:247,0,jump to line 249,-
BRDA:255,0,jump to line 256,-
BRDA:255,0,jump to line 259,-
BRDA:296,0,jump to line 297,-
BRDA:296,0,jump to line 300,-
BRDA:301,0,jump to line 302,-
BRDA:301,0,jump to line 307,-
BRDA:312,0,jump to line 313,-
BRDA:312,0,jump to line 319,-
BRDA:337,0,jump to line 338,-
BRDA:337,0,jump to line 340,-
BRDA:340,0,jump to line 341,-
BRDA:340,0,jump to line 347,-
BRF:36
BRH:0
end_of_record
SF:src\api\queue.py
DA:16,1
DA:17,1
DA:19,1
DA:20,1
DA:21,1
DA:23,1
DA:24,1
DA:25,1
DA:26,1
DA:32,1
DA:33,1
DA:39,1
DA:44,1
DA:50,1
DA:52,1
DA:59,1
DA:61,1
DA:62,1
DA:63,1
DA:64,1
DA:65,1
DA:68,1
DA:70,1
DA:71,1
DA:72,1
DA:73,1
DA:74,1
DA:75,1
DA:76,1
DA:77,1
DA:78,1
DA:80,1
DA:81,1
DA:82,0
DA:95,1
DA:97,1
DA:98,1
DA:99,1
DA:100,1
DA:103,1
DA:105,1
DA:106,1
DA:107,1
DA:108,1
DA:109,1
DA:110,1
DA:111,1
DA:112,1
DA:113,1
DA:116,1
DA:118,1
DA:121,1
DA:123,1
DA:124,1
DA:127,1
DA:129,1
DA:130,1
DA:131,1
DA:134,1
DA:136,1
DA:137,1
DA:138,1
DA:141,1
DA:143,1
DA:146,1
DA:148,1
DA:149,1
DA:150,1
DA:153,1
DA:155,1
DA:156,1
DA:157,1
DA:158,1
DA:159,1
DA:160,1
DA:167,1
DA:169,0
DA:176,1
DA:182,1
DA:189,0
DA:195,0
DA:197,0
DA:205,1
DA:212,1
DA:220,0
DA:228,0
DA:229,0
DA:230,0
DA:235,0
DA:238,0
DA:244,0
DA:247,0
DA:248,0
DA:251,0
DA:253,0
DA:258,0
DA:260,0
DA:261,0
DA:267,1
DA:273,1
DA:280,0
DA:281,0
DA:283,0
DA:286,0
DA:287,0
DA:289,0
DA:294,0
DA:296,0
DA:297,0
DA:303,1
DA:309,1
DA:317,0
DA:318,0
DA:324,0
DA:326,0
DA:331,0
DA:333,0
DA:339,0
DA:340,0
DA:344,0
DA:345,0
DA:351,1
DA:357,1
DA:363,0
DA:364,0
DA:366,0
DA:369,0
DA:370,0
DA:372,0
DA:374,0
DA:380,0
DA:381,0
DA:387,1
DA:393,1
DA:399,0
DA:401,0
DA:402,0
DA:404,0
DA:409,0
DA:414,1
DA:420,1
DA:431,0
DA:435,0
DA:452,1
DA:458,0
DA:460,0
DA:462,0
DA:469,0
DA:471,0
DA:472,0
DA:473,0
DA:474,0
DA:481,1
DA:487,1
DA:492,0
DA:494,0
DA:501,1
DA:507,1
DA:520,0
DA:521,0
DA:523,0
DA:527,0
DA:535,1
DA:541,1
DA:554,0
DA:555,0
DA:557,0
DA:564,0
DA:566,0
DA:571,0
DA:577,1
DA:583,1
DA:593,0
DA:594,0
DA:596,0
LF:175
LH:98
FN:81,92,QueueItemResponse.from_queue_item
FNDA:0,QueueItemResponse.from_queue_item
FN:167,169,get_queue_svc
FNDA:0,get_queue_svc
FN:182,202,get_queue
FNDA:0,get_queue
FN:212,264,add_queue_item
FNDA:0,add_queue_item
FN:273,300,remove_queue_item
FNDA:0,remove_queue_item
FN:309,348,move_queue_item
FNDA:0,move_queue_item
FN:357,384,skip_current_track
FNDA:0,skip_current_track
FN:393,411,clear_queue
FNDA:0,clear_queue
FN:420,445,get_stream_state
FNDA:0,get_stream_state
FN:452,474,notify_queue_update
FNDA:0,notify_queue_update
FN:487,498,get_queue_mode
FNDA:0,get_queue_mode
FN:507,532,set_queue_mode
FNDA:0,set_queue_mode
FN:541,574,migrate_queue_mode
FNDA:0,migrate_queue_mode
FN:583,603,get_queue_statistics
FNDA:0,get_queue_statistics
FNF:14
FNH:0
BRDA:229,0,jump to line 230,-
BRDA:229,0,jump to line 238,-
BRF:2
BRH:0
end_of_record
SF:src\api\routes\__init__.py
DA:3,1
LF:1
LH:1
end_of_record
SF:src\api\routes\backup.py
DA:12,0
DA:13,0
DA:14,0
DA:15,0
DA:17,0
DA:18,0
DA:19,0
DA:21,0
DA:22,0
DA:26,0
DA:28,0
DA:29,0
DA:30,0
DA:31,0
DA:34,0
DA:36,0
DA:37,0
DA:38,0
DA:39,0
DA:40,0
DA:41,0
DA:42,0
DA:43,0
DA:44,0
DA:47,0
DA:49,0
DA:50,0
DA:51,0
DA:52,0
DA:53,0
DA:54,0
DA:55,0
DA:56,0
DA:59,0
DA:61,0
DA:62,0
DA:63,0
DA:64,0
DA:67,0
DA:69,0
DA:70,0
DA:71,0
DA:72,0
DA:77,0
DA:78,0
DA:108,0
DA:110,0
DA:117,0
DA:123,0
DA:129,0
DA:130,0
DA:131,0
DA:132,0
DA:133,0
DA:136,0
DA:137,0
DA:158,0
DA:159,0
DA:161,0
DA:163,0
DA:164,0
DA:165,0
DA:166,0
DA:169,0
DA:170,0
DA:193,0
DA:194,0
DA:195,0
DA:197,0
DA:199,0
DA:201,0
DA:203,0
DA:209,0
DA:210,0
DA:211,0
DA:214,0
DA:215,0
DA:229,0
DA:230,0
DA:232,0
DA:233,0
DA:235,0
DA:237,0
DA:238,0
DA:239,0
DA:240,0
DA:241,0
LF:87
LH:0
FN:78,133,trigger_backup
FNDA:0,trigger_backup
FN:137,166,get_backup_status
FNDA:0,get_backup_status
FN:170,211,get_backup_history
FNDA:0,get_backup_history
FN:215,241,delete_backup
FNDA:0,delete_backup
FNF:4
FNH:0
BRDA:194,0,jump to line 195,-
BRDA:194,0,jump to line 197,-
BRDA:232,0,jump to line 233,-
BRDA:232,0,jump to line 235,-
BRF:4
BRH:0
end_of_record
SF:src\api\routes\i18n.py
DA:13,0
DA:14,0
DA:16,0
DA:17,0
DA:19,0
DA:21,0
DA:25,0
DA:60,0
DA:63,0
DA:111,0
DA:113,0
DA:114,0
DA:115,0
DA:116,0
DA:117,0
DA:118,0
DA:121,0
DA:123,0
DA:124,0
DA:125,0
DA:128,0
DA:130,0
DA:131,0
DA:134,0
DA:136,0
DA:137,0
DA:138,0
DA:141,0
DA:142,0
DA:149,0
DA:156,0
DA:157,0
DA:168,0
DA:170,0
DA:171,0
DA:173,0
DA:179,0
DA:180,0
DA:190,0
DA:194,0
DA:195,0
DA:196,0
DA:198,0
DA:200,0
DA:201,0
DA:202,0
DA:203,0
DA:204,0
DA:205,0
DA:206,0
DA:207,0
DA:208,0
DA:210,0
DA:211,0
DA:214,0
DA:215,0
DA:218,0
DA:221,0
DA:222,0
DA:223,0
DA:224,0
DA:225,0
DA:226,0
DA:228,0
DA:230,0
DA:231,0
DA:233,0
DA:235,0
DA:242,0
DA:243,0
DA:253,0
DA:254,0
DA:256,0
DA:257,0
DA:261,0
DA:266,0
LF:76
LH:0
FN:142,153,get_languages
FNDA:0,get_languages
FN:157,176,get_messages
FNDA:0,get_messages
FN:180,239,detect_language
FNDA:0,detect_language
FN:243,270,check_language_exists
FNDA:0,check_language_exists
FNF:4
FNH:0
BRDA:168,0,jump to line 170,-
BRDA:168,0,jump to line 173,-
BRDA:198,0,jump to line 200,-
BRDA:198,0,jump to line 233,-
BRDA:201,0,jump to line 202,-
BRDA:201,0,jump to line 218,-
BRDA:203,0,jump to line 204,-
BRDA:203,0,jump to line 210,-
BRDA:222,0,jump to line 223,-
BRDA:222,0,jump to line 228,-
BRDA:223,0,jump to line 222,-
BRDA:223,0,jump to line 224,-
BRDA:228,0,jump to line 230,-
BRDA:228,0,jump to line 233,-
BRDA:256,0,jump to line 257,-
BRDA:256,0,jump to line 266,-
BRF:16
BRH:0
end_of_record
SF:src\api\routes\lyrics.py
DA:10,0
DA:11,0
DA:12,0
DA:13,0
DA:14,0
DA:16,0
DA:17,0
DA:18,0
DA:20,0
DA:21,0
DA:25,0
DA:27,0
DA:28,0
DA:31,0
DA:33,0
DA:34,0
DA:35,0
DA:36,0
DA:37,0
DA:38,0
DA:39,0
DA:42,0
DA:44,0
DA:45,0
DA:46,0
DA:47,0
DA:48,0
DA:49,0
DA:52,0
DA:54,0
DA:55,0
DA:56,0
DA:57,0
DA:58,0
DA:59,0
DA:64,0
DA:65,0
DA:83,0
DA:85,0
DA:87,0
DA:88,0
DA:89,0
DA:100,0
DA:102,0
DA:103,0
DA:109,0
DA:117,0
DA:119,0
DA:127,0
DA:128,0
DA:129,0
DA:130,0
DA:131,0
DA:134,0
DA:135,0
DA:157,0
DA:158,0
DA:161,0
DA:162,0
DA:163,0
DA:172,0
DA:174,0
DA:176,0
DA:184,0
DA:186,0
DA:194,0
DA:196,0
DA:202,0
DA:203,0
DA:204,0
DA:207,0
DA:208,0
DA:227,0
DA:228,0
DA:230,0
DA:232,0
DA:240,0
DA:241,0
DA:242,0
LF:79
LH:0
FN:65,131,get_lyrics
FNDA:0,get_lyrics
FN:135,204,search_lyrics
FNDA:0,search_lyrics
FN:208,242,get_cache_status
FNDA:0,get_cache_status
FNF:3
FNH:0
BRDA:87,0,jump to line 88,-
BRDA:87,0,jump to line 100,-
BRDA:102,0,jump to line 103,-
BRDA:102,0,jump to line 109,-
BRDA:162,0,jump to line 163,-
BRDA:162,0,jump to line 172,-
BRDA:174,0,jump to line 176,-
BRDA:174,0,jump to line 194,-
BRF:8
BRH:0
end_of_record
SF:src\api\routes\notifications_channels.py
DA:2,1
DA:3,1
DA:5,1
DA:6,1
DA:7,1
DA:9,1
DA:10,1
DA:15,1
DA:17,1
DA:20,1
DA:21,1
DA:22,1
DA:23,1
DA:24,1
DA:25,1
DA:28,1
DA:29,1
DA:30,1
DA:33,1
DA:34,1
DA:39,0
DA:40,0
DA:43,1
DA:44,1
DA:45,0
DA:46,0
DA:47,0
DA:48,0
DA:49,0
DA:52,1
DA:53,1
DA:54,0
DA:55,0
DA:56,0
DA:57,0
DA:58,0
DA:59,0
DA:60,0
DA:61,0
DA:64,1
DA:65,1
DA:66,0
DA:67,0
DA:68,0
DA:69,0
DA:70,0
DA:73,1
DA:74,1
DA:75,0
DA:76,0
DA:77,0
DA:85,0
DA:86,0
DA:87,0
LF:54
LH:28
FN:34,40,list_channels
FNDA:0,list_channels
FN:44,49,create_channel
FNDA:0,create_channel
FN:53,61,update_channel
FNDA:0,update_channel
FN:65,70,delete_channel
FNDA:0,delete_channel
FN:74,87,test_channel
FNDA:0,test_channel
FNF:5
FNH:0
BRDA:59,0,jump to line 60,-
BRDA:59,0,jump to line 61,-
BRDA:68,0,jump to line 69,-
BRDA:68,0,jump to line 70,-
BRF:4
BRH:0
end_of_record
SF:src\api\routes\notifications_events.py
DA:2,1
DA:3,1
DA:4,1
DA:6,1
DA:7,1
DA:8,1
DA:10,1
DA:11,1
DA:12,1
DA:13,1
DA:15,1
DA:17,1
DA:20,1
DA:21,1
DA:22,1
DA:23,1
DA:24,1
DA:25,1
DA:26,1
DA:27,1
DA:30,1
DA:31,1
DA:32,1
DA:33,1
DA:36,1
DA:38,0
DA:39,0
DA:40,0
DA:46,0
DA:47,0
DA:48,0
DA:49,0
DA:50,0
DA:51,0
DA:54,1
DA:55,1
DA:56,0
DA:57,0
DA:58,0
DA:70,0
DA:71,0
DA:73,0
DA:74,0
DA:75,0
DA:76,0
DA:77,0
DA:78,0
DA:87,0
DA:88,0
DA:89,0
DA:91,0
LF:51
LH:27
FN:36,51,_enqueue_process_event
FNDA:0,_enqueue_process_event
FN:55,91,accept_event
FNDA:0,accept_event
FNF:2
FNH:0
BRDA:38,0,jump to line 39,-
BRDA:38,0,jump to line 50,-
BRDA:70,0,jump to line 71,-
BRDA:70,0,jump to line 73,-
BRDA:74,0,jump to line 75,-
BRDA:74,0,jump to line 91,-
BRDA:77,0,jump to line 74,-
BRDA:77,0,jump to line 78,-
BRDA:87,0,jump to line 88,-
BRDA:87,0,jump to line 89,-
BRF:10
BRH:0
end_of_record
SF:src\api\routes\notifications_logs.py
DA:2,1
DA:3,1
DA:4,1
DA:6,1
DA:7,1
DA:9,1
DA:10,1
DA:11,1
DA:13,1
DA:16,1
DA:17,1
DA:29,0
DA:30,0
DA:31,0
DA:32,0
DA:33,0
DA:34,0
DA:35,0
DA:36,0
DA:37,0
DA:38,0
DA:48,0
DA:51,1
DA:52,1
DA:53,0
DA:54,0
DA:55,0
DA:56,0
DA:57,0
LF:29
LH:13
FN:17,48,list_delivery_logs
FNDA:0,list_delivery_logs
FN:52,57,get_delivery_log
FNDA:0,get_delivery_log
FNF:2
FNH:0
BRDA:31,0,jump to line 32,-
BRDA:31,0,jump to line 38,-
BRDA:33,0,jump to line 34,-
BRDA:33,0,jump to line 36,-
BRDA:36,0,jump to line 37,-
BRDA:36,0,jump to line 38,-
BRDA:55,0,jump to line 56,-
BRDA:55,0,jump to line 57,-
BRF:8
BRH:0
end_of_record
SF:src\api\routes\notifications_recipients.py
DA:2,1
DA:3,1
DA:5,1
DA:6,1
DA:8,1
DA:9,1
DA:14,1
DA:16,1
DA:19,1
DA:20,1
DA:25,0
DA:26,0
DA:29,1
DA:30,1
DA:31,0
DA:32,0
DA:35,1
DA:36,1
DA:37,0
DA:38,0
DA:39,0
DA:40,0
DA:41,0
DA:44,1
DA:45,1
DA:46,0
DA:47,0
DA:48,0
DA:49,0
DA:50,0
LF:30
LH:16
FN:20,26,list_recipients
FNDA:0,list_recipients
FN:30,32,create_recipient
FNDA:0,create_recipient
FN:36,41,update_recipient
FNDA:0,update_recipient
FN:45,50,delete_recipient
FNDA:0,delete_recipient
FNF:4
FNH:0
BRDA:39,0,jump to line 40,-
BRDA:39,0,jump to line 41,-
BRDA:48,0,jump to line 49,-
BRDA:48,0,jump to line 50,-
BRF:4
BRH:0
end_of_record
SF:src\api\routes\notifications_rules.py
DA:2,1
DA:3,1
DA:5,1
DA:6,1
DA:7,1
DA:9,1
DA:10,1
DA:11,1
DA:16,1
DA:17,1
DA:18,1
DA:19,1
DA:21,1
DA:24,1
DA:25,0
DA:31,0
DA:53,1
DA:54,1
DA:55,1
DA:56,1
DA:57,1
DA:58,1
DA:59,1
DA:60,1
DA:63,1
DA:64,1
DA:65,1
DA:66,1
DA:69,1
DA:70,1
DA:74,0
DA:75,0
DA:76,0
DA:79,1
DA:80,1
DA:81,0
DA:82,0
DA:83,0
DA:86,1
DA:87,1
DA:88,0
DA:89,0
DA:90,0
DA:91,0
DA:92,0
DA:95,1
DA:96,1
DA:97,0
DA:98,0
DA:99,0
DA:100,0
DA:101,0
DA:104,1
DA:105,1
DA:106,0
DA:107,0
DA:108,0
DA:109,0
DA:110,0
DA:113,1
DA:114,1
DA:115,0
DA:116,0
DA:117,0
DA:118,0
DA:120,0
DA:121,0
DA:124,0
DA:125,0
DA:126,0
DA:128,0
DA:142,0
DA:143,0
DA:144,0
DA:145,0
DA:146,0
DA:155,0
DA:156,0
DA:157,0
DA:159,0
LF:80
LH:38
FN:24,50,_serialize_rule
FNDA:0,_serialize_rule
FN:70,76,list_rules
FNDA:0,list_rules
FN:80,83,create_rule
FNDA:0,create_rule
FN:87,92,get_rule
FNDA:0,get_rule
FN:96,101,update_rule
FNDA:0,update_rule
FN:105,110,delete_rule
FNDA:0,delete_rule
FN:114,159,test_rule
FNDA:0,test_rule
FNF:7
FNH:0
BRDA:90,0,jump to line 91,-
BRDA:90,0,jump to line 92,-
BRDA:99,0,jump to line 100,-
BRDA:99,0,jump to line 101,-
BRDA:108,0,jump to line 109,-
BRDA:108,0,jump to line 110,-
BRDA:117,0,jump to line 118,-
BRDA:117,0,jump to line 120,-
BRDA:125,0,jump to line 126,-
BRDA:125,0,jump to line 128,-
BRDA:143,0,jump to line 144,-
BRDA:143,0,jump to line 159,-
BRDA:145,0,jump to line 143,-
BRDA:145,0,jump to line 146,-
BRDA:155,0,jump to line 156,-
BRDA:155,0,jump to line 157,-
BRF:16
BRH:0
end_of_record
SF:src\api\routes\notifications_templates.py
DA:2,1
DA:3,1
DA:5,1
DA:6,1
DA:8,1
DA:9,1
DA:14,1
DA:16,1
DA:19,1
DA:20,1
DA:24,0
DA:25,0
DA:28,1
DA:29,1
DA:30,0
DA:31,0
DA:34,1
DA:35,1
DA:36,0
DA:37,0
DA:38,0
DA:39,0
DA:40,0
DA:43,1
DA:44,1
DA:45,0
DA:46,0
DA:47,0
DA:48,0
DA:49,0
LF:30
LH:16
FN:20,25,list_templates
FNDA:0,list_templates
FN:29,31,create_template
FNDA:0,create_template
FN:35,40,update_template
FNDA:0,update_template
FN:44,49,delete_template
FNDA:0,delete_template
FNF:4
FNH:0
BRDA:38,0,jump to line 39,-
BRDA:38,0,jump to line 40,-
BRDA:47,0,jump to line 48,-
BRDA:47,0,jump to line 49,-
BRF:4
BRH:0
end_of_record
SF:src\api\routes\playback.py
DA:13,1
DA:14,1
DA:15,1
DA:16,1
DA:17,1
DA:19,1
DA:20,1
DA:21,1
DA:22,1
DA:23,1
DA:30,1
DA:31,1
DA:35,1
DA:37,1
DA:38,1
DA:41,1
DA:43,1
DA:44,1
DA:47,1
DA:49,1
DA:50,1
DA:53,1
DA:55,1
DA:56,1
DA:59,1
DA:61,1
DA:62,1
DA:65,1
DA:67,1
DA:68,1
DA:71,1
DA:74,1
DA:78,1
DA:84,1
DA:89,1
DA:90,1
DA:91,0
DA:92,0
DA:94,0
DA:95,0
DA:96,0
DA:97,0
DA:98,0
DA:101,1
DA:104,1
DA:105,1
DA:106,1
DA:107,1
DA:108,1
DA:111,1
DA:114,1
DA:115,1
DA:116,1
DA:119,1
DA:122,1
DA:123,1
DA:124,1
DA:127,1
DA:130,0
DA:131,0
DA:132,0
DA:134,0
DA:135,0
DA:136,0
DA:137,0
DA:140,0
DA:142,0
DA:143,0
DA:146,1
DA:148,1
DA:149,1
DA:150,1
DA:151,1
DA:152,1
DA:153,1
DA:156,1
DA:158,1
DA:159,1
DA:160,1
DA:163,1
DA:165,1
DA:166,1
DA:169,1
DA:171,1
DA:172,1
DA:175,1
DA:177,1
DA:178,1
DA:183,1
DA:184,1
DA:204,0
DA:205,0
DA:206,0
DA:209,0
DA:215,0
DA:217,0
DA:221,0
DA:222,0
DA:223,0
DA:224,0
DA:225,0
DA:228,1
DA:229,1
DA:249,0
DA:250,0
DA:251,0
DA:254,0
DA:260,0
DA:262,0
DA:266,0
DA:267,0
DA:268,0
DA:269,0
DA:270,0
DA:273,1
DA:274,1
DA:294,0
DA:295,0
DA:296,0
DA:299,0
DA:305,0
DA:307,0
DA:311,0
DA:312,0
DA:313,0
DA:314,0
DA:315,0
DA:318,1
DA:319,1
DA:339,0
DA:340,0
DA:341,0
DA:344,0
DA:350,0
DA:352,0
DA:356,0
DA:357,0
DA:358,0
DA:359,0
DA:360,0
DA:363,1
DA:364,1
DA:379,0
DA:380,0
DA:381,0
DA:384,0
DA:389,0
DA:390,0
DA:391,0
DA:392,0
DA:395,1
DA:396,1
DA:407,0
DA:408,0
DA:409,0
DA:411,0
DA:412,0
DA:413,0
DA:414,0
DA:421,1
DA:422,1
DA:440,0
DA:441,0
DA:442,0
DA:443,0
DA:444,0
DA:450,0
DA:456,0
DA:457,0
DA:458,0
DA:464,1
DA:465,1
DA:468,0
DA:469,0
DA:470,0
DA:477,1
DA:478,1
DA:485,0
DA:486,0
DA:487,0
DA:493,0
DA:494,0
DA:499,0
DA:505,0
DA:506,0
DA:507,0
DA:508,0
DA:509,0
DA:510,0
DA:511,0
DA:512,0
DA:518,1
DA:519,1
DA:531,0
DA:532,0
DA:538,0
DA:543,0
DA:545,0
DA:546,0
DA:550,0
DA:551,0
DA:552,0
DA:558,1
DA:580,0
DA:581,0
DA:587,0
DA:591,0
DA:593,0
DA:594,0
DA:598,0
DA:599,0
DA:600,0
LF:212
LH:92
FN:90,98,UpdateEqualizerRequest._validate_choice
FNDA:0,UpdateEqualizerRequest._validate_choice
FN:127,143,_build_preset_catalog
FNDA:0,_build_preset_catalog
FN:184,225,set_speed
FNDA:0,set_speed
FN:229,270,set_pitch
FNDA:0,set_pitch
FN:274,315,seek
FNDA:0,seek
FN:319,360,rewind
FNDA:0,rewind
FN:364,392,get_position
FNDA:0,get_position
FN:396,414,get_settings
FNDA:0,get_settings
FN:422,461,get_equalizer
FNDA:0,get_equalizer
FN:465,474,list_equalizer_presets
FNDA:0,list_equalizer_presets
FN:478,515,update_equalizer
FNDA:0,update_equalizer
FN:519,555,set_equalizer_preset
FNDA:0,set_equalizer_preset
FN:558,603,set_equalizer_custom
FNDA:0,set_equalizer_custom
FNF:13
FNH:0
BRDA:94,0,jump to line 95,-
BRDA:94,0,jump to line 96,-
BRDA:96,0,jump to line 97,-
BRDA:96,0,jump to line 98,-
BRDA:134,0,jump to line 135,-
BRDA:134,0,jump to line 142,-
BRDA:486,0,jump to line 487,-
BRDA:486,0,jump to line 493,-
BRDA:493,0,jump to line 494,-
BRDA:493,0,jump to line 499,-
BRF:10
BRH:0
end_of_record
SF:src\api\routes\playlists.py
DA:1,1
DA:2,1
DA:3,1
DA:4,1
DA:6,1
DA:7,1
DA:8,1
DA:9,1
DA:10,1
DA:12,1
DA:14,1
DA:15,1
DA:22,0
DA:24,1
DA:25,1
DA:32,0
DA:34,1
DA:35,1
DA:41,0
DA:43,1
DA:44,1
DA:50,0
DA:51,0
DA:52,0
DA:54,0
DA:55,0
DA:57,0
DA:59,1
DA:60,1
DA:67,0
DA:68,0
DA:69,0
DA:71,0
DA:72,0
DA:74,0
DA:76,1
DA:77,1
DA:83,0
DA:84,0
DA:85,0
DA:87,0
DA:88,0
DA:90,0
DA:92,1
DA:93,1
DA:99,0
DA:100,0
DA:101,0
DA:103,0
DA:104,0
DA:106,0
DA:108,1
DA:109,1
DA:119,0
DA:120,0
DA:121,0
DA:124,0
DA:125,0
DA:127,0
DA:128,0
DA:129,0
DA:130,0
DA:131,0
DA:132,0
DA:133,0
DA:135,1
DA:136,1
DA:142,0
DA:143,0
DA:145,0
DA:146,0
DA:147,0
DA:148,0
DA:150,0
DA:152,0
DA:154,1
DA:155,1
DA:161,0
DA:162,0
DA:163,0
DA:165,0
DA:166,0
DA:168,0
DA:170,0
DA:172,0
LF:85
LH:30
FN:15,22,get_my_playlists
FNDA:0,get_my_playlists
FN:25,32,get_public_playlists
FNDA:0,get_public_playlists
FN:35,41,create_playlist
FNDA:0,create_playlist
FN:44,57,get_playlist
FNDA:0,get_playlist
FN:60,74,update_playlist
FNDA:0,update_playlist
FN:77,90,delete_playlist
FNDA:0,delete_playlist
FN:93,106,clone_playlist
FNDA:0,clone_playlist
FN:109,133,play_playlist
FNDA:0,play_playlist
FN:136,152,import_playlist_m3u
FNDA:0,import_playlist_m3u
FN:155,176,export_playlist_m3u
FNDA:0,export_playlist_m3u
FNF:10
FNH:0
BRDA:51,0,jump to line 52,-
BRDA:51,0,jump to line 54,-
BRDA:54,0,jump to line 55,-
BRDA:54,0,jump to line 57,-
BRDA:68,0,jump to line 69,-
BRDA:68,0,jump to line 71,-
BRDA:71,0,jump to line 72,-
BRDA:71,0,jump to line 74,-
BRDA:84,0,jump to line 85,-
BRDA:84,0,jump to line 87,-
BRDA:87,0,jump to line 88,-
BRDA:87,0,jump to line 90,-
BRDA:100,0,jump to line 101,-
BRDA:100,0,jump to line 103,-
BRDA:103,0,jump to line 104,-
BRDA:103,0,jump to line 106,-
BRDA:120,0,jump to line 121,-
BRDA:120,0,jump to line 124,-
BRDA:124,0,jump to line 125,-
BRDA:124,0,jump to line 127,-
BRDA:142,0,jump to line 143,-
BRDA:142,0,jump to line 145,-
BRDA:162,0,jump to line 163,-
BRDA:162,0,jump to line 165,-
BRDA:165,0,jump to line 166,-
BRDA:165,0,jump to line 168,-
BRF:26
BRH:0
end_of_record
SF:src\api\routes\radio.py
DA:12,0
DA:13,0
DA:14,0
DA:15,0
DA:17,0
DA:18,0
DA:19,0
DA:21,0
DA:22,0
DA:26,0
DA:28,0
DA:29,0
DA:30,0
DA:31,0
DA:32,0
DA:35,0
DA:37,0
DA:38,0
DA:41,0
DA:43,0
DA:44,0
DA:45,0
DA:46,0
DA:47,0
DA:48,0
DA:49,0
DA:50,0
DA:51,0
DA:54,0
DA:56,0
DA:57,0
DA:58,0
DA:59,0
DA:62,0
DA:64,0
DA:65,0
DA:66,0
DA:71,0
DA:72,0
DA:95,0
DA:97,0
DA:98,0
DA:99,0
DA:105,0
DA:113,0
DA:115,0
DA:116,0
DA:117,0
DA:118,0
DA:119,0
DA:120,0
DA:123,0
DA:124,0
DA:145,0
DA:146,0
DA:153,0
DA:155,0
DA:161,0
DA:162,0
DA:163,0
DA:166,0
DA:167,0
DA:179,0
DA:180,0
DA:182,0
DA:183,0
DA:185,0
DA:186,0
DA:187,0
DA:188,0
DA:189,0
DA:190,0
DA:193,0
DA:194,0
DA:206,0
DA:207,0
DA:209,0
DA:210,0
DA:212,0
DA:214,0
DA:215,0
DA:216,0
DA:217,0
DA:218,0
DA:221,0
DA:222,0
DA:242,0
DA:243,0
DA:246,0
DA:247,0
DA:248,0
DA:251,0
DA:257,0
DA:259,0
DA:264,0
DA:265,0
DA:266,0
DA:267,0
DA:268,0
LF:99
LH:0
FN:72,120,add_radio_stream
FNDA:0,add_radio_stream
FN:124,163,list_radio_streams
FNDA:0,list_radio_streams
FN:167,190,get_radio_stream
FNDA:0,get_radio_stream
FN:194,218,delete_radio_stream
FNDA:0,delete_radio_stream
FN:222,268,play_radio_stream
FNDA:0,play_radio_stream
FNF:5
FNH:0
BRDA:98,0,jump to line 99,-
BRDA:98,0,jump to line 105,-
BRDA:182,0,jump to line 183,-
BRDA:182,0,jump to line 185,-
BRDA:209,0,jump to line 210,-
BRDA:209,0,jump to line 212,-
BRDA:247,0,jump to line 248,-
BRDA:247,0,jump to line 251,-
BRF:8
BRH:0
end_of_record
SF:src\api\routes\recognition.py
DA:10,0
DA:11,0
DA:12,0
DA:13,0
DA:14,0
DA:16,0
DA:17,0
DA:18,0
DA:20,0
DA:21,0
DA:25,0
DA:27,0
DA:28,0
DA:29,0
DA:30,0
DA:31,0
DA:32,0
DA:33,0
DA:36,0
DA:38,0
DA:39,0
DA:40,0
DA:41,0
DA:44,0
DA:46,0
DA:47,0
DA:48,0
DA:49,0
DA:50,0
DA:51,0
DA:54,0
DA:56,0
DA:57,0
DA:58,0
DA:59,0
DA:64,0
DA:65,0
DA:94,0
DA:96,0
DA:97,0
DA:98,0
DA:104,0
DA:105,0
DA:106,0
DA:112,0
DA:116,0
DA:117,0
DA:122,0
DA:127,0
DA:134,0
DA:140,0
DA:142,0
DA:150,0
DA:154,0
DA:160,0
DA:162,0
DA:166,0
DA:167,0
DA:168,0
DA:169,0
DA:170,0
DA:176,0
DA:177,0
DA:200,0
DA:201,0
DA:202,0
DA:204,0
DA:210,0
DA:212,0
DA:214,0
DA:220,0
DA:221,0
DA:222,0
DA:228,0
DA:229,0
DA:241,0
DA:243,0
DA:244,0
DA:245,0
DA:251,0
DA:253,0
DA:254,0
DA:259,0
DA:261,0
DA:262,0
DA:263,0
DA:264,0
DA:265,0
LF:88
LH:0
FN:65,173,identify_track
FNDA:0,identify_track
FN:177,225,get_recognition_history
FNDA:0,get_recognition_history
FN:229,268,delete_history_entry
FNDA:0,delete_history_entry
FNF:3
FNH:0
BRDA:97,0,jump to line 98,-
BRDA:97,0,jump to line 104,-
BRDA:105,0,jump to line 106,-
BRDA:105,0,jump to line 112,-
BRDA:116,0,jump to line 117,-
BRDA:116,0,jump to line 134,-
BRDA:140,0,jump to line 142,-
BRDA:140,0,jump to line 160,-
BRDA:201,0,jump to line 202,-
BRDA:201,0,jump to line 204,-
BRDA:244,0,jump to line 245,-
BRDA:244,0,jump to line 251,-
BRDA:253,0,jump to line 254,-
BRDA:253,0,jump to line 259,-
BRF:14
BRH:0
end_of_record
SF:src\api\routes\scheduler.py
DA:12,0
DA:13,0
DA:14,0
DA:15,0
DA:17,0
DA:18,0
DA:19,0
DA:21,0
DA:22,0
DA:26,0
DA:28,0
DA:29,0
DA:30,0
DA:31,0
DA:32,0
DA:33,0
DA:36,0
DA:38,0
DA:39,0
DA:40,0
DA:41,0
DA:44,0
DA:46,0
DA:47,0
DA:48,0
DA:49,0
DA:50,0
DA:51,0
DA:52,0
DA:53,0
DA:54,0
DA:55,0
DA:56,0
DA:59,0
DA:61,0
DA:62,0
DA:63,0
DA:64,0
DA:67,0
DA:69,0
DA:70,0
DA:71,0
DA:72,0
DA:77,0
DA:78,0
DA:112,0
DA:114,0
DA:123,0
DA:125,0
DA:131,0
DA:132,0
DA:133,0
DA:134,0
DA:135,0
DA:138,0
DA:139,0
DA:158,0
DA:159,0
DA:165,0
DA:167,0
DA:169,0
DA:175,0
DA:176,0
DA:177,0
DA:180,0
DA:181,0
DA:193,0
DA:194,0
DA:196,0
DA:197,0
DA:199,0
DA:200,0
DA:201,0
DA:202,0
DA:203,0
DA:204,0
DA:207,0
DA:208,0
DA:229,0
DA:230,0
DA:238,0
DA:239,0
DA:241,0
DA:243,0
DA:244,0
DA:245,0
DA:246,0
DA:247,0
DA:248,0
DA:249,0
DA:250,0
DA:253,0
DA:254,0
DA:266,0
DA:267,0
DA:269,0
DA:270,0
DA:272,0
DA:274,0
DA:275,0
DA:276,0
DA:277,0
DA:278,0
LF:103
LH:0
FN:78,135,create_schedule
FNDA:0,create_schedule
FN:139,177,list_schedules
FNDA:0,list_schedules
FN:181,204,get_schedule
FNDA:0,get_schedule
FN:208,250,update_schedule
FNDA:0,update_schedule
FN:254,278,delete_schedule
FNDA:0,delete_schedule
FNF:5
FNH:0
BRDA:196,0,jump to line 197,-
BRDA:196,0,jump to line 199,-
BRDA:238,0,jump to line 239,-
BRDA:238,0,jump to line 241,-
BRDA:269,0,jump to line 270,-
BRDA:269,0,jump to line 272,-
BRF:6
BRH:0
end_of_record
SF:src\api\routes\stream_quality.py
DA:1,1
DA:2,1
DA:3,1
DA:4,1
DA:6,1
DA:7,1
DA:8,1
DA:9,1
DA:10,1
DA:11,1
DA:12,1
DA:19,1
DA:21,1
DA:22,1
DA:32,0
DA:33,0
DA:34,0
DA:35,0
DA:39,0
DA:42,0
DA:45,0
DA:46,0
DA:49,0
DA:51,0
DA:52,0
DA:53,0
DA:55,0
DA:57,1
DA:58,1
DA:69,0
DA:70,0
DA:71,0
DA:72,0
DA:73,0
DA:74,0
DA:75,0
DA:76,0
DA:77,0
DA:78,0
DA:79,0
DA:80,0
DA:81,0
DA:83,0
DA:85,0
DA:91,1
DA:92,1
DA:101,0
DA:103,1
DA:104,1
DA:116,0
DA:118,0
DA:122,0
DA:124,0
DA:130,0
LF:54
LH:20
FN:22,55,get_current_stream_quality
FNDA:0,get_current_stream_quality
FN:58,89,get_stream_quality_history
FNDA:0,get_stream_quality_history
FN:92,101,update_alert_config
FNDA:0,update_alert_config
FN:104,130,get_alert_config
FNDA:0,get_alert_config
FNF:4
FNH:0
BRDA:32,0,jump to line 33,-
BRDA:32,0,jump to line 51,-
BRDA:35,0,jump to line 39,-
BRDA:35,0,jump to line 42,-
BRDA:42,0,jump to line 45,-
BRDA:42,0,jump to line 51,-
BRDA:45,0,jump to line 46,-
BRDA:45,0,jump to line 49,-
BRDA:52,0,jump to line 53,-
BRDA:52,0,jump to line 55,-
BRDA:70,0,jump to line 71,-
BRDA:70,0,jump to line 72,-
BRDA:72,0,jump to line 73,-
BRDA:72,0,jump to line 74,-
BRDA:74,0,jump to line 75,-
BRDA:74,0,jump to line 76,-
BRDA:76,0,jump to line 77,-
BRDA:76,0,jump to line 78,-
BRDA:78,0,jump to line 79,-
BRDA:78,0,jump to line 80,-
BRDA:80,0,jump to line 81,-
BRDA:80,0,jump to line 83,-
BRDA:122,0,jump to line 124,-
BRDA:122,0,jump to line 130,-
BRF:24
BRH:0
end_of_record
SF:src\api\schedule.py
DA:11,0
DA:12,0
DA:13,0
DA:14,0
DA:15,0
DA:16,0
DA:17,0
DA:18,0
DA:20,0
DA:21,0
DA:22,0
DA:23,0
DA:24,0
DA:26,0
DA:27,0
DA:32,0
DA:34,0
DA:35,0
DA:36,0
DA:37,0
DA:38,0
DA:41,0
DA:43,0
DA:44,0
DA:45,0
DA:46,0
DA:47,0
DA:48,0
DA:49,0
DA:50,0
DA:51,0
DA:52,0
DA:53,0
DA:54,0
DA:57,0
DA:59,0
DA:60,0
DA:61,0
DA:62,0
DA:63,0
DA:64,0
DA:65,0
DA:66,0
DA:67,0
DA:68,0
DA:69,0
DA:70,0
DA:73,0
DA:75,0
DA:76,0
DA:77,0
DA:78,0
DA:79,0
DA:80,0
DA:81,0
DA:82,0
DA:83,0
DA:84,0
DA:85,0
DA:86,0
DA:87,0
DA:88,0
DA:89,0
DA:90,0
DA:92,0
DA:95,0
DA:97,0
DA:98,0
DA:99,0
DA:100,0
DA:101,0
DA:104,0
DA:106,0
DA:107,0
DA:108,0
DA:109,0
DA:110,0
DA:111,0
DA:112,0
DA:114,0
DA:117,0
DA:119,0
DA:120,0
DA:121,0
DA:122,0
DA:123,0
DA:124,0
DA:125,0
DA:126,0
DA:127,0
DA:130,0
DA:132,0
DA:133,0
DA:134,0
DA:135,0
DA:136,0
DA:137,0
DA:138,0
DA:139,0
DA:142,0
DA:144,0
DA:145,0
DA:146,0
DA:147,0
DA:148,0
DA:149,0
DA:150,0
DA:151,0
DA:152,0
DA:153,0
DA:154,0
DA:155,0
DA:156,0
DA:157,0
DA:158,0
DA:160,0
DA:165,0
DA:167,0
DA:168,0
DA:169,0
DA:170,0
DA:171,0
DA:174,0
DA:176,0
DA:177,0
DA:178,0
DA:179,0
DA:180,0
DA:181,0
DA:182,0
DA:185,0
DA:187,0
DA:188,0
DA:189,0
DA:190,0
DA:191,0
DA:192,0
DA:193,0
DA:194,0
DA:195,0
DA:196,0
DA:197,0
DA:199,0
DA:202,0
DA:204,0
DA:207,0
DA:209,0
DA:210,0
DA:211,0
DA:214,0
DA:216,0
DA:217,0
DA:218,0
DA:221,0
DA:223,0
DA:224,0
DA:225,0
DA:230,0
DA:232,0
DA:233,0
DA:234,0
DA:235,0
DA:236,0
DA:239,0
DA:241,0
DA:244,0
DA:253,0
DA:275,0
DA:276,0
DA:277,0
DA:282,0
DA:283,0
DA:296,0
DA:297,0
DA:298,0
DA:300,0
DA:307,0
DA:308,0
DA:309,0
DA:310,0
DA:311,0
DA:312,0
DA:314,0
DA:333,0
DA:336,0
DA:337,0
DA:349,0
DA:352,0
DA:353,0
DA:356,0
DA:362,0
DA:363,0
DA:365,0
DA:366,0
DA:368,0
DA:370,0
DA:373,0
DA:374,0
DA:375,0
DA:376,0
DA:377,0
DA:379,0
DA:380,0
DA:382,0
DA:383,0
DA:385,0
DA:386,0
DA:388,0
DA:389,0
DA:391,0
DA:392,0
DA:394,0
DA:395,0
DA:397,0
DA:398,0
DA:399,0
DA:401,0
DA:402,0
DA:403,0
DA:404,0
DA:405,0
DA:407,0
DA:427,0
DA:430,0
DA:431,0
DA:432,0
DA:433,0
DA:434,0
DA:435,0
DA:436,0
DA:437,0
DA:438,0
DA:439,0
DA:440,0
DA:441,0
DA:443,0
DA:448,0
DA:450,0
DA:453,0
DA:454,0
DA:461,0
DA:462,0
DA:464,0
DA:465,0
DA:467,0
DA:472,0
DA:482,0
DA:483,0
DA:493,0
DA:494,0
DA:496,0
DA:497,0
DA:498,0
DA:499,0
DA:501,0
DA:502,0
DA:503,0
DA:504,0
DA:505,0
DA:507,0
DA:508,0
DA:509,0
DA:510,0
DA:512,0
DA:513,0
DA:515,0
DA:517,0
DA:519,0
DA:522,0
DA:523,0
DA:532,0
DA:533,0
DA:534,0
DA:536,0
DA:541,0
DA:542,0
DA:544,0
DA:545,0
DA:546,0
DA:565,0
DA:567,0
DA:568,0
DA:569,0
DA:570,0
DA:571,0
DA:572,0
DA:591,0
DA:594,0
DA:597,0
DA:598,0
DA:601,0
DA:602,0
DA:609,0
DA:610,0
DA:611,0
DA:614,0
DA:615,0
DA:618,0
DA:619,0
DA:622,0
DA:623,0
DA:626,0
DA:627,0
DA:628,0
DA:629,0
DA:630,0
DA:631,0
DA:633,0
DA:649,0
DA:650,0
DA:651,0
DA:653,0
DA:673,0
DA:674,0
DA:681,0
DA:682,0
DA:683,0
DA:686,0
DA:688,0
DA:689,0
DA:690,0
DA:691,0
DA:692,0
DA:693,0
DA:696,0
DA:697,0
DA:698,0
DA:700,0
DA:701,0
DA:703,0
DA:704,0
DA:706,0
DA:707,0
DA:709,0
DA:710,0
DA:711,0
DA:712,0
DA:714,0
DA:734,0
DA:735,0
DA:741,0
DA:742,0
DA:743,0
DA:745,0
DA:746,0
DA:749,0
DA:754,0
DA:755,0
DA:767,0
DA:774,0
DA:775,0
DA:782,0
DA:783,0
DA:784,0
DA:786,0
DA:787,0
DA:788,0
DA:790,0
DA:792,0
DA:796,0
DA:797,0
DA:799,0
DA:813,0
DA:814,0
DA:815,0
DA:821,0
DA:823,0
DA:833,0
DA:834,0
DA:840,0
DA:847,0
DA:848,0
DA:855,0
DA:857,0
DA:871,0
DA:872,0
DA:878,0
DA:887,0
DA:888,0
DA:889,0
DA:891,0
DA:902,0
DA:903,0
DA:913,0
DA:917,0
DA:918,0
DA:921,0
DA:922,0
DA:924,0
DA:925,0
DA:927,0
DA:928,0
DA:929,0
DA:930,0
DA:933,0
DA:934,0
DA:935,0
DA:937,0
DA:939,0
DA:950,0
DA:951,0
DA:953,0
DA:955,0
DA:962,0
DA:963,0
DA:969,0
DA:974,0
DA:975,0
DA:977,0
DA:978,0
DA:980,0
DA:985,0
DA:986,0
DA:993,0
DA:994,0
DA:996,0
DA:998,0
DA:999,0
DA:1006,0
DA:1008,0
DA:1030,0
DA:1031,0
DA:1038,0
DA:1039,0
DA:1041,0
DA:1055,0
DA:1056,0
DA:1057,0
DA:1059,0
DA:1076,0
DA:1077,0
DA:1084,0
DA:1089,0
DA:1090,0
DA:1092,0
DA:1095,0
DA:1096,0
DA:1097,0
DA:1098,0
DA:1100,0
DA:1101,0
DA:1103,0
DA:1104,0
DA:1106,0
DA:1123,0
DA:1124,0
DA:1130,0
DA:1135,0
DA:1136,0
DA:1139,0
DA:1140,0
DA:1141,0
DA:1144,0
DA:1145,0
DA:1148,0
DA:1153,0
DA:1154,0
DA:1161,0
DA:1162,0
DA:1164,0
DA:1166,0
DA:1167,0
DA:1174,0
DA:1176,0
DA:1194,0
DA:1195,0
DA:1201,0
DA:1202,0
DA:1204,0
DA:1206,0
DA:1207,0
DA:1214,0
DA:1216,0
DA:1217,0
DA:1218,0
DA:1219,0
DA:1253,0
DA:1256,0
DA:1257,0
DA:1263,0
DA:1268,0
DA:1278,0
DA:1279,0
DA:1280,0
DA:1282,0
DA:1297,0
DA:1298,0
DA:1305,0
DA:1306,0
DA:1308,0
DA:1313,0
DA:1314,0
DA:1316,0
DA:1317,0
DA:1318,0
DA:1320,0
DA:1321,0
DA:1323,0
DA:1338,0
DA:1339,0
DA:1345,0
DA:1346,0
DA:1348,0
DA:1353,0
DA:1354,0
DA:1356,0
DA:1357,0
DA:1358,0
DA:1360,0
DA:1363,0
DA:1364,0
DA:1372,0
DA:1373,0
DA:1375,0
DA:1380,0
DA:1381,0
DA:1383,0
DA:1384,0
DA:1388,0
DA:1389,0
DA:1390,0
DA:1392,0
DA:1394,0
DA:1395,0
DA:1397,0
DA:1398,0
DA:1400,0
DA:1419,0
DA:1420,0
DA:1429,0
DA:1430,0
DA:1431,0
DA:1437,0
DA:1438,0
DA:1439,0
DA:1440,0
DA:1442,0
DA:1449,0
DA:1451,0
DA:1453,0
DA:1454,0
DA:1456,0
DA:1457,0
DA:1460,0
DA:1461,0
DA:1462,0
DA:1463,0
DA:1464,0
DA:1465,0
DA:1466,0
DA:1467,0
DA:1468,0
DA:1469,0
DA:1470,0
DA:1471,0
DA:1472,0
DA:1473,0
DA:1474,0
DA:1477,0
DA:1478,0
DA:1481,0
DA:1482,0
DA:1484,0
DA:1485,0
DA:1487,0
DA:1488,0
DA:1489,0
DA:1491,0
LF:568
LH:0
FN:230,236,parse_time
FNDA:0,parse_time
FN:239,241,format_time
FNDA:0,format_time
FN:244,277,check_slot_overlap
FNDA:0,check_slot_overlap
FN:283,333,get_schedule_slots
FNDA:0,get_schedule_slots
FN:337,450,get_calendar_view
FNDA:0,get_calendar_view
FN:454,519,debug_calendar_view
FNDA:0,debug_calendar_view
FN:523,598,expand_schedule
FNDA:0,expand_schedule
FN:602,670,create_schedule_slot
FNDA:0,create_schedule_slot
FN:674,731,update_schedule_slot
FNDA:0,update_schedule_slot
FN:735,749,delete_schedule_slot
FNDA:0,delete_schedule_slot
FN:755,828,copy_schedule
FNDA:0,copy_schedule
FN:834,868,get_templates
FNDA:0,get_templates
FN:872,899,create_template
FNDA:0,create_template
FN:903,959,apply_template
FNDA:0,apply_template
FN:963,980,delete_template
FNDA:0,delete_template
FN:986,1027,get_playlists
FNDA:0,get_playlists
FN:1031,1073,create_playlist
FNDA:0,create_playlist
FN:1077,1120,update_playlist
FNDA:0,update_playlist
FN:1124,1148,delete_playlist
FNDA:0,delete_playlist
FN:1154,1191,get_playlist_groups
FNDA:0,get_playlist_groups
FN:1195,1253,get_playlist_groups_with_playlists
FNDA:0,get_playlist_groups_with_playlists
FN:1257,1294,create_playlist_group
FNDA:0,create_playlist_group
FN:1298,1335,update_playlist_group
FNDA:0,update_playlist_group
FN:1339,1360,delete_playlist_group
FNDA:0,delete_playlist_group
FN:1364,1416,move_playlist_to_group
FNDA:0,move_playlist_to_group
FN:1420,1497,get_active_channel_playlist
FNDA:0,get_active_channel_playlist
FNF:26
FNH:0
BRDA:275,0,jump to line 276,-
BRDA:275,0,jump to line 277,-
BRDA:297,0,jump to line 298,-
BRDA:297,0,jump to line 300,-
BRDA:308,0,jump to line 309,-
BRDA:308,0,jump to line 333,-
BRDA:310,0,jump to line 311,-
BRDA:310,0,jump to line 314,-
BRDA:365,0,jump to line 366,-
BRDA:365,0,jump to line 450,-
BRDA:368,0,jump to line 370,-
BRDA:368,0,jump to line 427,-
BRDA:373,0,jump to line 374,-
BRDA:373,0,jump to line 379,-
BRDA:374,0,jump to line 375,-
BRDA:374,0,jump to line 376,-
BRDA:376,0,jump to line 377,-
BRDA:376,0,jump to line 379,-
BRDA:379,0,jump to line 380,-
BRDA:379,0,jump to line 382,-
BRDA:382,0,jump to line 383,-
BRDA:382,0,jump to line 385,-
BRDA:385,0,jump to line 386,-
BRDA:385,0,jump to line 388,-
BRDA:388,0,jump to line 389,-
BRDA:388,0,jump to line 391,-
BRDA:391,0,jump to line 392,-
BRDA:391,0,jump to line 394,-
BRDA:394,0,jump to line 395,-
BRDA:394,0,jump to line 401,-
BRDA:395,0,jump to line 397,-
BRDA:395,0,jump to line 401,-
BRDA:398,0,jump to line 399,-
BRDA:398,0,jump to line 401,-
BRDA:401,0,jump to line 368,-
BRDA:401,0,jump to line 402,-
BRDA:403,0,jump to line 404,-
BRDA:403,0,jump to line 407,-
BRDA:431,0,jump to line 432,-
BRDA:431,0,jump to line 443,-
BRDA:432,0,jump to line 433,-
BRDA:432,0,jump to line 440,-
BRDA:437,0,jump to line 432,-
BRDA:437,0,jump to line 438,-
BRDA:440,0,jump to line 431,-
BRDA:440,0,jump to line 441,-
BRDA:482,0,jump to line 483,-
BRDA:482,0,jump to line 493,-
BRDA:496,0,jump to line 497,-
BRDA:496,0,jump to line 517,-
BRDA:498,0,jump to line 499,-
BRDA:498,0,jump to line 515,-
BRDA:501,0,jump to line 502,-
BRDA:501,0,jump to line 507,-
BRDA:502,0,jump to line 503,-
BRDA:502,0,jump to line 504,-
BRDA:504,0,jump to line 505,-
BRDA:504,0,jump to line 507,-
BRDA:507,0,jump to line 508,-
BRDA:507,0,jump to line 509,-
BRDA:509,0,jump to line 510,-
BRDA:509,0,jump to line 512,-
BRDA:512,0,jump to line 498,-
BRDA:512,0,jump to line 513,-
BRDA:533,0,jump to line 534,-
BRDA:533,0,jump to line 536,-
BRDA:542,0,jump to line 544,-
BRDA:542,0,jump to line 597,-
BRDA:544,0,jump to line 545,-
BRDA:544,0,jump to line 565,-
BRDA:545,0,jump to line 542,-
BRDA:545,0,jump to line 546,-
BRDA:565,0,jump to line 567,-
BRDA:565,0,jump to line 594,-
BRDA:571,0,jump to line 542,-
BRDA:571,0,jump to line 572,-
BRDA:610,0,jump to line 611,-
BRDA:610,0,jump to line 614,-
BRDA:618,0,jump to line 619,-
BRDA:618,0,jump to line 622,-
BRDA:622,0,jump to line 623,-
BRDA:622,0,jump to line 626,-
BRDA:627,0,jump to line 628,-
BRDA:627,0,jump to line 633,-
BRDA:629,0,jump to line 630,-
BRDA:629,0,jump to line 631,-
BRDA:682,0,jump to line 683,-
BRDA:682,0,jump to line 686,-
BRDA:688,0,jump to line 689,-
BRDA:688,0,jump to line 690,-
BRDA:690,0,jump to line 691,-
BRDA:690,0,jump to line 692,-
BRDA:692,0,jump to line 693,-
BRDA:692,0,jump to line 696,-
BRDA:700,0,jump to line 701,-
BRDA:700,0,jump to line 703,-
BRDA:703,0,jump to line 704,-
BRDA:703,0,jump to line 706,-
BRDA:710,0,jump to line 711,-
BRDA:710,0,jump to line 714,-
BRDA:742,0,jump to line 743,-
BRDA:742,0,jump to line 745,-
BRDA:774,0,jump to line 775,-
BRDA:774,0,jump to line 782,-
BRDA:786,0,jump to line 787,-
BRDA:786,0,jump to line 821,-
BRDA:787,0,jump to line 788,-
BRDA:787,0,jump to line 790,-
BRDA:790,0,jump to line 786,-
BRDA:790,0,jump to line 792,-
BRDA:792,0,jump to line 796,-
BRDA:792,0,jump to line 799,-
BRDA:847,0,jump to line 848,-
BRDA:847,0,jump to line 855,-
BRDA:917,0,jump to line 918,-
BRDA:917,0,jump to line 921,-
BRDA:921,0,jump to line 922,-
BRDA:921,0,jump to line 924,-
BRDA:927,0,jump to line 928,-
BRDA:927,0,jump to line 953,-
BRDA:928,0,jump to line 927,-
BRDA:928,0,jump to line 929,-
BRDA:933,0,jump to line 934,-
BRDA:933,0,jump to line 937,-
BRDA:974,0,jump to line 975,-
BRDA:974,0,jump to line 977,-
BRDA:993,0,jump to line 994,-
BRDA:993,0,jump to line 996,-
BRDA:998,0,jump to line 999,-
BRDA:998,0,jump to line 1006,-
BRDA:1089,0,jump to line 1090,-
BRDA:1089,0,jump to line 1092,-
BRDA:1095,0,jump to line 1096,-
BRDA:1095,0,jump to line 1100,-
BRDA:1100,0,jump to line 1101,-
BRDA:1100,0,jump to line 1103,-
BRDA:1135,0,jump to line 1136,-
BRDA:1135,0,jump to line 1139,-
BRDA:1140,0,jump to line 1141,-
BRDA:1140,0,jump to line 1144,-
BRDA:1161,0,jump to line 1162,-
BRDA:1161,0,jump to line 1164,-
BRDA:1166,0,jump to line 1167,-
BRDA:1166,0,jump to line 1174,-
BRDA:1201,0,jump to line 1202,-
BRDA:1201,0,jump to line 1204,-
BRDA:1206,0,jump to line 1207,-
BRDA:1206,0,jump to line 1214,-
BRDA:1217,0,jump to line 1218,-
BRDA:1217,0,jump to line 1253,-
BRDA:1305,0,jump to line 1306,-
BRDA:1305,0,jump to line 1308,-
BRDA:1313,0,jump to line 1314,-
BRDA:1313,0,jump to line 1316,-
BRDA:1317,0,jump to line 1318,-
BRDA:1317,0,jump to line 1320,-
BRDA:1345,0,jump to line 1346,-
BRDA:1345,0,jump to line 1348,-
BRDA:1353,0,jump to line 1354,-
BRDA:1353,0,jump to line 1356,-
BRDA:1372,0,jump to line 1373,-
BRDA:1372,0,jump to line 1375,-
BRDA:1380,0,jump to line 1381,-
BRDA:1380,0,jump to line 1383,-
BRDA:1383,0,jump to line 1384,-
BRDA:1383,0,jump to line 1392,-
BRDA:1388,0,jump to line 1389,-
BRDA:1388,0,jump to line 1390,-
BRDA:1394,0,jump to line 1395,-
BRDA:1394,0,jump to line 1397,-
BRDA:1451,0,jump to line 1453,-
BRDA:1451,0,jump to line 1484,-
BRDA:1453,0,jump to line 1454,-
BRDA:1453,0,jump to line 1456,-
BRDA:1456,0,jump to line 1457,-
BRDA:1456,0,jump to line 1460,-
BRDA:1460,0,jump to line 1461,-
BRDA:1460,0,jump to line 1463,-
BRDA:1461,0,jump to line 1462,-
BRDA:1461,0,jump to line 1481,-
BRDA:1463,0,jump to line 1464,-
BRDA:1463,0,jump to line 1465,-
BRDA:1465,0,jump to line 1466,-
BRDA:1465,0,jump to line 1468,-
BRDA:1466,0,jump to line 1467,-
BRDA:1466,0,jump to line 1481,-
BRDA:1468,0,jump to line 1469,-
BRDA:1468,0,jump to line 1471,-
BRDA:1469,0,jump to line 1470,-
BRDA:1469,0,jump to line 1481,-
BRDA:1471,0,jump to line 1472,-
BRDA:1471,0,jump to line 1474,-
BRDA:1472,0,jump to line 1473,-
BRDA:1472,0,jump to line 1481,-
BRDA:1474,0,jump to line 1477,-
BRDA:1474,0,jump to line 1481,-
BRDA:1477,0,jump to line 1478,-
BRDA:1477,0,jump to line 1481,-
BRDA:1484,0,jump to line 1485,-
BRDA:1484,0,jump to line 1487,-
BRDA:1488,0,jump to line 1489,-
BRDA:1488,0,jump to line 1491,-
BRF:202
BRH:0
end_of_record
SF:src\api\schedule\__init__.py
DA:17,1
DA:18,1
DA:33,1
DA:39,1
LF:4
LH:4
end_of_record
SF:src\api\schedule\groups.py
DA:8,1
DA:9,1
DA:11,1
DA:12,1
DA:13,1
DA:15,1
DA:16,1
DA:17,1
DA:18,1
DA:20,1
DA:28,1
DA:31,1
DA:32,1
DA:38,0
DA:39,0
DA:41,0
DA:43,0
DA:44,0
DA:51,0
DA:53,0
DA:71,1
DA:72,1
DA:78,0
DA:79,0
DA:81,0
DA:83,0
DA:84,0
DA:91,0
DA:93,0
DA:94,0
DA:95,0
DA:96,0
DA:130,0
DA:133,1
DA:134,1
DA:140,0
DA:145,0
DA:155,0
DA:156,0
DA:157,0
DA:159,0
DA:174,1
DA:175,1
DA:182,0
DA:183,0
DA:185,0
DA:190,0
DA:191,0
DA:193,0
DA:194,0
DA:195,0
DA:197,0
DA:198,0
DA:200,0
DA:215,1
DA:216,1
DA:222,0
DA:223,0
DA:225,0
DA:230,0
DA:231,0
DA:234,0
DA:235,0
DA:237,0
LF:64
LH:21
FN:32,68,get_playlist_groups
FNDA:0,get_playlist_groups
FN:72,130,get_playlist_groups_with_playlists
FNDA:0,get_playlist_groups_with_playlists
FN:134,171,create_playlist_group
FNDA:0,create_playlist_group
FN:175,212,update_playlist_group
FNDA:0,update_playlist_group
FN:216,237,delete_playlist_group
FNDA:0,delete_playlist_group
FNF:5
FNH:0
BRDA:38,0,jump to line 39,-
BRDA:38,0,jump to line 41,-
BRDA:43,0,jump to line 44,-
BRDA:43,0,jump to line 51,-
BRDA:78,0,jump to line 79,-
BRDA:78,0,jump to line 81,-
BRDA:83,0,jump to line 84,-
BRDA:83,0,jump to line 91,-
BRDA:94,0,jump to line 95,-
BRDA:94,0,jump to line 130,-
BRDA:182,0,jump to line 183,-
BRDA:182,0,jump to line 185,-
BRDA:190,0,jump to line 191,-
BRDA:190,0,jump to line 193,-
BRDA:194,0,jump to line 195,-
BRDA:194,0,jump to line 197,-
BRDA:222,0,jump to line 223,-
BRDA:222,0,jump to line 225,-
BRDA:230,0,jump to line 231,-
BRDA:230,0,jump to line 234,-
BRF:20
BRH:0
end_of_record
SF:src\api\schedule\playlists.py
DA:9,1
DA:10,1
DA:11,1
DA:13,1
DA:14,1
DA:15,1
DA:16,1
DA:18,1
DA:19,1
DA:20,1
DA:21,1
DA:23,1
DA:30,1
DA:35,0
DA:36,0
DA:38,0
DA:39,0
DA:41,0
DA:42,0
DA:44,0
DA:45,0
DA:46,0
DA:48,0
DA:49,0
DA:50,0
DA:51,0
DA:52,0
DA:53,0
DA:54,0
DA:55,0
DA:56,0
DA:58,0
DA:59,0
DA:61,0
DA:62,0
DA:63,0
DA:64,0
DA:65,0
DA:66,0
DA:67,0
DA:68,0
DA:76,0
DA:79,1
DA:81,0
DA:82,0
DA:84,0
DA:85,0
DA:87,0
DA:89,0
DA:91,0
DA:92,0
DA:93,0
DA:94,0
DA:95,0
DA:96,0
DA:97,0
DA:99,0
DA:100,0
DA:109,0
DA:110,0
DA:112,0
DA:121,0
DA:123,1
DA:126,1
DA:127,1
DA:133,0
DA:135,0
DA:136,0
DA:143,0
DA:145,0
DA:169,1
DA:170,1
DA:177,0
DA:178,0
DA:179,0
DA:182,0
DA:183,0
DA:185,0
DA:199,0
DA:200,0
DA:201,0
DA:203,0
DA:224,1
DA:225,1
DA:232,0
DA:237,0
DA:238,0
DA:240,0
DA:244,0
DA:245,0
DA:247,0
DA:249,0
DA:250,0
DA:251,0
DA:252,0
DA:253,0
DA:254,0
DA:255,0
DA:256,0
DA:259,0
DA:260,0
DA:261,0
DA:262,0
DA:264,0
DA:265,0
DA:267,0
DA:268,0
DA:270,0
DA:291,1
DA:292,1
DA:298,0
DA:303,0
DA:304,0
DA:307,0
DA:311,0
DA:312,0
DA:315,0
DA:316,0
DA:318,0
DA:321,1
DA:322,1
DA:336,0
DA:338,0
DA:339,0
DA:340,0
DA:341,0
DA:344,0
DA:353,0
DA:354,0
DA:359,0
DA:360,0
DA:361,0
DA:362,0
DA:364,0
DA:365,0
DA:374,0
DA:379,0
DA:380,0
DA:381,0
DA:382,0
DA:384,0
DA:385,0
DA:394,0
DA:403,1
DA:404,1
DA:413,0
DA:414,0
DA:416,0
DA:421,0
DA:422,0
DA:424,0
DA:425,0
DA:429,0
DA:430,0
DA:431,0
DA:433,0
DA:435,0
DA:436,0
DA:438,0
DA:439,0
DA:441,0
DA:462,1
DA:463,1
DA:474,0
DA:475,0
DA:476,0
DA:477,0
DA:480,0
DA:485,0
DA:486,0
DA:489,0
DA:490,0
DA:494,0
DA:495,0
DA:498,0
DA:501,0
DA:507,0
DA:508,0
DA:510,0
DA:511,0
DA:513,0
DA:523,0
DA:524,0
DA:527,0
DA:528,0
DA:529,0
DA:531,0
DA:537,0
DA:539,0
DA:541,0
DA:542,0
DA:544,0
LF:192
LH:29
FN:30,76,_maybe_expand_gdrive_folder_items
FNDA:0,_maybe_expand_gdrive_folder_items
FN:79,121,_maybe_expand_local_folder_items
FNDA:0,_maybe_expand_local_folder_items
FN:127,166,get_playlists
FNDA:0,get_playlists
FN:170,221,create_playlist
FNDA:0,create_playlist
FN:225,288,update_playlist
FNDA:0,update_playlist
FN:292,318,delete_playlist
FNDA:0,delete_playlist
FN:322,400,get_channel_active_playlist
FNDA:0,get_channel_active_playlist
FN:404,459,move_playlist_to_group
FNDA:0,move_playlist_to_group
FN:463,548,play_playlist_now
FNDA:0,play_playlist_now
FNF:9
FNH:0
BRDA:35,0,jump to line 36,-
BRDA:35,0,jump to line 38,-
BRDA:38,0,jump to line 39,-
BRDA:38,0,jump to line 41,-
BRDA:45,0,jump to line 46,-
BRDA:45,0,jump to line 48,-
BRDA:62,0,jump to line 63,-
BRDA:62,0,jump to line 76,-
BRDA:65,0,jump to line 66,-
BRDA:65,0,jump to line 67,-
BRDA:81,0,jump to line 82,-
BRDA:81,0,jump to line 84,-
BRDA:84,0,jump to line 85,-
BRDA:84,0,jump to line 87,-
BRDA:100,0,jump to line 109,-
BRDA:100,0,jump to line 121,-
BRDA:135,0,jump to line 136,-
BRDA:135,0,jump to line 143,-
BRDA:178,0,jump to line 179,-
BRDA:178,0,jump to line 182,-
BRDA:237,0,jump to line 238,-
BRDA:237,0,jump to line 240,-
BRDA:249,0,jump to line 250,-
BRDA:249,0,jump to line 259,-
BRDA:250,0,jump to line 251,-
BRDA:250,0,jump to line 253,-
BRDA:253,0,jump to line 254,-
BRDA:253,0,jump to line 259,-
BRDA:255,0,jump to line 256,-
BRDA:255,0,jump to line 259,-
BRDA:259,0,jump to line 260,-
BRDA:259,0,jump to line 264,-
BRDA:264,0,jump to line 265,-
BRDA:264,0,jump to line 267,-
BRDA:303,0,jump to line 304,-
BRDA:303,0,jump to line 307,-
BRDA:311,0,jump to line 312,-
BRDA:311,0,jump to line 315,-
BRDA:353,0,jump to line 354,-
BRDA:353,0,jump to line 374,-
BRDA:359,0,jump to line 360,-
BRDA:359,0,jump to line 374,-
BRDA:361,0,jump to line 362,-
BRDA:361,0,jump to line 364,-
BRDA:364,0,jump to line 365,-
BRDA:364,0,jump to line 374,-
BRDA:379,0,jump to line 380,-
BRDA:379,0,jump to line 394,-
BRDA:381,0,jump to line 382,-
BRDA:381,0,jump to line 384,-
BRDA:384,0,jump to line 379,-
BRDA:384,0,jump to line 385,-
BRDA:413,0,jump to line 414,-
BRDA:413,0,jump to line 416,-
BRDA:421,0,jump to line 422,-
BRDA:421,0,jump to line 424,-
BRDA:424,0,jump to line 425,-
BRDA:424,0,jump to line 433,-
BRDA:429,0,jump to line 430,-
BRDA:429,0,jump to line 431,-
BRDA:435,0,jump to line 436,-
BRDA:435,0,jump to line 438,-
BRDA:485,0,jump to line 486,-
BRDA:485,0,jump to line 489,-
BRDA:494,0,jump to line 495,-
BRDA:494,0,jump to line 498,-
BRDA:507,0,jump to line 508,-
BRDA:507,0,jump to line 513,-
BRDA:508,0,jump to line 507,-
BRDA:508,0,jump to line 510,-
BRDA:510,0,jump to line 507,-
BRDA:510,0,jump to line 511,-
BRF:72
BRH:0
end_of_record
SF:src\api\schedule\router.py
DA:11,1
DA:13,1
DA:14,1
DA:15,1
DA:16,1
DA:17,1
DA:20,1
DA:23,1
DA:24,1
DA:25,1
DA:26,1
DA:27,1
DA:30,1
LF:13
LH:13
end_of_record
SF:src\api\schedule\schemas.py
DA:5,1
DA:6,1
DA:7,1
DA:9,1
DA:12,1
DA:14,1
DA:15,1
DA:16,1
DA:17,1
DA:18,1
DA:21,1
DA:23,1
DA:24,1
DA:25,1
DA:26,1
DA:27,1
DA:28,1
DA:29,1
DA:30,1
DA:31,1
DA:32,1
DA:33,1
DA:34,1
DA:37,1
DA:39,1
DA:40,1
DA:41,1
DA:42,1
DA:43,1
DA:44,1
DA:45,1
DA:46,1
DA:47,1
DA:48,1
DA:49,1
DA:50,1
DA:53,1
DA:55,1
DA:56,1
DA:57,1
DA:58,1
DA:59,1
DA:60,1
DA:61,1
DA:62,1
DA:63,1
DA:64,1
DA:65,1
DA:66,1
DA:67,1
DA:68,1
DA:69,1
DA:70,1
DA:72,1
DA:75,1
DA:77,1
DA:78,1
DA:79,1
DA:80,1
DA:81,1
DA:84,1
DA:86,1
DA:87,1
DA:88,1
DA:89,1
DA:90,1
DA:91,1
DA:92,1
DA:94,1
DA:97,1
DA:99,1
DA:100,1
DA:101,1
DA:102,1
DA:103,1
DA:104,1
DA:105,1
DA:106,1
DA:109,1
DA:111,1
DA:112,1
DA:113,1
DA:114,1
DA:115,1
DA:116,1
DA:117,1
DA:120,1
DA:122,1
DA:123,1
DA:124,1
DA:125,1
DA:126,1
DA:127,1
DA:128,1
DA:129,1
DA:130,1
DA:131,1
DA:132,1
DA:133,1
DA:134,1
DA:135,1
DA:136,1
DA:137,1
DA:138,1
DA:140,1
DA:143,1
DA:145,1
DA:146,1
DA:147,1
DA:148,1
DA:149,1
DA:152,1
DA:154,1
DA:155,1
DA:156,1
DA:157,1
DA:158,1
DA:159,1
DA:160,1
DA:163,1
DA:165,1
DA:166,1
DA:167,1
DA:168,1
DA:169,1
DA:170,1
DA:171,1
DA:172,1
DA:173,1
DA:174,1
DA:175,1
DA:177,1
DA:180,1
DA:182,1
DA:185,1
DA:187,1
DA:188,1
DA:189,1
DA:192,1
DA:194,1
DA:195,1
DA:196,1
DA:199,1
DA:201,1
DA:202,1
DA:203,1
DA:204,1
DA:205,1
DA:206,1
DA:207,1
DA:210,1
DA:212,1
DA:213,1
DA:214,1
LF:154
LH:154
end_of_record
SF:src\api\schedule\sharing.py
DA:4,1
DA:5,1
DA:6,1
DA:7,1
DA:8,1
DA:9,1
DA:11,1
DA:12,1
DA:13,1
DA:14,1
DA:16,1
DA:18,1
DA:21,1
DA:23,1
DA:24,1
DA:25,1
DA:28,1
DA:30,1
DA:31,1
DA:34,1
DA:35,1
DA:40,0
DA:45,0
DA:67,1
DA:68,1
DA:74,0
DA:79,0
DA:80,0
DA:83,0
DA:86,0
DA:87,0
DA:89,0
DA:90,0
DA:92,0
DA:99,1
DA:100,1
DA:107,0
DA:112,0
DA:113,0
DA:116,0
DA:121,0
DA:136,0
DA:137,0
DA:138,0
DA:140,0
DA:159,1
DA:160,1
DA:166,0
DA:171,0
DA:172,0
DA:174,0
DA:175,0
DA:177,0
DA:180,1
DA:181,1
DA:188,0
DA:194,0
DA:195,0
DA:198,0
DA:203,0
DA:218,0
DA:219,0
DA:220,0
DA:222,0
LF:64
LH:29
FN:35,64,get_public_playlists
FNDA:0,get_public_playlists
FN:68,96,generate_share_code
FNDA:0,generate_share_code
FN:100,156,import_playlist_by_code
FNDA:0,import_playlist_by_code
FN:160,177,revoke_share_code
FNDA:0,revoke_share_code
FN:181,238,copy_public_playlist
FNDA:0,copy_public_playlist
FNF:5
FNH:0
BRDA:79,0,jump to line 80,-
BRDA:79,0,jump to line 83,-
BRDA:86,0,jump to line 87,-
BRDA:86,0,jump to line 89,-
BRDA:112,0,jump to line 113,-
BRDA:112,0,jump to line 116,-
BRDA:171,0,jump to line 172,-
BRDA:171,0,jump to line 174,-
BRDA:194,0,jump to line 195,-
BRDA:194,0,jump to line 198,-
BRF:10
BRH:0
end_of_record
SF:src\api\schedule\slots.py
DA:10,1
DA:11,1
DA:12,1
DA:14,1
DA:15,1
DA:16,1
DA:17,1
DA:19,1
DA:20,1
DA:21,1
DA:22,1
DA:23,1
DA:25,1
DA:33,1
DA:35,1
DA:38,1
DA:39,1
DA:51,0
DA:58,0
DA:59,0
DA:60,0
DA:61,0
DA:62,0
DA:63,0
DA:65,0
DA:84,0
DA:87,1
DA:88,1
DA:100,0
DA:102,0
DA:103,0
DA:104,0
DA:106,0
DA:114,0
DA:115,0
DA:116,0
DA:117,0
DA:118,0
DA:121,0
DA:122,0
DA:123,0
DA:124,0
DA:126,0
DA:127,0
DA:128,0
DA:137,0
DA:140,0
DA:141,0
DA:142,0
DA:143,0
DA:144,0
DA:145,0
DA:146,0
DA:147,0
DA:148,0
DA:149,0
DA:151,0
DA:161,1
DA:162,1
DA:176,0
DA:194,0
DA:196,0
DA:197,0
DA:199,0
DA:200,0
DA:219,0
DA:221,0
[...]
DA:257,0
DA:258,0
DA:259,0
DA:260,0
DA:261,0
DA:263,1
DA:268,0
DA:271,0
DA:272,0
DA:273,0
DA:275,0
DA:276,0
DA:278,0
DA:280,0
DA:283,0
DA:284,0
DA:285,0
DA:287,0
DA:288,0
DA:291,0
DA:292,0
DA:293,0
DA:294,0
DA:295,0
DA:296,0
DA:297,0
DA:298,0
DA:301,0
DA:302,0
DA:303,0
DA:304,0
DA:305,0
DA:306,0
DA:308,0
DA:309,0
DA:310,0
DA:311,0
DA:312,0
DA:313,0
DA:314,0
DA:315,0
DA:317,0
DA:319,0
DA:320,0
DA:321,0
DA:322,0
DA:323,0
DA:324,0
DA:327,0
DA:328,0
DA:331,0
DA:332,0
DA:333,0
DA:334,0
DA:336,0
DA:345,0
DA:346,0
DA:348,0
DA:349,0
DA:350,0
DA:351,0
DA:352,0
DA:354,0
DA:355,0
DA:356,0
DA:359,0
DA:360,0
DA:361,0
DA:362,0
DA:363,0
DA:364,0
DA:366,1
DA:368,0
DA:371,0
DA:372,0
DA:373,0
DA:375,0
DA:376,0
DA:378,0
DA:380,0
DA:381,0
DA:384,0
DA:385,0
DA:386,0
DA:388,0
DA:391,0
DA:394,0
DA:395,0
DA:396,0
DA:398,0
DA:406,0
DA:407,0
DA:408,0
DA:411,1
LF:255
LH:28
FN:36,38,RateLimitError.__init__
FNDA:0,RateLimitError.__init__
FN:42,45,TelegramAuthService.__init__
FNDA:1,TelegramAuthService.__init__
FN:47,48,TelegramAuthService._get_redis
FNDA:0,TelegramAuthService._get_redis
FN:50,129,TelegramAuthService.send_code
FNDA:0,TelegramAuthService.send_code
FN:131,261,TelegramAuthService.sign_in
FNDA:0,TelegramAuthService.sign_in
FN:263,364,TelegramAuthService.sign_in_public
FNDA:0,TelegramAuthService.sign_in_public
FN:366,408,TelegramAuthService.resend_code
FNDA:0,TelegramAuthService.resend_code
FNF:7
FNH:1
BRDA:56,0,jump to line 57,-
BRDA:56,0,jump to line 61,-
BRDA:61,0,jump to line 62,-
BRDA:61,0,jump to line 70,-
BRDA:120,0,jump to line 121,-
BRDA:120,0,jump to line 125,-
BRDA:135,0,jump to line 136,-
BRDA:135,0,jump to line 139,-
BRDA:148,0,jump to line 149,-
BRDA:148,0,jump to line 156,-
BRDA:156,0,jump to line 157,-
BRDA:156,0,jump to line 166,-
BRDA:205,0,jump to line 206,-
BRDA:205,0,jump to line 212,-
BRDA:234,0,jump to line 235,-
BRDA:234,0,jump to line 242,-
BRDA:271,0,jump to line 272,-
BRDA:271,0,jump to line 275,-
BRDA:283,0,jump to line 284,-
BRDA:283,0,jump to line 291,-
BRDA:291,0,jump to line 292,-
BRDA:291,0,jump to line 301,-
BRDA:348,0,jump to line 349,-
BRDA:348,0,jump to line 350,-
BRDA:354,0,jump to line 355,-
BRDA:354,0,jump to line 356,-
BRDA:371,0,jump to line 372,-
BRDA:371,0,jump to line 375,-
BRF:28
BRH:0
end_of_record
SF:src\services\telegram_rate_limiter.py
DA:16,1
DA:17,1
DA:18,1
DA:19,1
DA:20,1
DA:21,1
DA:22,1
DA:23,1
DA:25,1
DA:28,1
DA:30,1
DA:31,1
DA:32,1
DA:33,1
DA:34,1
DA:35,1
DA:36,1
DA:37,1
DA:38,1
DA:41,1
DA:42,1
DA:44,1
DA:45,1
DA:46,1
DA:47,1
DA:48,1
DA:49,1
DA:51,1
DA:52,1
DA:54,0
DA:55,0
DA:56,0
DA:58,1
DA:59,1
DA:61,0
DA:62,0
DA:63,0
DA:64,0
DA:66,1
DA:67,0
DA:77,1
DA:81,1
DA:84,1
DA:99,1
DA:112,1
DA:124,1
DA:125,1
DA:127,1
DA:128,0
DA:130,1
DA:131,1
DA:133,0
DA:134,0
DA:135,0
DA:136,0
DA:137,0
DA:138,0
DA:139,0
DA:140,0
DA:142,0
DA:143,0
DA:145,1
DA:155,0
DA:156,0
DA:158,0
DA:161,0
DA:162,0
DA:163,0
DA:164,0
DA:165,0
DA:168,0
DA:171,0
DA:172,0
DA:173,0
DA:174,0
DA:177,0
DA:178,0
DA:179,0
DA:180,0
DA:183,0
DA:184,0
DA:187,0
DA:189,0
DA:197,1
DA:205,0
DA:206,0
DA:207,0
DA:210,0
DA:219,0
DA:220,0
DA:223,0
DA:224,0
DA:225,0
DA:227,0
DA:230,0
DA:232,1
DA:242,0
DA:243,0
DA:244,0
DA:245,0
DA:247,0
DA:248,0
DA:251,0
DA:252,0
DA:253,0
DA:254,0
DA:256,0
DA:257,0
DA:260,0
DA:268,0
DA:271,0
DA:273,1
DA:275,0
DA:276,0
DA:277,0
DA:278,0
DA:279,0
DA:281,0
DA:283,1
DA:285,0
DA:286,0
DA:287,0
DA:288,0
DA:289,0
DA:290,0
DA:291,0
DA:292,0
DA:293,0
DA:295,0
DA:297,1
DA:304,0
DA:305,0
DA:307,0
DA:308,0
DA:311,0
DA:314,0
DA:315,0
DA:316,0
DA:317,0
DA:318,0
DA:319,0
DA:320,0
DA:321,0
DA:322,0
DA:323,0
DA:325,0
DA:333,0
DA:335,1
DA:346,0
DA:347,0
DA:350,0
DA:351,0
DA:354,0
DA:358,1
LF:154
LH:50
FN:52,56,LimitInfo.is_active
FNDA:0,LimitInfo.is_active
FN:59,64,LimitInfo.remaining_seconds
FNDA:0,LimitInfo.remaining_seconds
FN:66,74,LimitInfo.to_dict
FNDA:0,LimitInfo.to_dict
FN:124,125,TelegramRateLimiter.__init__
FNDA:1,TelegramRateLimiter.__init__
FN:127,128,TelegramRateLimiter._get_redis
FNDA:0,TelegramRateLimiter._get_redis
FN:131,143,TelegramRateLimiter._format_time
FNDA:0,TelegramRateLimiter._format_time
FN:145,195,TelegramRateLimiter.parse_error
FNDA:0,TelegramRateLimiter.parse_error
FN:197,230,TelegramRateLimiter.record_limit
FNDA:0,TelegramRateLimiter.record_limit
FN:232,271,TelegramRateLimiter.check_limit
FNDA:0,TelegramRateLimiter.check_limit
FN:273,281,TelegramRateLimiter.clear_limit
FNDA:0,TelegramRateLimiter.clear_limit
FN:283,295,TelegramRateLimiter.get_stats
FNDA:0,TelegramRateLimiter.get_stats
FN:297,333,TelegramRateLimiter.get_global_status
FNDA:0,TelegramRateLimiter.get_global_status
FN:335,354,TelegramRateLimiter.should_retry
FNDA:0,TelegramRateLimiter.should_retry
FNF:13
FNH:1
BRDA:54,0,jump to line 55,-
BRDA:54,0,jump to line 56,-
BRDA:61,0,jump to line 62,-
BRDA:61,0,jump to line 63,-
BRDA:133,0,jump to line 134,-
BRDA:133,0,jump to line 135,-
BRDA:135,0,jump to line 136,-
BRDA:135,0,jump to line 138,-
BRDA:138,0,jump to line 139,-
BRDA:138,0,jump to line 142,-
BRDA:162,0,jump to line 163,-
BRDA:162,0,jump to line 168,-
BRDA:163,0,jump to line 162,-
BRDA:163,0,jump to line 164,-
BRDA:171,0,jump to line 172,-
BRDA:171,0,jump to line 173,-
BRDA:173,0,jump to line 174,-
BRDA:173,0,jump to line 177,-
BRDA:179,0,jump to line 180,-
BRDA:179,0,jump to line 183,-
BRDA:219,0,jump to line 220,-
BRDA:219,0,jump to line 223,-
BRDA:247,0,jump to line 248,-
BRDA:247,0,jump to line 251,-
BRDA:252,0,jump to line 253,-
BRDA:252,0,jump to line 268,-
BRDA:254,0,jump to line 256,-
BRDA:254,0,jump to line 260,-
BRDA:288,0,jump to line 289,-
BRDA:288,0,jump to line 293,-
BRDA:291,0,jump to line 288,-
BRDA:291,0,jump to line 292,-
BRDA:319,0,jump to line 320,-
BRDA:319,0,jump to line 322,-
BRDA:320,0,jump to line 319,-
BRDA:320,0,jump to line 321,-
BRDA:322,0,jump to line 317,-
BRDA:322,0,jump to line 323,-
BRDA:346,0,jump to line 347,-
BRDA:346,0,jump to line 350,-
BRDA:350,0,jump to line 351,-
BRDA:350,0,jump to line 354,-
BRF:42
BRH:0
end_of_record
SF:src\services\telegram_widget_auth_service.py
DA:7,1
DA:8,1
DA:9,1
DA:10,1
DA:11,1
DA:12,1
DA:14,1
DA:15,1
DA:16,1
DA:19,1
DA:22,1
DA:32,1
DA:33,1
DA:34,0
DA:36,1
DA:37,1
DA:38,0
DA:40,1
DA:41,1
DA:42,0
DA:44,1
DA:62,0
DA:63,0
DA:64,0
DA:67,0
DA:68,0
DA:69,0
DA:70,0
DA:72,0
DA:73,0
DA:74,0
DA:75,0
DA:76,0
DA:77,0
DA:80,0
DA:85,0
DA:88,0
DA:95,0
DA:97,1
DA:107,0
DA:108,0
DA:110,0
DA:111,0
DA:116,0
DA:119,0
DA:120,0
DA:125,0
DA:127,0
DA:129,1
DA:140,0
DA:141,0
DA:142,0
DA:144,0
DA:145,0
DA:146,0
DA:150,0
DA:151,0
DA:153,0
DA:158,0
DA:160,0
DA:161,0
DA:165,0
DA:167,0
DA:172,0
DA:174,0
DA:175,0
DA:178,0
DA:180,1
DA:191,0
DA:192,0
DA:195,0
DA:196,0
DA:202,0
DA:204,0
DA:210,0
DA:214,1
LF:76
LH:22
FN:33,34,TelegramWidgetAuthService.bot_token
FNDA:0,TelegramWidgetAuthService.bot_token
FN:37,38,TelegramWidgetAuthService.max_age
FNDA:0,TelegramWidgetAuthService.max_age
FN:41,42,TelegramWidgetAuthService.turnstile_secret
FNDA:0,TelegramWidgetAuthService.turnstile_secret
FN:44,95,TelegramWidgetAuthService.verify_signature
FNDA:0,TelegramWidgetAuthService.verify_signature
FN:97,127,TelegramWidgetAuthService.validate_auth_date
FNDA:0,TelegramWidgetAuthService.validate_auth_date
FN:129,178,TelegramWidgetAuthService.verify_turnstile
FNDA:0,TelegramWidgetAuthService.verify_turnstile
FN:180,210,TelegramWidgetAuthService.verify
FNDA:0,TelegramWidgetAuthService.verify
FNF:7
FNH:0
BRDA:62,0,jump to line 63,-
BRDA:62,0,jump to line 67,-
BRDA:72,0,jump to line 73,-
BRDA:72,0,jump to line 74,-
BRDA:74,0,jump to line 75,-
BRDA:74,0,jump to line 76,-
BRDA:76,0,jump to line 77,-
BRDA:76,0,jump to line 80,-
BRDA:110,0,jump to line 111,-
BRDA:110,0,jump to line 119,-
BRDA:119,0,jump to line 120,-
BRDA:119,0,jump to line 127,-
BRDA:140,0,jump to line 141,-
BRDA:140,0,jump to line 144,-
BRDA:150,0,jump to line 151,-
BRDA:150,0,jump to line 153,-
BRDA:160,0,jump to line 161,-
BRDA:160,0,jump to line 167,-
BRDA:191,0,jump to line 192,-
BRDA:191,0,jump to line 195,-
BRDA:195,0,jump to line 196,-
BRDA:195,0,jump to line 204,-
BRF:22
BRH:0
end_of_record
SF:src\services\unified_queue_service.py
DA:14,1
DA:15,1
DA:16,1
DA:18,1
DA:23,1
DA:24,1
DA:32,1
DA:37,1
DA:40,1
DA:42,1
DA:43,1
DA:48,1
DA:49,1
DA:52,1
DA:59,1
DA:60,0
DA:61,0
DA:62,0
DA:64,1
DA:66,0
DA:68,1
DA:75,0
DA:76,0
DA:77,0
DA:82,0
DA:83,0
DA:85,1
DA:92,0
DA:93,0
DA:94,0
DA:97,0
DA:98,0
DA:100,0
DA:102,0
DA:107,0
DA:108,0
DA:109,0
DA:117,0
DA:118,0
DA:126,0
DA:132,0
DA:134,0
DA:140,0
DA:142,0
DA:143,0
DA:146,0
DA:147,0
DA:149,0
DA:151,0
DA:156,0
DA:162,1
DA:178,0
DA:180,0
DA:181,0
DA:187,0
DA:193,1
DA:205,0
DA:207,0
DA:208,0
DA:216,0
DA:220,0
DA:226,1
DA:233,0
DA:235,0
DA:236,0
DA:242,0
DA:248,1
DA:250,0
DA:252,0
DA:253,0
DA:255,0
DA:257,1
DA:259,0
DA:261,0
DA:262,0
DA:264,0
DA:266,1
DA:268,0
DA:270,0
DA:271,0
DA:273,0
DA:275,1
DA:287,0
DA:289,0
DA:290,0
DA:296,0
DA:301,1
DA:303,0
DA:305,0
DA:306,0
DA:310,0
DA:311,0
DA:313,1
DA:315,0
DA:317,0
DA:318,0
DA:320,0
DA:322,1
DA:324,0
DA:326,0
DA:327,0
DA:330,0
DA:331,0
DA:337,1
DA:343,0
DA:345,0
DA:346,0
DA:348,0
DA:352,0
DA:354,1
DA:360,0
DA:362,0
DA:363,0
DA:366,0
DA:367,0
DA:377,1
DA:380,1
DA:383,0
DA:384,0
DA:385,0
LF:120
LH:32
FN:59,62,UnifiedQueueService.__init__
FNDA:0,UnifiedQueueService.__init__
FN:64,66,UnifiedQueueService._get_mode
FNDA:0,UnifiedQueueService._get_mode
FN:68,83,UnifiedQueueService.set_mode
FNDA:0,UnifiedQueueService.set_mode
FN:85,156,UnifiedQueueService.migrate_queue
FNDA:0,UnifiedQueueService.migrate_queue
FN:162,191,UnifiedQueueService.add
FNDA:0,UnifiedQueueService.add
FN:193,224,UnifiedQueueService.add_priority
FNDA:0,UnifiedQueueService.add_priority
FN:226,246,UnifiedQueueService.get_all
FNDA:0,UnifiedQueueService.get_all
FN:248,255,UnifiedQueueService.get_next
FNDA:0,UnifiedQueueService.get_next
FN:257,264,UnifiedQueueService.pop_next
FNDA:0,UnifiedQueueService.pop_next
FN:266,273,UnifiedQueueService.remove
FNDA:0,UnifiedQueueService.remove
FN:275,299,UnifiedQueueService.move
FNDA:0,UnifiedQueueService.move
FN:301,311,UnifiedQueueService.skip
FNDA:0,UnifiedQueueService.skip
FN:313,320,UnifiedQueueService.clear
FNDA:0,UnifiedQueueService.clear
FN:322,331,UnifiedQueueService.get_size
FNDA:0,UnifiedQueueService.get_size
FN:337,352,UnifiedQueueService.get_vip_count
FNDA:0,UnifiedQueueService.get_vip_count
FN:354,373,UnifiedQueueService.get_queue_stats
FNDA:0,UnifiedQueueService.get_queue_stats
FN:380,385,get_unified_queue_service
FNDA:0,get_unified_queue_service
FNF:17
FNH:0
BRDA:76,0,jump to line 77,-
BRDA:76,0,jump to line 82,-
BRDA:92,0,jump to line 93,-
BRDA:92,0,jump to line 97,-
BRDA:97,0,jump to line 98,-
BRDA:97,0,jump to line 100,-
BRDA:107,0,jump to line 108,-
BRDA:107,0,jump to line 146,-
BRDA:117,0,jump to line 118,-
BRDA:117,0,jump to line 126,-
BRDA:146,0,jump to line 147,-
BRDA:146,0,jump to line 149,-
BRDA:180,0,jump to line 181,-
BRDA:180,0,jump to line 187,-
BRDA:207,0,jump to line 208,-
BRDA:207,0,jump to line 216,-
BRDA:235,0,jump to line 236,-
BRDA:235,0,jump to line 242,-
BRDA:252,0,jump to line 253,-
BRDA:252,0,jump to line 255,-
BRDA:261,0,jump to line 262,-
BRDA:261,0,jump to line 264,-
BRDA:270,0,jump to line 271,-
BRDA:270,0,jump to line 273,-
BRDA:289,0,jump to line 290,-
BRDA:289,0,jump to line 296,-
BRDA:305,0,jump to line 306,-
BRDA:305,0,jump to line 310,-
BRDA:317,0,jump to line 318,-
BRDA:317,0,jump to line 320,-
BRDA:326,0,jump to line 327,-
BRDA:326,0,jump to line 330,-
BRDA:345,0,jump to line 346,-
BRDA:345,0,jump to line 348,-
BRDA:362,0,jump to line 363,-
BRDA:362,0,jump to line 366,-
BRDA:383,0,jump to line 384,-
BRDA:383,0,jump to line 385,-
BRF:38
BRH:0
end_of_record
SF:src\services\user_playlist_service.py
DA:1,1
DA:2,1
DA:3,1
DA:4,1
DA:5,1
DA:6,1
DA:7,1
DA:8,1
DA:9,1
DA:10,1
DA:12,1
DA:13,1
DA:14,1
DA:15,0
DA:19,1
DA:20,1
DA:21,0
DA:25,1
DA:26,1
DA:27,0
DA:29,1
DA:30,1
DA:32,0
DA:33,0
DA:35,0
DA:47,0
DA:48,0
DA:50,0
DA:51,0
DA:52,0
DA:53,0
DA:55,1
DA:56,1
DA:57,0
DA:58,0
DA:59,0
DA:60,0
DA:61,0
DA:62,0
DA:63,0
DA:64,0
DA:66,0
DA:67,0
DA:68,0
DA:69,0
DA:71,0
DA:72,0
DA:73,0
DA:74,0
DA:75,0
DA:77,0
DA:78,0
DA:79,0
DA:81,1
DA:82,1
DA:83,0
DA:84,0
DA:86,1
DA:87,1
DA:88,0
DA:99,0
DA:100,0
DA:101,0
DA:102,0
DA:104,1
DA:105,1
DA:107,0
DA:109,0
DA:111,0
DA:112,0
DA:113,0
DA:115,0
DA:116,0
DA:118,0
DA:120,1
DA:121,1
DA:122,0
DA:123,0
DA:124,0
DA:125,0
DA:127,0
DA:128,0
DA:129,0
DA:130,0
DA:132,0
DA:134,0
DA:135,0
DA:136,0
DA:137,0
DA:138,0
DA:139,0
DA:141,0
DA:142,0
DA:143,0
DA:144,0
DA:145,0
DA:146,0
DA:147,0
DA:150,0
DA:151,0
DA:153,0
DA:161,0
DA:162,0
DA:165,0
DA:177,0
DA:178,0
DA:179,0
DA:180,0
DA:182,1
DA:183,1
DA:189,0
DA:190,0
DA:191,0
DA:192,0
DA:194,0
DA:195,0
DA:198,0
DA:199,0
DA:200,0
DA:203,0
DA:205,0
DA:211,0
DA:212,0
DA:215,0
DA:216,0
DA:217,0
DA:219,0
DA:220,0
DA:224,0
DA:227,0
LF:130
LH:31
FN:14,17,UserPlaylistService.get_user_playlists
FNDA:0,UserPlaylistService.get_user_playlists
FN:20,23,UserPlaylistService.get_public_playlists
FNDA:0,UserPlaylistService.get_public_playlists
FN:26,27,UserPlaylistService.get_playlist
FNDA:0,UserPlaylistService.get_playlist
FN:30,53,UserPlaylistService.create_playlist
FNDA:0,UserPlaylistService.create_playlist
FN:56,79,UserPlaylistService.update_playlist
FNDA:0,UserPlaylistService.update_playlist
FN:82,84,UserPlaylistService.delete_playlist
FNDA:0,UserPlaylistService.delete_playlist
FN:87,102,UserPlaylistService.clone_playlist
FNDA:0,UserPlaylistService.clone_playlist
FN:105,118,UserPlaylistService.generate_m3u
FNDA:0,UserPlaylistService.generate_m3u
FN:121,180,UserPlaylistService.import_m3u_playlist
FNDA:0,UserPlaylistService.import_m3u_playlist
FN:183,227,UserPlaylistService.play_playlist
FNDA:0,UserPlaylistService.play_playlist
FNF:10
FNH:0
BRDA:47,0,jump to line 48,-
BRDA:47,0,jump to line 50,-
BRDA:57,0,jump to line 58,-
BRDA:57,0,jump to line 59,-
BRDA:59,0,jump to line 60,-
BRDA:59,0,jump to line 61,-
BRDA:61,0,jump to line 62,-
BRDA:61,0,jump to line 63,-
BRDA:63,0,jump to line 64,-
BRDA:63,0,jump to line 66,-
BRDA:66,0,jump to line 67,-
BRDA:66,0,jump to line 71,-
BRDA:68,0,jump to line 69,-
BRDA:68,0,jump to line 71,-
BRDA:71,0,jump to line 72,-
BRDA:71,0,jump to line 77,-
BRDA:109,0,jump to line 111,-
BRDA:109,0,jump to line 118,-
BRDA:127,0,jump to line 128,-
BRDA:127,0,jump to line 165,-
BRDA:129,0,jump to line 130,-
BRDA:129,0,jump to line 132,-
BRDA:132,0,jump to line 134,-
BRDA:132,0,jump to line 146,-
BRDA:137,0,jump to line 138,-
BRDA:137,0,jump to line 141,-
BRDA:146,0,jump to line 147,-
BRDA:146,0,jump to line 150,-
BRDA:189,0,jump to line 190,-
BRDA:189,0,jump to line 198,-
BRDA:191,0,jump to line 192,-
BRDA:191,0,jump to line 194,-
BRDA:194,0,jump to line 195,-
BRDA:194,0,jump to line 203,-
BRDA:199,0,jump to line 200,-
BRDA:199,0,jump to line 203,-
BRF:36
BRH:0
end_of_record
SF:src\tasks\media.py
DA:8,1
DA:9,1
DA:10,1
DA:11,1
DA:13,1
DA:16,1
DA:17,1
DA:18,1
DA:19,0
DA:20,0
DA:21,0
DA:24,1
DA:26,0
DA:27,0
DA:28,0
DA:29,0
DA:32,1
DA:43,0
DA:44,0
DA:45,0
DA:46,0
DA:47,0
DA:49,0
DA:60,0
DA:61,0
DA:62,0
DA:64,0
DA:65,0
DA:68,0
DA:69,0
DA:70,0
DA:88,0
DA:104,0
DA:105,0
DA:106,0
DA:109,1
DA:120,0
DA:121,0
DA:122,0
DA:124,0
DA:125,0
DA:127,0
DA:128,0
DA:129,0
DA:130,0
DA:131,0
DA:132,0
DA:135,0
DA:136,0
DA:138,0
DA:139,0
DA:142,0
DA:143,0
DA:145,0
DA:146,0
DA:148,0
DA:149,0
DA:151,0
DA:152,0
DA:153,0
DA:155,0
DA:156,0
DA:157,0
DA:158,0
DA:160,0
DA:167,1
DA:168,0
DA:170,0
DA:171,0
DA:177,0
DA:179,0
DA:180,0
DA:182,0
DA:184,0
DA:185,0
DA:186,0
DA:187,0
DA:189,0
DA:192,0
DA:193,0
DA:194,0
DA:195,0
DA:196,0
DA:198,0
DA:200,0
DA:201,0
DA:202,0
DA:204,0
DA:205,0
DA:209,0
DA:211,0
DA:213,0
DA:214,0
DA:216,0
DA:217,0
DA:219,0
DA:220,0
DA:222,0
DA:223,0
DA:225,0
DA:226,0
DA:228,0
DA:229,0
DA:231,0
DA:232,0
DA:233,0
DA:235,0
DA:243,0
DA:244,0
DA:245,0
DA:247,0
DA:248,0
DA:250,0
DA:256,0
DA:257,0
DA:258,0
DA:259,0
DA:261,0
DA:264,1
DA:266,0
DA:267,0
DA:268,0
DA:269,0
DA:271,0
DA:272,0
DA:273,0
DA:274,0
DA:275,0
DA:276,0
DA:279,0
DA:280,0
DA:281,0
DA:282,0
DA:284,0
DA:286,0
DA:287,0
DA:288,0
DA:295,1
DA:309,0
DA:310,0
DA:311,0
DA:312,0
DA:313,0
DA:314,0
DA:315,0
DA:316,0
DA:319,0
DA:320,0
DA:321,0
DA:324,1
DA:335,0
DA:336,0
DA:337,0
DA:338,0
DA:339,0
DA:340,0
DA:341,0
DA:342,0
DA:343,0
DA:346,0
DA:347,0
DA:348,0
DA:349,0
DA:351,0
DA:352,0
DA:353,0
DA:355,0
DA:356,0
DA:357,0
DA:358,0
DA:360,0
DA:361,0
DA:362,0
DA:363,0
DA:371,0
DA:372,0
DA:374,0
DA:375,0
DA:377,0
DA:378,0
DA:379,0
DA:380,0
LF:182
LH:15
FN:24,29,_get_celery_app
FNDA:0,_get_celery_app
FN:32,106,extract_video_metadata
FNDA:0,extract_video_metadata
FN:109,160,update_playlist_item_metadata
FNDA:0,update_playlist_item_metadata
FN:171,202,fetch_video_metadata_task
FNDA:0,fetch_video_metadata_task
FN:205,261,fetch_playlist_metadata_task
FNDA:0,fetch_playlist_metadata_task
FN:264,288,_notify_metadata_updated
FNDA:0,_notify_metadata_updated
FN:295,321,fetch_metadata_async
FNDA:0,fetch_metadata_async
FN:324,380,import_playlist_async
FNDA:0,import_playlist_async
FNF:8
FNH:0
BRDA:27,0,jump to line 28,-
BRDA:27,0,jump to line 29,-
BRDA:64,0,jump to line 65,-
BRDA:64,0,jump to line 68,-
BRDA:68,0,jump to line 69,-
BRDA:68,0,jump to line 88,-
BRDA:120,0,jump to line 121,-
BRDA:120,0,jump to line 124,-
BRDA:130,0,jump to line 131,-
BRDA:130,0,jump to line 135,-
BRDA:135,0,jump to line 136,-
BRDA:135,0,jump to line 138,-
BRDA:138,0,jump to line 139,-
BRDA:138,0,jump to line 142,-
BRDA:142,0,jump to line 143,-
BRDA:142,0,jump to line 145,-
BRDA:145,0,jump to line 146,-
BRDA:145,0,jump to line 148,-
BRDA:148,0,jump to line 149,-
BRDA:148,0,jump to line 151,-
BRDA:167,0,jump to line 168,0
BRDA:167,0,jump to line 264,1
BRDA:182,0,jump to line 184,-
BRDA:182,0,jump to line 189,-
BRDA:184,0,jump to line 185,-
BRDA:184,0,jump to line 186,-
BRDA:192,0,jump to line 193,-
BRDA:192,0,jump to line 198,-
BRDA:213,0,jump to line 214,-
BRDA:213,0,jump to line 216,-
BRDA:216,0,jump to line 217,-
BRDA:216,0,jump to line 219,-
BRDA:231,0,jump to line 232,-
BRDA:231,0,jump to line 247,-
BRDA:232,0,jump to line 233,-
BRDA:232,0,jump to line 235,-
BRDA:274,0,jump to line 275,-
BRDA:274,0,jump to line 286,-
BRDA:309,0,jump to line 310,-
BRDA:309,0,jump to line 319,-
BRDA:335,0,jump to line 336,-
BRDA:335,0,jump to line 346,-
BRDA:352,0,jump to line 353,-
BRDA:352,0,jump to line 355,-
BRDA:360,0,jump to line 361,-
BRDA:360,0,jump to line 374,-
BRDA:361,0,jump to line 362,-
BRDA:361,0,jump to line 363,-
BRF:48
BRH:1
end_of_record
SF:src\tasks\notifications.py
DA:9,1
DA:10,1
DA:12,1
DA:15,1
DA:16,1
DA:17,1
DA:18,0
DA:19,0
DA:20,0
DA:23,1
DA:24,0
DA:25,0
DA:26,0
DA:27,0
DA:28,0
DA:32,1
DA:33,0
DA:35,0
DA:36,0
DA:38,0
DA:39,0
DA:40,0
DA:41,0
DA:42,0
DA:43,0
DA:44,0
DA:45,0
DA:46,0
DA:47,0
DA:49,0
DA:52,1
DA:58,0
DA:59,0
DA:60,0
DA:61,0
DA:62,0
DA:63,0
DA:64,0
DA:65,0
DA:68,0
DA:69,0
DA:70,0
DA:71,0
DA:72,0
DA:73,0
DA:76,1
DA:82,0
DA:83,0
DA:84,0
DA:86,0
DA:89,0
DA:90,0
DA:91,0
DA:92,0
DA:93,0
DA:104,0
DA:105,0
DA:106,0
DA:107,0
DA:108,0
DA:109,0
DA:110,0
DA:113,0
DA:114,0
DA:115,0
DA:116,0
DA:117,0
DA:118,0
DA:119,0
DA:120,0
DA:121,0
DA:122,0
DA:123,0
DA:124,0
DA:126,0
DA:129,1
DA:134,0
DA:135,0
DA:136,0
DA:137,0
DA:138,0
DA:139,0
DA:140,0
DA:141,0
DA:142,0
DA:144,0
LF:86
LH:11
FN:23,28,_build_celery_app
FNDA:0,_build_celery_app
FN:36,49,send_admin_notification_task
FNDA:0,send_admin_notification_task
FN:52,73,notify_admins_async
FNDA:0,notify_admins_async
FN:76,126,send_admin_notification_for_user
FNDA:0,send_admin_notification_for_user
FN:129,144,send_admin_notification_sync
FNDA:0,send_admin_notification_sync
FNF:5
FNH:0
BRDA:25,0,jump to line 26,-
BRDA:25,0,jump to line 27,-
BRDA:32,0,jump to line 33,0
BRDA:32,0,jump to line 52,1
BRDA:44,0,jump to line 45,-
BRDA:44,0,jump to line 47,-
BRDA:58,0,jump to line 59,-
BRDA:58,0,jump to line 68,-
BRDA:83,0,jump to line 84,-
BRDA:83,0,jump to line 86,-
BRDA:90,0,jump to line 91,-
BRDA:90,0,jump to line 113,-
BRDA:115,0,jump to line 116,-
BRDA:115,0,jump to line 126,-
BRDA:118,0,jump to line 119,-
BRDA:118,0,jump to line 126,-
BRDA:139,0,jump to line 140,-
BRDA:139,0,jump to line 142,-
BRF:18
BRH:1
end_of_record
