{"meta": {"format": 3, "version": "7.11.3", "timestamp": "2025-12-28T19:12:15.004229", "branch_coverage": true, "show_contexts": false}, "files": {"src\\__init__.py": {"executed_lines": [], "summary": {"covered_lines": 0, "num_statements": 0, "percent_covered": 100.0, "percent_covered_display": "100", "missing_lines": 0, "excluded_lines": 0, "num_branches": 0, "num_partial_branches": 0, "covered_branches": 0, "missing_branches": 0}, "missing_lines": [], "excluded_lines": [], "executed_branches": [], "missing_branches": [], "functions": {"": {"executed_lines": [], "summary": {"covered_lines": 0, "num_statements": 0, "percent_covered": 100.0, "percent_covered_display": "100", "missing_lines": 0, "excluded_lines": 0, "num_branches": 0, "num_partial_branches": 0, "covered_branches": 0, "missing_branches": 0}, "missing_lines": [], "excluded_lines": [], "executed_branches": [], "missing_branches": []}}, "classes": {"": {"executed_lines": [], "summary": {"covered_lines": 0, "num_statements": 0, "percent_covered": 100.0, "percent_covered_display": "100", "missing_lines": 0, "excluded_lines": 0, "num_branches": 0, "num_partial_branches": 0, "covered_branches": 0, "missing_branches": 0}, "missing_lines": [], "excluded_lines": [], "executed_branches": [], "missing_branches": []}}}, "src\\admin\\__init__.py": {"executed_lines": [], "summary": {"covered_lines": 0, "num_statements": 11, "percent_covered": 0.0, "percent_covered_display": "0", "missing_lines": 11, "excluded_lines": 3, "num_branches": 2, "num_partial_branches": 0, "covered_branches": 0, "missing_branches": 2}, "missing_lines": [21, 28, 41, 42, 44, 45, 46, 49, 58, 59, 62], "excluded_lines": [23, 24, 25], "executed_branches": [], "missing_branches": [[58, -28], [58, 59]], "functions": {"setup_admin": {"executed_lines": [], "summary": {"covered_lines": 0, "num_statements": 8, "percent_covered": 0.0, "percent_covered_display": "0", "missing_lines": 8, "excluded_lines": 0, "num_branches": 2, "num_partial_branches": 0, "covered_branches": 0, "missing_branches": 2}, "missing_lines": [41, 42, 44, 45, 46, 49, 58, 59], "excluded_lines": [], "executed_branches": [], "missing_branches": [[58, -28], [58, 59]]}, "": {"executed_lines": [], "summary": {"covered_lines": 0, "num_statements": 3, "percent_covered": 0.0, "percent_covered_display": "0", "missing_lines": 3, "excluded_lines": 3, "num_branches": 0, "num_partial_branches": 0, "covered_branches": 0, "missing_branches": 0}, "missing_lines": [21, 28, 62], "excluded_lines": [23, 24, 25], "executed_branches": [], "missing_branches": []}}, "classes": {"": {"executed_lines": [], "summary": {"covered_lines": 0, "num_statements": 11, "percent_covered": 0.0, "percent_covered_display": "0", "missing_lines": 11, "excluded_lines": 3, "num_branches": 2, "num_partial_branches": 0, "covered_branches": 0, "missing_branches": 2}, "missing_lines": [21, 28, 41, 42, 44, 45, 46, 49, 58, 59, 62], "excluded_lines": [23, 24, 25], "executed_branches": [], "missing_branches": [[58, -28], [58, 59]]}}}, "src\\admin\\auth.py": {"executed_lines": [], "summary": {"covered_lines": 0, "num_statements": 97, "percent_covered": 0.0, "percent_covered_display": "0", "missing_lines": 97, "excluded_lines": 0, "num_branches": 18, "num_partial_branches": 0, "covered_branches": 0, "missing_branches": 18}, "missing_lines": [15, 16, 17, 18, 20, 21, 22, 24, 27, 39, 40, 42, 54, 55, 56, 58, 59, 60, 63, 65, 66, 67, 70, 71, 72, 75, 82, 88, 89, 91, 103, 104, 106, 107, 113, 114, 115, 117, 127, 129, 130, 136, 137, 138, 139, 144, 147, 158, 159, 160, 161, 163, 164, 166, 171, 172, 175, 176, 177, 179, 182, 184, 185, 186, 187, 188, 189, 191, 193, 194, 195, 197, 198, 199, 201, 202, 203, 204, 206, 224, 225, 226, 228, 229, 230, 238, 239, 241, 243, 245, 246, 247, 250, 260, 261, 262, 264], "excluded_lines": [], "executed_branches": [], "missing_branches": [[58, 59], [58, 63], [65, 66], [65, 70], [70, 71], [70, 75], [106, 107], [106, 113], [129, 130], [129, 136], [137, 138], [137, 144], [171, 172], [171, 175], [176, 177], [176, 179], [261, 262], [261, 264]], "functions": {"AdminAuth.__init__": {"executed_lines": [], "summary": {"covered_lines": 0, "num_statements": 1, "percent_covered": 0.0, "percent_covered_display": "0", "missing_lines": 1, "excluded_lines": 0, "num_branches": 0, "num_partial_branches": 0, "covered_branches": 0, "missing_branches": 0}, "missing_lines": [40], "excluded_lines": [], "executed_branches": [], "missing_branches": []}, "AdminAuth.login": {"executed_lines": [], "summary": {"covered_lines": 0, "num_statements": 17, "percent_covered": 0.0, "percent_covered_display": "0", "missing_lines": 17, "excluded_lines": 0, "num_branches": 6, "num_partial_branches": 0, "covered_branches": 0, "missing_branches": 6}, "missing_lines": [54, 55, 56, 58, 59, 60, 63, 65, 66, 67, 70, 71, 72, 75, 82, 88, 89], "excluded_lines": [], "executed_branches": [], "missing_branches": [[58, 59], [58, 63], [65, 66], [65, 70], [70, 71], [70, 75]]}, "AdminAuth.logout": {"executed_lines": [], "summary": {"covered_lines": 0, "num_statements": 7, "percent_covered": 0.0, "percent_covered_display": "0", "missing_lines": 7, "excluded_lines": 0, "num_branches": 2, "num_partial_branches": 0, "covered_branches": 0, "missing_branches": 2}, "missing_lines": [103, 104, 106, 107, 113, 114, 115], "excluded_lines": [], "executed_branches": [], "missing_branches": [[106, 107], [106, 113]]}, "AdminAuth.authenticate": {"executed_lines": [], "summary": {"covered_lines": 0, "num_statements": 8, "percent_covered": 0.0, "percent_covered_display": "0", "missing_lines": 8, "excluded_lines": 0, "num_branches": 4, "num_partial_branches": 0, "covered_branches": 0, "missing_branches": 4}, "missing_lines": [127, 129, 130, 136, 137, 138, 139, 144], "excluded_lines": [], "executed_branches": [], "missing_branches": [[129, 130], [129, 136], [137, 138], [137, 144]]}, "AdminAuth._authenticate_user": {"executed_lines": [], "summary": {"covered_lines": 0, "num_statements": 20, "percent_covered": 0.0, "percent_covered_display": "0", "missing_lines": 20, "excluded_lines": 0, "num_branches": 4, "num_partial_branches": 0, "covered_branches": 0, "missing_branches": 4}, "missing_lines": [158, 159, 160, 161, 163, 164, 166, 171, 172, 175, 176, 177, 179, 182, 184, 185, 186, 187, 188, 189], "excluded_lines": [], "executed_branches": [], "missing_branches": [[171, 172], [171, 175], [176, 177], [176, 179]]}, "AdminAuth._get_user_by_id": {"executed_lines": [], "summary": {"covered_lines": 0, "num_statements": 10, "percent_covered": 0.0, "percent_covered_display": "0", "missing_lines": 10, "excluded_lines": 0, "num_branches": 0, "num_partial_branches": 0, "covered_branches": 0, "missing_branches": 0}, "missing_lines": [193, 194, 195, 197, 198, 199, 201, 202, 203, 204], "excluded_lines": [], "executed_branches": [], "missing_branches": []}, "AdminAuth._log_admin_action": {"executed_lines": [], "summary": {"covered_lines": 0, "num_statements": 13, "percent_covered": 0.0, "percent_covered_display": "0", "missing_lines": 13, "excluded_lines": 0, "num_branches": 0, "num_partial_branches": 0, "covered_branches": 0, "missing_branches": 0}, "missing_lines": [224, 225, 226, 228, 229, 230, 238, 239, 241, 243, 245, 246, 247], "excluded_lines": [], "executed_branches": [], "missing_branches": []}, "get_current_admin_user": {"executed_lines": [], "summary": {"covered_lines": 0, "num_statements": 4, "percent_covered": 0.0, "percent_covered_display": "0", "missing_lines": 4, "excluded_lines": 0, "num_branches": 2, "num_partial_branches": 0, "covered_branches": 0, "missing_branches": 2}, "missing_lines": [260, 261, 262, 264], "excluded_lines": [], "executed_branches": [], "missing_branches": [[261, 262], [261, 264]]}, "": {"executed_lines": [], "summary": {"covered_lines": 0, "num_statements": 17, "percent_covered": 0.0, "percent_covered_display": "0", "missing_lines": 17, "excluded_lines": 0, "num_branches": 0, "num_partial_branches": 0, "covered_branches": 0, "missing_branches": 0}, "missing_lines": [15, 16, 17, 18, 20, 21, 22, 24, 27, 39, 42, 91, 117, 147, 191, 206, 250], "excluded_lines": [], "executed_branches": [], "missing_branches": []}}, "classes": {"AdminAuth": {"executed_lines": [], "summary": {"covered_lines": 0, "num_statements": 76, "percent_covered": 0.0, "percent_covered_display": "0", "missing_lines": 76, "excluded_lines": 0, "num_branches": 16, "num_partial_branches": 0, "covered_branches": 0, "missing_branches": 16}, "missing_lines": [40, 54, 55, 56, 58, 59, 60, 63, 65, 66, 67, 70, 71, 72, 75, 82, 88, 89, 103, 104, 106, 107, 113, 114, 115, 127, 129, 130, 136, 137, 138, 139, 144, 158, 159, 160, 161, 163, 164, 166, 171, 172, 175, 176, 177, 179, 182, 184, 185, 186, 187, 188, 189, 193, 194, 195, 197, 198, 199, 201, 202, 203, 204, 224, 225, 226, 228, 229, 230, 238, 239, 241, 243, 245, 246, 247], "excluded_lines": [], "executed_branches": [], "missing_branches": [[58, 59], [58, 63], [65, 66], [65, 70], [70, 71], [70, 75], [106, 107], [106, 113], [129, 130], [129, 136], [137, 138], [137, 144], [171, 172], [171, 175], [176, 177], [176, 179]]}, "": {"executed_lines": [], "summary": {"covered_lines": 0, "num_statements": 21, "percent_covered": 0.0, "percent_covered_display": "0", "missing_lines": 21, "excluded_lines": 0, "num_branches": 2, "num_partial_branches": 0, "covered_branches": 0, "missing_branches": 2}, "missing_lines": [15, 16, 17, 18, 20, 21, 22, 24, 27, 39, 42, 91, 117, 147, 191, 206, 250, 260, 261, 262, 264], "excluded_lines": [], "executed_branches": [], "missing_branches": [[261, 262], [261, 264]]}}}, "src\\admin\\views.py": {"executed_lines": [], "summary": {"covered_lines": 0, "num_statements": 99, "percent_covered": 0.0, "percent_covered_display": "0", "missing_lines": 99, "excluded_lines": 2, "num_branches": 6, "num_partial_branches": 0, "covered_branches": 0, "missing_branches": 6}, "missing_lines": [16, 17, 19, 20, 22, 23, 24, 29, 32, 47, 48, 49, 52, 65, 81, 88, 96, 104, 107, 127, 128, 129, 130, 131, 132, 135, 136, 139, 152, 154, 155, 157, 158, 159, 160, 161, 162, 169, 170, 172, 174, 176, 177, 178, 179, 180, 181, 188, 189, 192, 206, 207, 208, 211, 222, 235, 242, 249, 256, 259, 260, 261, 262, 263, 264, 267, 268, 271, 284, 295, 296, 297, 300, 312, 326, 332, 339, 348, 351, 360, 361, 362, 363, 364, 367, 368, 371, 384, 386, 387, 389, 390, 391, 392, 393, 394, 401, 402, 406], "excluded_lines": [26, 27], "executed_branches": [], "missing_branches": [[157, -152], [157, 158], [176, -172], [176, 177], [389, -384], [389, 390]], "functions": {"UserAdmin.on_model_change": {"executed_lines": [], "summary": {"covered_lines": 0, "num_statements": 10, "percent_covered": 0.0, "percent_covered_display": "0", "missing_lines": 10, "excluded_lines": 0, "num_branches": 2, "num_partial_branches": 0, "covered_branches": 0, "missing_branches": 2}, "missing_lines": [154, 155, 157, 158, 159, 160, 161, 162, 169, 170], "excluded_lines": [], "executed_branches": [], "missing_branches": [[157, -152], [157, 158]]}, "UserAdmin.on_model_delete": {"executed_lines": [], "summary": {"covered_lines": 0, "num_statements": 9, "percent_covered": 0.0, "percent_covered_display": "0", "missing_lines": 9, "excluded_lines": 0, "num_branches": 2, "num_partial_branches": 0, "covered_branches": 0, "missing_branches": 2}, "missing_lines": [174, 176, 177, 178, 179, 180, 181, 188, 189], "excluded_lines": [], "executed_branches": [], "missing_branches": [[176, -172], [176, 177]]}, "PlaylistItemAdmin.on_model_change": {"executed_lines": [], "summary": {"covered_lines": 0, "num_statements": 10, "percent_covered": 0.0, "percent_covered_display": "0", "missing_lines": 10, "excluded_lines": 0, "num_branches": 2, "num_partial_branches": 0, "covered_branches": 0, "missing_branches": 2}, "missing_lines": [386, 387, 389, 390, 391, 392, 393, 394, 401, 402], "excluded_lines": [], "executed_branches": [], "missing_branches": [[389, -384], [389, 390]]}, "": {"executed_lines": [], "summary": {"covered_lines": 0, "num_statements": 70, "percent_covered": 0.0, "percent_covered_display": "0", "missing_lines": 70, "excluded_lines": 2, "num_branches": 0, "num_partial_branches": 0, "covered_branches": 0, "missing_branches": 0}, "missing_lines": [16, 17, 19, 20, 22, 23, 24, 29, 32, 47, 48, 49, 52, 65, 81, 88, 96, 104, 107, 127, 128, 129, 130, 131, 132, 135, 136, 139, 152, 172, 192, 206, 207, 208, 211, 222, 235, 242, 249, 256, 259, 260, 261, 262, 263, 264, 267, 268, 271, 284, 295, 296, 297, 300, 312, 326, 332, 339, 348, 351, 360, 361, 362, 363, 364, 367, 368, 371, 384, 406], "excluded_lines": [26, 27], "executed_branches": [], "missing_branches": []}}, "classes": {"UserAdmin": {"executed_lines": [], "summary": {"covered_lines": 0, "num_statements": 19, "percent_covered": 0.0, "percent_covered_display": "0", "missing_lines": 19, "excluded_lines": 0, "num_branches": 4, "num_partial_branches": 0, "covered_branches": 0, "missing_branches": 4}, "missing_lines": [154, 155, 157, 158, 159, 160, 161, 162, 169, 170, 174, 176, 177, 178, 179, 180, 181, 188, 189], "excluded_lines": [], "executed_branches": [], "missing_branches": [[157, -152], [157, 158], [176, -172], [176, 177]]}, "AdminAuditLogAdmin": {"executed_lines": [], "summary": {"covered_lines": 0, "num_statements": 0, "percent_covered": 100.0, "percent_covered_display": "100", "missing_lines": 0, "excluded_lines": 0, "num_branches": 0, "num_partial_branches": 0, "covered_branches": 0, "missing_branches": 0}, "missing_lines": [], "excluded_lines": [], "executed_branches": [], "missing_branches": []}, "PlaylistItemAdmin": {"executed_lines": [], "summary": {"covered_lines": 0, "num_statements": 10, "percent_covered": 0.0, "percent_covered_display": "0", "missing_lines": 10, "excluded_lines": 0, "num_branches": 2, "num_partial_branches": 0, "covered_branches": 0, "missing_branches": 2}, "missing_lines": [386, 387, 389, 390, 391, 392, 393, 394, 401, 402], "excluded_lines": [], "executed_branches": [], "missing_branches": [[389, -384], [389, 390]]}, "": {"executed_lines": [], "summary": {"covered_lines": 0, "num_statements": 70, "percent_covered": 0.0, "percent_covered_display": "0", "missing_lines": 70, "excluded_lines": 2, "num_branches": 0, "num_partial_branches": 0, "covered_branches": 0, "missing_branches": 0}, "missing_lines": [16, 17, 19, 20, 22, 23, 24, 29, 32, 47, 48, 49, 52, 65, 81, 88, 96, 104, 107, 127, 128, 129, 130, 131, 132, 135, 136, 139, 152, 172, 192, 206, 207, 208, 211, 222, 235, 242, 249, 256, 259, 260, 261, 262, 263, 264, 267, 268, 271, 284, 295, 296, 297, 300, 312, 326, 332, 339, 348, 351, 360, 361, 362, 363, 364, 367, 368, 371, 384, 406], "excluded_lines": [26, 27], "executed_branches": [], "missing_branches": []}}}, "src\\api\\__init__.py": {"executed_lines": [], "summary": {"covered_lines": 0, "num_statements": 0, "percent_covered": 100.0, "percent_covered_display": "100", "missing_lines": 0, "excluded_lines": 0, "num_branches": 0, "num_partial_branches": 0, "covered_branches": 0, "missing_branches": 0}, "missing_lines": [], "excluded_lines": [], "executed_branches": [], "missing_branches": [], "functions": {"": {"executed_lines": [], "summary": {"covered_lines": 0, "num_statements": 0, "percent_covered": 100.0, "percent_covered_display": "100", "missing_lines": 0, "excluded_lines": 0, "num_branches": 0, "num_partial_branches": 0, "covered_branches": 0, "missing_branches": 0}, "missing_lines": [], "excluded_lines": [], "executed_branches": [], "missing_branches": []}}, "classes": {"": {"executed_lines": [], "summary": {"covered_lines": 0, "num_statements": 0, "percent_covered": 100.0, "percent_covered_display": "100", "missing_lines": 0, "excluded_lines": 0, "num_branches": 0, "num_partial_branches": 0, "covered_branches": 0, "missing_branches": 0}, "missing_lines": [], "excluded_lines": [], "executed_branches": [], "missing_branches": []}}}, "src\\api\\admin.py": {"executed_lines": [1, 2, 3, 4, 5, 6, 7, 8, 9, 10, 11, 12, 13, 14, 15, 16, 23, 24, 26, 29, 30, 32, 33, 34, 35, 36, 37, 40, 41, 44, 47, 48, 59, 62, 64, 68, 71, 72, 75, 77, 93, 94, 95, 96, 99, 101, 102, 103, 106, 107, 115, 118, 119, 143, 144, 193, 194, 209, 210, 235, 236, 261, 262, 292, 293, 301, 303, 304, 307, 308, 311, 316, 317, 319, 347, 348, 352, 353, 364, 365, 369, 370, 380, 381, 439, 440, 479, 480, 511, 512, 566, 567, 609, 610], "summary": {"covered_lines": 94, "num_statements": 208, "percent_covered": 40.49586776859504, "percent_covered_display": "40", "missing_lines": 114, "excluded_lines": 1, "num_branches": 34, "num_partial_branches": 4, "covered_branches": 4, "missing_branches": 30}, "missing_lines": [63, 65, 97, 100, 120, 121, 122, 124, 125, 126, 127, 128, 131, 132, 140, 150, 151, 152, 155, 156, 157, 160, 161, 164, 165, 168, 169, 170, 172, 173, 174, 177, 178, 190, 196, 197, 198, 200, 201, 203, 204, 205, 206, 207, 211, 212, 214, 215, 222, 225, 226, 233, 237, 238, 240, 241, 248, 251, 252, 259, 267, 268, 270, 271, 278, 281, 282, 290, 336, 338, 349, 350, 354, 355, 356, 357, 361, 362, 366, 367, 371, 372, 373, 374, 424, 425, 431, 432, 433, 466, 467, 471, 472, 473, 496, 497, 498, 502, 503, 556, 557, 558, 559, 560, 599, 600, 601, 602, 603, 628, 629, 630, 631, 632], "excluded_lines": [519], "executed_branches": [[62, 64], [64, 68], [96, 99], [99, 101]], "missing_branches": [[62, 63], [64, 65], [96, 97], [99, 100], [121, 122], [121, 124], [124, 125], [124, 126], [151, 152], [151, 155], [160, 161], [160, 164], [164, 165], [164, 168], [169, 170], [169, 172], [197, 198], [197, 200], [200, 201], [200, 203], [203, 204], [203, 205], [212, 214], [212, 225], [238, 240], [238, 251], [268, 270], [268, 281], [372, 373], [372, 374]], "functions": {"list_users": {"executed_lines": [59, 62, 64, 68, 71, 72, 75, 77], "summary": {"covered_lines": 8, "num_statements": 10, "percent_covered": 71.42857142857143, "percent_covered_display": "71", "missing_lines": 2, "excluded_lines": 0, "num_branches": 4, "num_partial_branches": 2, "covered_branches": 2, "missing_branches": 2}, "missing_lines": [63, 65], "excluded_lines": [], "executed_branches": [[62, 64], [64, 68]], "missing_branches": [[62, 63], [64, 65]]}, "approve_user": {"executed_lines": [95, 96, 99, 101, 102, 103, 106, 107, 115], "summary": {"covered_lines": 9, "num_statements": 11, "percent_covered": 73.33333333333333, "percent_covered_display": "73", "missing_lines": 2, "excluded_lines": 0, "num_branches": 4, "num_partial_branches": 2, "covered_branches": 2, "missing_branches": 2}, "missing_lines": [97, 100], "excluded_lines": [], "executed_branches": [[96, 99], [99, 101]], "missing_branches": [[96, 97], [99, 100]]}, "reject_user": {"executed_lines": [], "summary": {"covered_lines": 0, "num_statements": 11, "percent_covered": 0.0, "percent_covered_display": "0", "missing_lines": 11, "excluded_lines": 0, "num_branches": 4, "num_partial_branches": 0, "covered_branches": 0, "missing_branches": 4}, "missing_lines": [120, 121, 122, 124, 125, 126, 127, 128, 131, 132, 140], "excluded_lines": [], "executed_branches": [], "missing_branches": [[121, 122], [121, 124], [124, 125], [124, 126]]}, "update_user_role": {"executed_lines": [], "summary": {"covered_lines": 0, "num_statements": 19, "percent_covered": 0.0, "percent_covered_display": "0", "missing_lines": 19, "excluded_lines": 0, "num_branches": 8, "num_partial_branches": 0, "covered_branches": 0, "missing_branches": 8}, "missing_lines": [150, 151, 152, 155, 156, 157, 160, 161, 164, 165, 168, 169, 170, 172, 173, 174, 177, 178, 190], "excluded_lines": [], "executed_branches": [], "missing_branches": [[151, 152], [151, 155], [160, 161], [160, 164], [164, 165], [164, 168], [169, 170], [169, 172]]}, "delete_user": {"executed_lines": [], "summary": {"covered_lines": 0, "num_statements": 10, "percent_covered": 0.0, "percent_covered_display": "0", "missing_lines": 10, "excluded_lines": 0, "num_branches": 6, "num_partial_branches": 0, "covered_branches": 0, "missing_branches": 6}, "missing_lines": [196, 197, 198, 200, 201, 203, 204, 205, 206, 207], "excluded_lines": [], "executed_branches": [], "missing_branches": [[197, 198], [197, 200], [200, 201], [200, 203], [203, 204], [203, 205]]}, "start_stream": {"executed_lines": [], "summary": {"covered_lines": 0, "num_statements": 8, "percent_covered": 0.0, "percent_covered_display": "0", "missing_lines": 8, "excluded_lines": 0, "num_branches": 2, "num_partial_branches": 0, "covered_branches": 0, "missing_branches": 2}, "missing_lines": [211, 212, 214, 215, 222, 225, 226, 233], "excluded_lines": [], "executed_branches": [], "missing_branches": [[212, 214], [212, 225]]}, "stop_stream": {"executed_lines": [], "summary": {"covered_lines": 0, "num_statements": 8, "percent_covered": 0.0, "percent_covered_display": "0", "missing_lines": 8, "excluded_lines": 0, "num_branches": 2, "num_partial_branches": 0, "covered_branches": 0, "missing_branches": 2}, "missing_lines": [237, 238, 240, 241, 248, 251, 252, 259], "excluded_lines": [], "executed_branches": [], "missing_branches": [[238, 240], [238, 251]]}, "restart_stream": {"executed_lines": [], "summary": {"covered_lines": 0, "num_statements": 8, "percent_covered": 0.0, "percent_covered_display": "0", "missing_lines": 8, "excluded_lines": 0, "num_branches": 2, "num_partial_branches": 0, "covered_branches": 0, "missing_branches": 2}, "missing_lines": [267, 268, 270, 271, 278, 281, 282, 290], "excluded_lines": [], "executed_branches": [], "missing_branches": [[268, 270], [268, 281]]}, "get_stream_status": {"executed_lines": [301, 303, 304, 307, 308, 311, 316, 317, 319], "summary": {"covered_lines": 9, "num_statements": 11, "percent_covered": 81.81818181818181, "percent_covered_display": "82", "missing_lines": 2, "excluded_lines": 0, "num_branches": 0, "num_partial_branches": 0, "covered_branches": 0, "missing_branches": 0}, "missing_lines": [336, 338], "excluded_lines": [], "executed_branches": [], "missing_branches": []}, "get_stream_logs": {"executed_lines": [], "summary": {"covered_lines": 0, "num_statements": 2, "percent_covered": 0.0, "percent_covered_display": "0", "missing_lines": 2, "excluded_lines": 0, "num_branches": 0, "num_partial_branches": 0, "covered_branches": 0, "missing_branches": 0}, "missing_lines": [349, 350], "excluded_lines": [], "executed_branches": [], "missing_branches": []}, "get_stream_metrics": {"executed_lines": [], "summary": {"covered_lines": 0, "num_statements": 6, "percent_covered": 0.0, "percent_covered_display": "0", "missing_lines": 6, "excluded_lines": 0, "num_branches": 0, "num_partial_branches": 0, "covered_branches": 0, "missing_branches": 0}, "missing_lines": [354, 355, 356, 357, 361, 362], "excluded_lines": [], "executed_branches": [], "missing_branches": []}, "get_playlist": {"executed_lines": [], "summary": {"covered_lines": 0, "num_statements": 2, "percent_covered": 0.0, "percent_covered_display": "0", "missing_lines": 2, "excluded_lines": 0, "num_branches": 0, "num_partial_branches": 0, "covered_branches": 0, "missing_branches": 0}, "missing_lines": [366, 367], "excluded_lines": [], "executed_branches": [], "missing_branches": []}, "update_playlist": {"executed_lines": [], "summary": {"covered_lines": 0, "num_statements": 4, "percent_covered": 0.0, "percent_covered_display": "0", "missing_lines": 4, "excluded_lines": 0, "num_branches": 2, "num_partial_branches": 0, "covered_branches": 0, "missing_branches": 2}, "missing_lines": [371, 372, 373, 374], "excluded_lines": [], "executed_branches": [], "missing_branches": [[372, 373], [372, 374]]}, "get_stream_quality": {"executed_lines": [], "summary": {"covered_lines": 0, "num_statements": 5, "percent_covered": 0.0, "percent_covered_display": "0", "missing_lines": 5, "excluded_lines": 0, "num_branches": 0, "num_partial_branches": 0, "covered_branches": 0, "missing_branches": 0}, "missing_lines": [424, 425, 431, 432, 433], "excluded_lines": [], "executed_branches": [], "missing_branches": []}, "batch_analyze_streams": {"executed_lines": [], "summary": {"covered_lines": 0, "num_statements": 5, "percent_covered": 0.0, "percent_covered_display": "0", "missing_lines": 5, "excluded_lines": 0, "num_branches": 0, "num_partial_branches": 0, "covered_branches": 0, "missing_branches": 0}, "missing_lines": [466, 467, 471, 472, 473], "excluded_lines": [], "executed_branches": [], "missing_branches": []}, "clear_quality_cache": {"executed_lines": [], "summary": {"covered_lines": 0, "num_statements": 5, "percent_covered": 0.0, "percent_covered_display": "0", "missing_lines": 5, "excluded_lines": 0, "num_branches": 0, "num_partial_branches": 0, "covered_branches": 0, "missing_branches": 0}, "missing_lines": [496, 497, 498, 502, 503], "excluded_lines": [], "executed_branches": [], "missing_branches": []}, "get_quality_trend": {"executed_lines": [], "summary": {"covered_lines": 0, "num_statements": 5, "percent_covered": 0.0, "percent_covered_display": "0", "missing_lines": 5, "excluded_lines": 1, "num_branches": 0, "num_partial_branches": 0, "covered_branches": 0, "missing_branches": 0}, "missing_lines": [556, 557, 558, 559, 560], "excluded_lines": [519], "executed_branches": [], "missing_branches": []}, "set_quality_alert_config": {"executed_lines": [], "summary": {"covered_lines": 0, "num_statements": 5, "percent_covered": 0.0, "percent_covered_display": "0", "missing_lines": 5, "excluded_lines": 0, "num_branches": 0, "num_partial_branches": 0, "covered_branches": 0, "missing_branches": 0}, "missing_lines": [599, 600, 601, 602, 603], "excluded_lines": [], "executed_branches": [], "missing_branches": []}, "get_quality_alert_config": {"executed_lines": [], "summary": {"covered_lines": 0, "num_statements": 5, "percent_covered": 0.0, "percent_covered_display": "0", "missing_lines": 5, "excluded_lines": 0, "num_branches": 0, "num_partial_branches": 0, "covered_branches": 0, "missing_branches": 0}, "missing_lines": [628, 629, 630, 631, 632], "excluded_lines": [], "executed_branches": [], "missing_branches": []}, "": {"executed_lines": [1, 2, 3, 4, 5, 6, 7, 8, 9, 10, 11, 12, 13, 14, 15, 16, 23, 24, 26, 29, 30, 32, 33, 34, 35, 36, 37, 40, 41, 44, 47, 48, 93, 94, 118, 119, 143, 144, 193, 194, 209, 210, 235, 236, 261, 262, 292, 293, 347, 348, 352, 353, 364, 365, 369, 370, 380, 381, 439, 440, 479, 480, 511, 512, 566, 567, 609, 610], "summary": {"covered_lines": 68, "num_statements": 68, "percent_covered": 100.0, "percent_covered_display": "100", "missing_lines": 0, "excluded_lines": 0, "num_branches": 0, "num_partial_branches": 0, "covered_branches": 0, "missing_branches": 0}, "missing_lines": [], "excluded_lines": [], "executed_branches": [], "missing_branches": []}}, "classes": {"PlaylistUpdate": {"executed_lines": [], "summary": {"covered_lines": 0, "num_statements": 0, "percent_covered": 100.0, "percent_covered_display": "100", "missing_lines": 0, "excluded_lines": 0, "num_branches": 0, "num_partial_branches": 0, "covered_branches": 0, "missing_branches": 0}, "missing_lines": [], "excluded_lines": [], "executed_branches": [], "missing_branches": []}, "PaginatedUsersResponse": {"executed_lines": [], "summary": {"covered_lines": 0, "num_statements": 0, "percent_covered": 100.0, "percent_covered_display": "100", "missing_lines": 0, "excluded_lines": 0, "num_branches": 0, "num_partial_branches": 0, "covered_branches": 0, "missing_branches": 0}, "missing_lines": [], "excluded_lines": [], "executed_branches": [], "missing_branches": []}, "UserRoleUpdate": {"executed_lines": [], "summary": {"covered_lines": 0, "num_statements": 0, "percent_covered": 100.0, "percent_covered_display": "100", "missing_lines": 0, "excluded_lines": 0, "num_branches": 0, "num_partial_branches": 0, "covered_branches": 0, "missing_branches": 0}, "missing_lines": [], "excluded_lines": [], "executed_branches": [], "missing_branches": []}, "": {"executed_lines": [1, 2, 3, 4, 5, 6, 7, 8, 9, 10, 11, 12, 13, 14, 15, 16, 23, 24, 26, 29, 30, 32, 33, 34, 35, 36, 37, 40, 41, 44, 47, 48, 59, 62, 64, 68, 71, 72, 75, 77, 93, 94, 95, 96, 99, 101, 102, 103, 106, 107, 115, 118, 119, 143, 144, 193, 194, 209, 210, 235, 236, 261, 262, 292, 293, 301, 303, 304, 307, 308, 311, 316, 317, 319, 347, 348, 352, 353, 364, 365, 369, 370, 380, 381, 439, 440, 479, 480, 511, 512, 566, 567, 609, 610], "summary": {"covered_lines": 94, "num_statements": 208, "percent_covered": 40.49586776859504, "percent_covered_display": "40", "missing_lines": 114, "excluded_lines": 1, "num_branches": 34, "num_partial_branches": 4, "covered_branches": 4, "missing_branches": 30}, "missing_lines": [63, 65, 97, 100, 120, 121, 122, 124, 125, 126, 127, 128, 131, 132, 140, 150, 151, 152, 155, 156, 157, 160, 161, 164, 165, 168, 169, 170, 172, 173, 174, 177, 178, 190, 196, 197, 198, 200, 201, 203, 204, 205, 206, 207, 211, 212, 214, 215, 222, 225, 226, 233, 237, 238, 240, 241, 248, 251, 252, 259, 267, 268, 270, 271, 278, 281, 282, 290, 336, 338, 349, 350, 354, 355, 356, 357, 361, 362, 366, 367, 371, 372, 373, 374, 424, 425, 431, 432, 433, 466, 467, 471, 472, 473, 496, 497, 498, 502, 503, 556, 557, 558, 559, 560, 599, 600, 601, 602, 603, 628, 629, 630, 631, 632], "excluded_lines": [519], "executed_branches": [[62, 64], [64, 68], [96, 99], [99, 101]], "missing_branches": [[62, 63], [64, 65], [96, 97], [99, 100], [121, 122], [121, 124], [124, 125], [124, 126], [151, 152], [151, 155], [160, 161], [160, 164], [164, 165], [164, 168], [169, 170], [169, 172], [197, 198], [197, 200], [200, 201], [200, 203], [203, 204], [203, 205], [212, 214], [212, 225], [238, 240], [238, 251], [268, 270], [268, 281], [372, 373], [372, 374]]}}}, "src\\api\\analytics.py": {"executed_lines": [1, 13, 14, 15, 16, 18, 19, 23, 25, 26, 27, 37, 39, 41, 42, 45, 48, 60, 70, 76, 77, 94, 100, 101, 117, 123, 124, 142, 148, 149, 169, 175], "summary": {"covered_lines": 31, "num_statements": 71, "percent_covered": 41.333333333333336, "percent_covered_display": "41", "missing_lines": 40, "excluded_lines": 0, "num_branches": 4, "num_partial_branches": 0, "covered_branches": 0, "missing_branches": 4}, "missing_lines": [20, 21, 50, 51, 52, 53, 54, 55, 56, 57, 64, 65, 87, 88, 89, 90, 91, 110, 111, 112, 113, 114, 135, 136, 137, 138, 139, 160, 161, 162, 163, 164, 187, 188, 190, 191, 192, 193, 194, 195], "excluded_lines": [], "executed_branches": [], "missing_branches": [[50, 51], [50, 52], [187, 188], [187, 190]], "functions": {"get_redis_client": {"executed_lines": [], "summary": {"covered_lines": 0, "num_statements": 8, "percent_covered": 0.0, "percent_covered_display": "0", "missing_lines": 8, "excluded_lines": 0, "num_branches": 2, "num_partial_branches": 0, "covered_branches": 0, "missing_branches": 2}, "missing_lines": [50, 51, 52, 53, 54, 55, 56, 57], "excluded_lines": [], "executed_branches": [], "missing_branches": [[50, 51], [50, 52]]}, "get_analytics_service_dep": {"executed_lines": [], "summary": {"covered_lines": 0, "num_statements": 2, "percent_covered": 0.0, "percent_covered_display": "0", "missing_lines": 2, "excluded_lines": 0, "num_branches": 0, "num_partial_branches": 0, "covered_branches": 0, "missing_branches": 0}, "missing_lines": [64, 65], "excluded_lines": [], "executed_branches": [], "missing_branches": []}, "get_analytics_summary": {"executed_lines": [], "summary": {"covered_lines": 0, "num_statements": 5, "percent_covered": 0.0, "percent_covered_display": "0", "missing_lines": 5, "excluded_lines": 0, "num_branches": 0, "num_partial_branches": 0, "covered_branches": 0, "missing_branches": 0}, "missing_lines": [87, 88, 89, 90, 91], "excluded_lines": [], "executed_branches": [], "missing_branches": []}, "get_listener_stats": {"executed_lines": [], "summary": {"covered_lines": 0, "num_statements": 5, "percent_covered": 0.0, "percent_covered_display": "0", "missing_lines": 5, "excluded_lines": 0, "num_branches": 0, "num_partial_branches": 0, "covered_branches": 0, "missing_branches": 0}, "missing_lines": [110, 111, 112, 113, 114], "excluded_lines": [], "executed_branches": [], "missing_branches": []}, "get_listener_history": {"executed_lines": [], "summary": {"covered_lines": 0, "num_statements": 5, "percent_covered": 0.0, "percent_covered_display": "0", "missing_lines": 5, "excluded_lines": 0, "num_branches": 0, "num_partial_branches": 0, "covered_branches": 0, "missing_branches": 0}, "missing_lines": [135, 136, 137, 138, 139], "excluded_lines": [], "executed_branches": [], "missing_branches": []}, "get_top_tracks": {"executed_lines": [], "summary": {"covered_lines": 0, "num_statements": 5, "percent_covered": 0.0, "percent_covered_display": "0", "missing_lines": 5, "excluded_lines": 0, "num_branches": 0, "num_partial_branches": 0, "covered_branches": 0, "missing_branches": 0}, "missing_lines": [160, 161, 162, 163, 164], "excluded_lines": [], "executed_branches": [], "missing_branches": []}, "log_track_play": {"executed_lines": [], "summary": {"covered_lines": 0, "num_statements": 8, "percent_covered": 0.0, "percent_covered_display": "0", "missing_lines": 8, "excluded_lines": 0, "num_branches": 2, "num_partial_branches": 0, "covered_branches": 0, "missing_branches": 2}, "missing_lines": [187, 188, 190, 191, 192, 193, 194, 195], "excluded_lines": [], "executed_branches": [], "missing_branches": [[187, 188], [187, 190]]}, "": {"executed_lines": [1, 13, 14, 15, 16, 18, 19, 23, 25, 26, 27, 37, 39, 41, 42, 45, 48, 60, 70, 76, 77, 94, 100, 101, 117, 123, 124, 142, 148, 149, 169, 175], "summary": {"covered_lines": 31, "num_statements": 33, "percent_covered": 93.93939393939394, "percent_covered_display": "94", "missing_lines": 2, "excluded_lines": 0, "num_branches": 0, "num_partial_branches": 0, "covered_branches": 0, "missing_branches": 0}, "missing_lines": [20, 21], "excluded_lines": [], "executed_branches": [], "missing_branches": []}}, "classes": {"": {"executed_lines": [1, 13, 14, 15, 16, 18, 19, 23, 25, 26, 27, 37, 39, 41, 42, 45, 48, 60, 70, 76, 77, 94, 100, 101, 117, 123, 124, 142, 148, 149, 169, 175], "summary": {"covered_lines": 31, "num_statements": 71, "percent_covered": 41.333333333333336, "percent_covered_display": "41", "missing_lines": 40, "excluded_lines": 0, "num_branches": 4, "num_partial_branches": 0, "covered_branches": 0, "missing_branches": 4}, "missing_lines": [20, 21, 50, 51, 52, 53, 54, 55, 56, 57, 64, 65, 87, 88, 89, 90, 91, 110, 111, 112, 113, 114, 135, 136, 137, 138, 139, 160, 161, 162, 163, 164, 187, 188, 190, 191, 192, 193, 194, 195], "excluded_lines": [], "executed_branches": [], "missing_branches": [[50, 51], [50, 52], [187, 188], [187, 190]]}}}, "src\\api\\audio.py": {"executed_lines": [1, 11, 12, 13, 14, 15, 16, 18, 19, 20, 21, 22, 24, 27, 30, 31, 33, 34, 35, 36, 39, 40, 41, 42, 43, 45, 46, 53, 54, 56, 57, 58, 61, 62, 126, 127, 156, 157, 192, 193, 241, 242], "summary": {"covered_lines": 39, "num_statements": 94, "percent_covered": 33.05084745762712, "percent_covered_display": "33", "missing_lines": 55, "excluded_lines": 0, "num_branches": 24, "num_partial_branches": 0, "covered_branches": 0, "missing_branches": 24}, "missing_lines": [48, 49, 50, 73, 78, 79, 81, 82, 83, 84, 86, 87, 90, 105, 106, 107, 111, 113, 114, 116, 120, 136, 137, 138, 142, 143, 144, 146, 164, 168, 170, 179, 204, 208, 210, 211, 214, 215, 216, 217, 218, 219, 220, 221, 222, 224, 225, 228, 246, 247, 248, 249, 250, 251, 252], "excluded_lines": [], "executed_branches": [], "missing_branches": [[48, 49], [48, 50], [78, 79], [78, 81], [81, 82], [81, 86], [83, 84], [83, 86], [86, 87], [86, 90], [143, -136], [143, 144], [168, 170], [168, 179], [208, 210], [208, 214], [214, 215], [214, 216], [216, 217], [216, 218], [218, 219], [218, 220], [220, 221], [220, 224]], "functions": {"TranscodeRequest.validate_eq_bands": {"executed_lines": [], "summary": {"covered_lines": 0, "num_statements": 3, "percent_covered": 0.0, "percent_covered_display": "0", "missing_lines": 3, "excluded_lines": 0, "num_branches": 2, "num_partial_branches": 0, "covered_branches": 0, "missing_branches": 2}, "missing_lines": [48, 49, 50], "excluded_lines": [], "executed_branches": [], "missing_branches": [[48, 49], [48, 50]]}, "transcode_audio": {"executed_lines": [], "summary": {"covered_lines": 0, "num_statements": 18, "percent_covered": 0.0, "percent_covered_display": "0", "missing_lines": 18, "excluded_lines": 0, "num_branches": 8, "num_partial_branches": 0, "covered_branches": 0, "missing_branches": 8}, "missing_lines": [73, 78, 79, 81, 82, 83, 84, 86, 87, 90, 105, 106, 107, 111, 113, 114, 116, 120], "excluded_lines": [], "executed_branches": [], "missing_branches": [[78, 79], [78, 81], [81, 82], [81, 86], [83, 84], [83, 86], [86, 87], [86, 90]]}, "stream_transcoded_audio": {"executed_lines": [], "summary": {"covered_lines": 0, "num_statements": 2, "percent_covered": 0.0, "percent_covered_display": "0", "missing_lines": 2, "excluded_lines": 0, "num_branches": 0, "num_partial_branches": 0, "covered_branches": 0, "missing_branches": 0}, "missing_lines": [136, 146], "excluded_lines": [], "executed_branches": [], "missing_branches": []}, "stream_transcoded_audio.stream_from_transcoder": {"executed_lines": [], "summary": {"covered_lines": 0, "num_statements": 5, "percent_covered": 0.0, "percent_covered_display": "0", "missing_lines": 5, "excluded_lines": 0, "num_branches": 2, "num_partial_branches": 0, "covered_branches": 0, "missing_branches": 2}, "missing_lines": [137, 138, 142, 143, 144], "excluded_lines": [], "executed_branches": [], "missing_branches": [[143, -136], [143, 144]]}, "get_audio_settings": {"executed_lines": [], "summary": {"covered_lines": 0, "num_statements": 4, "percent_covered": 0.0, "percent_covered_display": "0", "missing_lines": 4, "excluded_lines": 0, "num_branches": 2, "num_partial_branches": 0, "covered_branches": 0, "missing_branches": 2}, "missing_lines": [164, 168, 170, 179], "excluded_lines": [], "executed_branches": [], "missing_branches": [[168, 170], [168, 179]]}, "update_audio_settings": {"executed_lines": [], "summary": {"covered_lines": 0, "num_statements": 16, "percent_covered": 0.0, "percent_covered_display": "0", "missing_lines": 16, "excluded_lines": 0, "num_branches": 10, "num_partial_branches": 0, "covered_branches": 0, "missing_branches": 10}, "missing_lines": [204, 208, 210, 211, 214, 215, 216, 217, 218, 219, 220, 221, 222, 224, 225, 228], "excluded_lines": [], "executed_branches": [], "missing_branches": [[208, 210], [208, 214], [214, 215], [214, 216], [216, 217], [216, 218], [218, 219], [218, 220], [220, 221], [220, 224]]}, "check_transcoder_health": {"executed_lines": [], "summary": {"covered_lines": 0, "num_statements": 7, "percent_covered": 0.0, "percent_covered_display": "0", "missing_lines": 7, "excluded_lines": 0, "num_branches": 0, "num_partial_branches": 0, "covered_branches": 0, "missing_branches": 0}, "missing_lines": [246, 247, 248, 249, 250, 251, 252], "excluded_lines": [], "executed_branches": [], "missing_branches": []}, "": {"executed_lines": [1, 11, 12, 13, 14, 15, 16, 18, 19, 20, 21, 22, 24, 27, 30, 31, 33, 34, 35, 36, 39, 40, 41, 42, 43, 45, 46, 53, 54, 56, 57, 58, 61, 62, 126, 127, 156, 157, 192, 193, 241, 242], "summary": {"covered_lines": 39, "num_statements": 39, "percent_covered": 100.0, "percent_covered_display": "100", "missing_lines": 0, "excluded_lines": 0, "num_branches": 0, "num_partial_branches": 0, "covered_branches": 0, "missing_branches": 0}, "missing_lines": [], "excluded_lines": [], "executed_branches": [], "missing_branches": []}}, "classes": {"TranscodeRequest": {"executed_lines": [], "summary": {"covered_lines": 0, "num_statements": 3, "percent_covered": 0.0, "percent_covered_display": "0", "missing_lines": 3, "excluded_lines": 0, "num_branches": 2, "num_partial_branches": 0, "covered_branches": 0, "missing_branches": 2}, "missing_lines": [48, 49, 50], "excluded_lines": [], "executed_branches": [], "missing_branches": [[48, 49], [48, 50]]}, "TranscodeResponse": {"executed_lines": [], "summary": {"covered_lines": 0, "num_statements": 0, "percent_covered": 100.0, "percent_covered_display": "100", "missing_lines": 0, "excluded_lines": 0, "num_branches": 0, "num_partial_branches": 0, "covered_branches": 0, "missing_branches": 0}, "missing_lines": [], "excluded_lines": [], "executed_branches": [], "missing_branches": []}, "": {"executed_lines": [1, 11, 12, 13, 14, 15, 16, 18, 19, 20, 21, 22, 24, 27, 30, 31, 33, 34, 35, 36, 39, 40, 41, 42, 43, 45, 46, 53, 54, 56, 57, 58, 61, 62, 126, 127, 156, 157, 192, 193, 241, 242], "summary": {"covered_lines": 39, "num_statements": 91, "percent_covered": 34.51327433628319, "percent_covered_display": "35", "missing_lines": 52, "excluded_lines": 0, "num_branches": 22, "num_partial_branches": 0, "covered_branches": 0, "missing_branches": 22}, "missing_lines": [73, 78, 79, 81, 82, 83, 84, 86, 87, 90, 105, 106, 107, 111, 113, 114, 116, 120, 136, 137, 138, 142, 143, 144, 146, 164, 168, 170, 179, 204, 208, 210, 211, 214, 215, 216, 217, 218, 219, 220, 221, 222, 224, 225, 228, 246, 247, 248, 249, 250, 251, 252], "excluded_lines": [], "executed_branches": [], "missing_branches": [[78, 79], [78, 81], [81, 82], [81, 86], [83, 84], [83, 86], [86, 87], [86, 90], [143, -136], [143, 144], [168, 170], [168, 179], [208, 210], [208, 214], [214, 215], [214, 216], [216, 217], [216, 218], [218, 219], [218, 220], [220, 221], [220, 224]]}}}, "src\\api\\auth\\__init__.py": {"executed_lines": [1, 4, 6, 8, 9, 10, 11, 12, 15, 21, 22, 24, 27, 30, 31, 32, 33, 34, 37, 38, 59, 66], "summary": {"covered_lines": 21, "num_statements": 25, "percent_covered": 84.0, "percent_covered_display": "84", "missing_lines": 4, "excluded_lines": 0, "num_branches": 0, "num_partial_branches": 0, "covered_branches": 0, "missing_branches": 0}, "missing_lines": [48, 55, 56, 63], "excluded_lines": [], "executed_branches": [], "missing_branches": [], "functions": {"logout": {"executed_lines": [], "summary": {"covered_lines": 0, "num_statements": 3, "percent_covered": 0.0, "percent_covered_display": "0", "missing_lines": 3, "excluded_lines": 0, "num_branches": 0, "num_partial_branches": 0, "covered_branches": 0, "missing_branches": 0}, "missing_lines": [48, 55, 56], "excluded_lines": [], "executed_branches": [], "missing_branches": []}, "notify_admins_async": {"executed_lines": [], "summary": {"covered_lines": 0, "num_statements": 1, "percent_covered": 0.0, "percent_covered_display": "0", "missing_lines": 1, "excluded_lines": 0, "num_branches": 0, "num_partial_branches": 0, "covered_branches": 0, "missing_branches": 0}, "missing_lines": [63], "excluded_lines": [], "executed_branches": [], "missing_branches": []}, "": {"executed_lines": [1, 4, 6, 8, 9, 10, 11, 12, 15, 21, 22, 24, 27, 30, 31, 32, 33, 34, 37, 38, 59, 66], "summary": {"covered_lines": 21, "num_statements": 21, "percent_covered": 100.0, "percent_covered_display": "100", "missing_lines": 0, "excluded_lines": 0, "num_branches": 0, "num_partial_branches": 0, "covered_branches": 0, "missing_branches": 0}, "missing_lines": [], "excluded_lines": [], "executed_branches": [], "missing_branches": []}}, "classes": {"": {"executed_lines": [1, 4, 6, 8, 9, 10, 11, 12, 15, 21, 22, 24, 27, 30, 31, 32, 33, 34, 37, 38, 59, 66], "summary": {"covered_lines": 21, "num_statements": 25, "percent_covered": 84.0, "percent_covered_display": "84", "missing_lines": 4, "excluded_lines": 0, "num_branches": 0, "num_partial_branches": 0, "covered_branches": 0, "missing_branches": 0}, "missing_lines": [48, 55, 56, 63], "excluded_lines": [], "executed_branches": [], "missing_branches": []}}}, "src\\api\\auth\\dependencies.py": {"executed_lines": [1, 4, 5, 6, 7, 9, 10, 11, 13, 14, 15, 16, 18, 20, 23, 27, 33, 34, 35, 36, 38, 39, 43, 44, 49, 50, 54, 57, 61, 62, 63, 64, 68, 71, 83, 84, 85, 88, 92, 112, 117, 118, 119], "summary": {"covered_lines": 42, "num_statements": 66, "percent_covered": 61.25, "percent_covered_display": "61", "missing_lines": 24, "excluded_lines": 0, "num_branches": 14, "num_partial_branches": 3, "covered_branches": 7, "missing_branches": 7}, "missing_lines": [40, 41, 45, 46, 47, 51, 52, 75, 89, 97, 98, 99, 101, 103, 104, 105, 107, 108, 109, 121, 122, 123, 124, 126], "excluded_lines": [], "executed_branches": [[34, 35], [34, 38], [39, 43], [50, 54], [63, 64], [63, 68], [117, 118]], "missing_branches": [[39, 40], [50, 51], [103, 104], [103, 107], [117, 121], [123, -121], [123, 124]], "functions": {"get_current_user": {"executed_lines": [27, 33, 34, 35, 36, 38, 39, 43, 44, 49, 50, 54], "summary": {"covered_lines": 12, "num_statements": 19, "percent_covered": 64.0, "percent_covered_display": "64", "missing_lines": 7, "excluded_lines": 0, "num_branches": 6, "num_partial_branches": 2, "covered_branches": 4, "missing_branches": 2}, "missing_lines": [40, 41, 45, 46, 47, 51, 52], "excluded_lines": [], "executed_branches": [[34, 35], [34, 38], [39, 43], [50, 54]], "missing_branches": [[39, 40], [50, 51]]}, "require_admin": {"executed_lines": [61, 62, 63, 64, 68], "summary": {"covered_lines": 5, "num_statements": 5, "percent_covered": 100.0, "percent_covered_display": "100", "missing_lines": 0, "excluded_lines": 0, "num_branches": 2, "num_partial_branches": 0, "covered_branches": 2, "missing_branches": 0}, "missing_lines": [], "excluded_lines": [], "executed_branches": [[63, 64], [63, 68]], "missing_branches": []}, "get_playback_service": {"executed_lines": [], "summary": {"covered_lines": 0, "num_statements": 1, "percent_covered": 0.0, "percent_covered_display": "0", "missing_lines": 1, "excluded_lines": 0, "num_branches": 0, "num_partial_branches": 0, "covered_branches": 0, "missing_branches": 0}, "missing_lines": [75], "excluded_lines": [], "executed_branches": [], "missing_branches": []}, "_rate_limit_key": {"executed_lines": [], "summary": {"covered_lines": 0, "num_statements": 1, "percent_covered": 0.0, "percent_covered_display": "0", "missing_lines": 1, "excluded_lines": 0, "num_branches": 0, "num_partial_branches": 0, "covered_branches": 0, "missing_branches": 0}, "missing_lines": [89], "excluded_lines": [], "executed_branches": [], "missing_branches": []}, "_check_rate_limit": {"executed_lines": [], "summary": {"covered_lines": 0, "num_statements": 10, "percent_covered": 0.0, "percent_covered_display": "0", "missing_lines": 10, "excluded_lines": 0, "num_branches": 2, "num_partial_branches": 0, "covered_branches": 0, "missing_branches": 2}, "missing_lines": [97, 98, 99, 101, 103, 104, 105, 107, 108, 109], "excluded_lines": [], "executed_branches": [], "missing_branches": [[103, 104], [103, 107]]}, "make_rate_limit_dep": {"executed_lines": [117, 118, 119], "summary": {"covered_lines": 3, "num_statements": 5, "percent_covered": 57.142857142857146, "percent_covered_display": "57", "missing_lines": 2, "excluded_lines": 0, "num_branches": 2, "num_partial_branches": 1, "covered_branches": 1, "missing_branches": 1}, "missing_lines": [121, 126], "excluded_lines": [], "executed_branches": [[117, 118]], "missing_branches": [[117, 121]]}, "make_rate_limit_dep._mem_limit": {"executed_lines": [], "summary": {"covered_lines": 0, "num_statements": 3, "percent_covered": 0.0, "percent_covered_display": "0", "missing_lines": 3, "excluded_lines": 0, "num_branches": 2, "num_partial_branches": 0, "covered_branches": 0, "missing_branches": 2}, "missing_lines": [122, 123, 124], "excluded_lines": [], "executed_branches": [], "missing_branches": [[123, -121], [123, 124]]}, "": {"executed_lines": [1, 4, 5, 6, 7, 9, 10, 11, 13, 14, 15, 16, 18, 20, 23, 57, 71, 83, 84, 85, 88, 92, 112], "summary": {"covered_lines": 22, "num_statements": 22, "percent_covered": 100.0, "percent_covered_display": "100", "missing_lines": 0, "excluded_lines": 0, "num_branches": 0, "num_partial_branches": 0, "covered_branches": 0, "missing_branches": 0}, "missing_lines": [], "excluded_lines": [], "executed_branches": [], "missing_branches": []}}, "classes": {"": {"executed_lines": [1, 4, 5, 6, 7, 9, 10, 11, 13, 14, 15, 16, 18, 20, 23, 27, 33, 34, 35, 36, 38, 39, 43, 44, 49, 50, 54, 57, 61, 62, 63, 64, 68, 71, 83, 84, 85, 88, 92, 112, 117, 118, 119], "summary": {"covered_lines": 42, "num_statements": 66, "percent_covered": 61.25, "percent_covered_display": "61", "missing_lines": 24, "excluded_lines": 0, "num_branches": 14, "num_partial_branches": 3, "covered_branches": 7, "missing_branches": 7}, "missing_lines": [40, 41, 45, 46, 47, 51, 52, 75, 89, 97, 98, 99, 101, 103, 104, 105, 107, 108, 109, 121, 122, 123, 124, 126], "excluded_lines": [], "executed_branches": [[34, 35], [34, 38], [39, 43], [50, 54], [63, 64], [63, 68], [117, 118]], "missing_branches": [[39, 40], [50, 51], [103, 104], [103, 107], [117, 121], [123, -121], [123, 124]]}}}, "src\\api\\auth\\email_password.py": {"executed_lines": [1, 4, 5, 7, 8, 9, 10, 12, 13, 14, 15, 16, 17, 18, 19, 20, 22, 24, 31, 32, 33, 36, 37, 38, 39, 42, 43, 46, 47, 48, 51, 52, 55, 56, 59, 60, 67, 68, 79, 80, 174, 175, 288, 289, 298, 299, 303, 304, 313, 314, 346, 347, 378, 379, 397, 398], "summary": {"covered_lines": 55, "num_statements": 195, "percent_covered": 21.568627450980394, "percent_covered_display": "22", "missing_lines": 140, "excluded_lines": 0, "num_branches": 60, "num_partial_branches": 0, "covered_branches": 0, "missing_branches": 60}, "missing_lines": [73, 74, 75, 76, 90, 91, 93, 94, 96, 98, 100, 101, 107, 108, 110, 116, 118, 119, 125, 126, 127, 130, 131, 140, 141, 142, 143, 146, 148, 150, 157, 158, 185, 186, 188, 189, 190, 191, 192, 193, 200, 201, 202, 203, 204, 209, 210, 211, 214, 215, 216, 217, 218, 221, 222, 224, 226, 227, 228, 231, 232, 233, 234, 241, 247, 249, 250, 251, 254, 255, 256, 257, 258, 259, 260, 261, 262, 263, 264, 267, 268, 269, 270, 271, 272, 273, 276, 279, 281, 290, 291, 300, 305, 306, 323, 324, 325, 327, 328, 330, 333, 334, 336, 339, 340, 342, 343, 351, 352, 353, 356, 357, 359, 360, 362, 363, 364, 366, 367, 368, 370, 371, 383, 385, 386, 388, 390, 391, 393, 394, 402, 403, 404, 406, 407, 408, 410, 411, 412, 414], "excluded_lines": [], "executed_branches": [], "missing_branches": [[74, 75], [74, 76], [90, 91], [90, 93], [93, 94], [93, 96], [98, 100], [98, 118], [100, 101], [100, 110], [148, 150], [148, 157], [189, 190], [189, 191], [191, 192], [191, 200], [221, 222], [221, 224], [226, 227], [226, 231], [231, 232], [231, 249], [233, 234], [233, 241], [249, 250], [249, 254], [254, 255], [254, 267], [255, 256], [255, 257], [258, 259], [258, 261], [262, 263], [262, 267], [268, 269], [268, 276], [324, 325], [324, 327], [327, 328], [327, 330], [333, 334], [333, 336], [339, 340], [339, 342], [352, 353], [352, 356], [356, 357], [356, 359], [359, 360], [359, 362], [363, 364], [363, 366], [385, 386], [385, 388], [390, 391], [390, 393], [403, 404], [403, 406], [407, 408], [407, 410]], "functions": {"check_user_status": {"executed_lines": [], "summary": {"covered_lines": 0, "num_statements": 4, "percent_covered": 0.0, "percent_covered_display": "0", "missing_lines": 4, "excluded_lines": 0, "num_branches": 2, "num_partial_branches": 0, "covered_branches": 0, "missing_branches": 2}, "missing_lines": [73, 74, 75, 76], "excluded_lines": [], "executed_branches": [], "missing_branches": [[74, 75], [74, 76]]}, "register_user": {"executed_lines": [], "summary": {"covered_lines": 0, "num_statements": 28, "percent_covered": 0.0, "percent_covered_display": "0", "missing_lines": 28, "excluded_lines": 0, "num_branches": 10, "num_partial_branches": 0, "covered_branches": 0, "missing_branches": 10}, "missing_lines": [90, 91, 93, 94, 96, 98, 100, 101, 107, 108, 110, 116, 118, 119, 125, 126, 127, 130, 131, 140, 141, 142, 143, 146, 148, 150, 157, 158], "excluded_lines": [], "executed_branches": [], "missing_branches": [[90, 91], [90, 93], [93, 94], [93, 96], [98, 100], [98, 118], [100, 101], [100, 110], [148, 150], [148, 157]]}, "login_user": {"executed_lines": [], "summary": {"covered_lines": 0, "num_statements": 57, "percent_covered": 0.0, "percent_covered_display": "0", "missing_lines": 57, "excluded_lines": 0, "num_branches": 24, "num_partial_branches": 0, "covered_branches": 0, "missing_branches": 24}, "missing_lines": [185, 186, 188, 189, 190, 191, 192, 193, 200, 201, 202, 203, 204, 209, 210, 211, 214, 215, 216, 217, 218, 221, 222, 224, 226, 227, 228, 231, 232, 233, 234, 241, 247, 249, 250, 251, 254, 255, 256, 257, 258, 259, 260, 261, 262, 263, 264, 267, 268, 269, 270, 271, 272, 273, 276, 279, 281], "excluded_lines": [], "executed_branches": [], "missing_branches": [[189, 190], [189, 191], [191, 192], [191, 200], [221, 222], [221, 224], [226, 227], [226, 231], [231, 232], [231, 249], [233, 234], [233, 241], [249, 250], [249, 254], [254, 255], [254, 267], [255, 256], [255, 257], [258, 259], [258, 261], [262, 263], [262, 267], [268, 269], [268, 276]]}, "refresh_tokens": {"executed_lines": [], "summary": {"covered_lines": 0, "num_statements": 2, "percent_covered": 0.0, "percent_covered_display": "0", "missing_lines": 2, "excluded_lines": 0, "num_branches": 0, "num_partial_branches": 0, "covered_branches": 0, "missing_branches": 0}, "missing_lines": [290, 291], "excluded_lines": [], "executed_branches": [], "missing_branches": []}, "list_sessions": {"executed_lines": [], "summary": {"covered_lines": 0, "num_statements": 1, "percent_covered": 0.0, "percent_covered_display": "0", "missing_lines": 1, "excluded_lines": 0, "num_branches": 0, "num_partial_branches": 0, "covered_branches": 0, "missing_branches": 0}, "missing_lines": [300], "excluded_lines": [], "executed_branches": [], "missing_branches": []}, "logout_all_sessions": {"executed_lines": [], "summary": {"covered_lines": 0, "num_statements": 2, "percent_covered": 0.0, "percent_covered_display": "0", "missing_lines": 2, "excluded_lines": 0, "num_branches": 0, "num_partial_branches": 0, "covered_branches": 0, "missing_branches": 0}, "missing_lines": [305, 306], "excluded_lines": [], "executed_branches": [], "missing_branches": []}, "password_reset_request": {"executed_lines": [], "summary": {"covered_lines": 0, "num_statements": 13, "percent_covered": 0.0, "percent_covered_display": "0", "missing_lines": 13, "excluded_lines": 0, "num_branches": 8, "num_partial_branches": 0, "covered_branches": 0, "missing_branches": 8}, "missing_lines": [323, 324, 325, 327, 328, 330, 333, 334, 336, 339, 340, 342, 343], "excluded_lines": [], "executed_branches": [], "missing_branches": [[324, 325], [324, 327], [327, 328], [327, 330], [333, 334], [333, 336], [339, 340], [339, 342]]}, "password_reset_confirm": {"executed_lines": [], "summary": {"covered_lines": 0, "num_statements": 15, "percent_covered": 0.0, "percent_covered_display": "0", "missing_lines": 15, "excluded_lines": 0, "num_branches": 8, "num_partial_branches": 0, "covered_branches": 0, "missing_branches": 8}, "missing_lines": [351, 352, 353, 356, 357, 359, 360, 362, 363, 364, 366, 367, 368, 370, 371], "excluded_lines": [], "executed_branches": [], "missing_branches": [[352, 353], [352, 356], [356, 357], [356, 359], [359, 360], [359, 362], [363, 364], [363, 366]]}, "email_verify_request": {"executed_lines": [], "summary": {"covered_lines": 0, "num_statements": 8, "percent_covered": 0.0, "percent_covered_display": "0", "missing_lines": 8, "excluded_lines": 0, "num_branches": 4, "num_partial_branches": 0, "covered_branches": 0, "missing_branches": 4}, "missing_lines": [383, 385, 386, 388, 390, 391, 393, 394], "excluded_lines": [], "executed_branches": [], "missing_branches": [[385, 386], [385, 388], [390, 391], [390, 393]]}, "email_verify_confirm": {"executed_lines": [], "summary": {"covered_lines": 0, "num_statements": 10, "percent_covered": 0.0, "percent_covered_display": "0", "missing_lines": 10, "excluded_lines": 0, "num_branches": 4, "num_partial_branches": 0, "covered_branches": 0, "missing_branches": 4}, "missing_lines": [402, 403, 404, 406, 407, 408, 410, 411, 412, 414], "excluded_lines": [], "executed_branches": [], "missing_branches": [[403, 404], [403, 406], [407, 408], [407, 410]]}, "": {"executed_lines": [1, 4, 5, 7, 8, 9, 10, 12, 13, 14, 15, 16, 17, 18, 19, 20, 22, 24, 31, 32, 33, 36, 37, 38, 39, 42, 43, 46, 47, 48, 51, 52, 55, 56, 59, 60, 67, 68, 79, 80, 174, 175, 288, 289, 298, 299, 303, 304, 313, 314, 346, 347, 378, 379, 397, 398], "summary": {"covered_lines": 55, "num_statements": 55, "percent_covered": 100.0, "percent_covered_display": "100", "missing_lines": 0, "excluded_lines": 0, "num_branches": 0, "num_partial_branches": 0, "covered_branches": 0, "missing_branches": 0}, "missing_lines": [], "excluded_lines": [], "executed_branches": [], "missing_branches": []}}, "classes": {"RegisterRequest": {"executed_lines": [], "summary": {"covered_lines": 0, "num_statements": 0, "percent_covered": 100.0, "percent_covered_display": "100", "missing_lines": 0, "excluded_lines": 0, "num_branches": 0, "num_partial_branches": 0, "covered_branches": 0, "missing_branches": 0}, "missing_lines": [], "excluded_lines": [], "executed_branches": [], "missing_branches": []}, "LoginRequest": {"executed_lines": [], "summary": {"covered_lines": 0, "num_statements": 0, "percent_covered": 100.0, "percent_covered_display": "100", "missing_lines": 0, "excluded_lines": 0, "num_branches": 0, "num_partial_branches": 0, "covered_branches": 0, "missing_branches": 0}, "missing_lines": [], "excluded_lines": [], "executed_branches": [], "missing_branches": []}, "PasswordResetRequest": {"executed_lines": [], "summary": {"covered_lines": 0, "num_statements": 0, "percent_covered": 100.0, "percent_covered_display": "100", "missing_lines": 0, "excluded_lines": 0, "num_branches": 0, "num_partial_branches": 0, "covered_branches": 0, "missing_branches": 0}, "missing_lines": [], "excluded_lines": [], "executed_branches": [], "missing_branches": []}, "PasswordResetConfirm": {"executed_lines": [], "summary": {"covered_lines": 0, "num_statements": 0, "percent_covered": 100.0, "percent_covered_display": "100", "missing_lines": 0, "excluded_lines": 0, "num_branches": 0, "num_partial_branches": 0, "covered_branches": 0, "missing_branches": 0}, "missing_lines": [], "excluded_lines": [], "executed_branches": [], "missing_branches": []}, "RefreshRequest": {"executed_lines": [], "summary": {"covered_lines": 0, "num_statements": 0, "percent_covered": 100.0, "percent_covered_display": "100", "missing_lines": 0, "excluded_lines": 0, "num_branches": 0, "num_partial_branches": 0, "covered_branches": 0, "missing_branches": 0}, "missing_lines": [], "excluded_lines": [], "executed_branches": [], "missing_branches": []}, "EmailVerifyRequest": {"executed_lines": [], "summary": {"covered_lines": 0, "num_statements": 0, "percent_covered": 100.0, "percent_covered_display": "100", "missing_lines": 0, "excluded_lines": 0, "num_branches": 0, "num_partial_branches": 0, "covered_branches": 0, "missing_branches": 0}, "missing_lines": [], "excluded_lines": [], "executed_branches": [], "missing_branches": []}, "EmailVerifyConfirm": {"executed_lines": [], "summary": {"covered_lines": 0, "num_statements": 0, "percent_covered": 100.0, "percent_covered_display": "100", "missing_lines": 0, "excluded_lines": 0, "num_branches": 0, "num_partial_branches": 0, "covered_branches": 0, "missing_branches": 0}, "missing_lines": [], "excluded_lines": [], "executed_branches": [], "missing_branches": []}, "": {"executed_lines": [1, 4, 5, 7, 8, 9, 10, 12, 13, 14, 15, 16, 17, 18, 19, 20, 22, 24, 31, 32, 33, 36, 37, 38, 39, 42, 43, 46, 47, 48, 51, 52, 55, 56, 59, 60, 67, 68, 79, 80, 174, 175, 288, 289, 298, 299, 303, 304, 313, 314, 346, 347, 378, 379, 397, 398], "summary": {"covered_lines": 55, "num_statements": 195, "percent_covered": 21.568627450980394, "percent_covered_display": "22", "missing_lines": 140, "excluded_lines": 0, "num_branches": 60, "num_partial_branches": 0, "covered_branches": 0, "missing_branches": 60}, "missing_lines": [73, 74, 75, 76, 90, 91, 93, 94, 96, 98, 100, 101, 107, 108, 110, 116, 118, 119, 125, 126, 127, 130, 131, 140, 141, 142, 143, 146, 148, 150, 157, 158, 185, 186, 188, 189, 190, 191, 192, 193, 200, 201, 202, 203, 204, 209, 210, 211, 214, 215, 216, 217, 218, 221, 222, 224, 226, 227, 228, 231, 232, 233, 234, 241, 247, 249, 250, 251, 254, 255, 256, 257, 258, 259, 260, 261, 262, 263, 264, 267, 268, 269, 270, 271, 272, 273, 276, 279, 281, 290, 291, 300, 305, 306, 323, 324, 325, 327, 328, 330, 333, 334, 336, 339, 340, 342, 343, 351, 352, 353, 356, 357, 359, 360, 362, 363, 364, 366, 367, 368, 370, 371, 383, 385, 386, 388, 390, 391, 393, 394, 402, 403, 404, 406, 407, 408, 410, 411, 412, 414], "excluded_lines": [], "executed_branches": [], "missing_branches": [[74, 75], [74, 76], [90, 91], [90, 93], [93, 94], [93, 96], [98, 100], [98, 118], [100, 101], [100, 110], [148, 150], [148, 157], [189, 190], [189, 191], [191, 192], [191, 200], [221, 222], [221, 224], [226, 227], [226, 231], [231, 232], [231, 249], [233, 234], [233, 241], [249, 250], [249, 254], [254, 255], [254, 267], [255, 256], [255, 257], [258, 259], [258, 261], [262, 263], [262, 267], [268, 269], [268, 276], [324, 325], [324, 327], [327, 328], [327, 330], [333, 334], [333, 336], [339, 340], [339, 342], [352, 353], [352, 356], [356, 357], [356, 359], [359, 360], [359, 362], [363, 364], [363, 366], [385, 386], [385, 388], [390, 391], [390, 393], [403, 404], [403, 406], [407, 408], [407, 410]]}}}, "src\\api\\auth\\linking.py": {"executed_lines": [1, 4, 5, 7, 8, 9, 11, 12, 13, 15, 17, 20, 21, 24, 25, 26, 29, 30, 51, 52], "summary": {"covered_lines": 19, "num_statements": 43, "percent_covered": 33.333333333333336, "percent_covered_display": "33", "missing_lines": 24, "excluded_lines": 0, "num_branches": 14, "num_partial_branches": 0, "covered_branches": 0, "missing_branches": 14}, "missing_lines": [35, 38, 39, 41, 44, 45, 47, 48, 56, 57, 58, 60, 61, 62, 65, 66, 72, 73, 74, 79, 80, 81, 83, 84], "excluded_lines": [], "executed_branches": [], "missing_branches": [[38, 39], [38, 41], [44, 45], [44, 47], [57, 58], [57, 60], [61, 62], [61, 65], [65, 66], [65, 72], [72, 73], [72, 79], [73, 74], [73, 79]], "functions": {"link_account_request": {"executed_lines": [], "summary": {"covered_lines": 0, "num_statements": 8, "percent_covered": 0.0, "percent_covered_display": "0", "missing_lines": 8, "excluded_lines": 0, "num_branches": 4, "num_partial_branches": 0, "covered_branches": 0, "missing_branches": 4}, "missing_lines": [35, 38, 39, 41, 44, 45, 47, 48], "excluded_lines": [], "executed_branches": [], "missing_branches": [[38, 39], [38, 41], [44, 45], [44, 47]]}, "link_account_confirm": {"executed_lines": [], "summary": {"covered_lines": 0, "num_statements": 16, "percent_covered": 0.0, "percent_covered_display": "0", "missing_lines": 16, "excluded_lines": 0, "num_branches": 10, "num_partial_branches": 0, "covered_branches": 0, "missing_branches": 10}, "missing_lines": [56, 57, 58, 60, 61, 62, 65, 66, 72, 73, 74, 79, 80, 81, 83, 84], "excluded_lines": [], "executed_branches": [], "missing_branches": [[57, 58], [57, 60], [61, 62], [61, 65], [65, 66], [65, 72], [72, 73], [72, 79], [73, 74], [73, 79]]}, "": {"executed_lines": [1, 4, 5, 7, 8, 9, 11, 12, 13, 15, 17, 20, 21, 24, 25, 26, 29, 30, 51, 52], "summary": {"covered_lines": 19, "num_statements": 19, "percent_covered": 100.0, "percent_covered_display": "100", "missing_lines": 0, "excluded_lines": 0, "num_branches": 0, "num_partial_branches": 0, "covered_branches": 0, "missing_branches": 0}, "missing_lines": [], "excluded_lines": [], "executed_branches": [], "missing_branches": []}}, "classes": {"LinkAccountRequest": {"executed_lines": [], "summary": {"covered_lines": 0, "num_statements": 0, "percent_covered": 100.0, "percent_covered_display": "100", "missing_lines": 0, "excluded_lines": 0, "num_branches": 0, "num_partial_branches": 0, "covered_branches": 0, "missing_branches": 0}, "missing_lines": [], "excluded_lines": [], "executed_branches": [], "missing_branches": []}, "LinkAccountConfirm": {"executed_lines": [], "summary": {"covered_lines": 0, "num_statements": 0, "percent_covered": 100.0, "percent_covered_display": "100", "missing_lines": 0, "excluded_lines": 0, "num_branches": 0, "num_partial_branches": 0, "covered_branches": 0, "missing_branches": 0}, "missing_lines": [], "excluded_lines": [], "executed_branches": [], "missing_branches": []}, "": {"executed_lines": [1, 4, 5, 7, 8, 9, 11, 12, 13, 15, 17, 20, 21, 24, 25, 26, 29, 30, 51, 52], "summary": {"covered_lines": 19, "num_statements": 43, "percent_covered": 33.333333333333336, "percent_covered_display": "33", "missing_lines": 24, "excluded_lines": 0, "num_branches": 14, "num_partial_branches": 0, "covered_branches": 0, "missing_branches": 14}, "missing_lines": [35, 38, 39, 41, 44, 45, 47, 48, 56, 57, 58, 60, 61, 62, 65, 66, 72, 73, 74, 79, 80, 81, 83, 84], "excluded_lines": [], "executed_branches": [], "missing_branches": [[38, 39], [38, 41], [44, 45], [44, 47], [57, 58], [57, 60], [61, 62], [61, 65], [65, 66], [65, 72], [72, 73], [72, 79], [73, 74], [73, 79]]}}}, "src\\api\\auth\\oauth.py": {"executed_lines": [1, 4, 5, 6, 7, 8, 12, 14, 15, 16, 17, 18, 20, 21, 22, 25, 27, 29, 32, 33, 34, 35, 38, 44, 45, 48, 55, 81, 82, 114, 115], "summary": {"covered_lines": 30, "num_statements": 138, "percent_covered": 18.51851851851852, "percent_covered_display": "19", "missing_lines": 108, "excluded_lines": 0, "num_branches": 24, "num_partial_branches": 0, "covered_branches": 0, "missing_branches": 24}, "missing_lines": [50, 51, 52, 53, 57, 58, 59, 60, 61, 64, 65, 66, 69, 70, 71, 72, 73, 75, 76, 77, 78, 86, 87, 88, 90, 91, 92, 99, 103, 108, 110, 111, 120, 121, 122, 123, 124, 126, 129, 131, 134, 136, 138, 139, 140, 141, 143, 145, 146, 147, 148, 152, 157, 160, 161, 165, 166, 169, 172, 174, 175, 177, 178, 180, 186, 187, 188, 189, 190, 193, 194, 195, 196, 198, 199, 202, 203, 204, 205, 207, 210, 211, 212, 222, 223, 224, 225, 226, 227, 228, 231, 232, 235, 236, 237, 238, 239, 240, 241, 243, 244, 245, 246, 247, 248, 249, 252, 253], "excluded_lines": [], "executed_branches": [], "missing_branches": [[59, 60], [59, 61], [64, 65], [64, 69], [71, 72], [71, 75], [86, 87], [86, 90], [138, 139], [138, 143], [145, 146], [145, 152], [160, 161], [160, 165], [194, 195], [194, 198], [204, 205], [204, 207], [210, 211], [210, 222], [223, 224], [223, 235], [236, 237], [236, 243]], "functions": {"sign_state": {"executed_lines": [], "summary": {"covered_lines": 0, "num_statements": 4, "percent_covered": 0.0, "percent_covered_display": "0", "missing_lines": 4, "excluded_lines": 0, "num_branches": 0, "num_partial_branches": 0, "covered_branches": 0, "missing_branches": 0}, "missing_lines": [50, 51, 52, 53], "excluded_lines": [], "executed_branches": [], "missing_branches": []}, "verify_state": {"executed_lines": [], "summary": {"covered_lines": 0, "num_statements": 17, "percent_covered": 0.0, "percent_covered_display": "0", "missing_lines": 17, "excluded_lines": 0, "num_branches": 6, "num_partial_branches": 0, "covered_branches": 0, "missing_branches": 6}, "missing_lines": [57, 58, 59, 60, 61, 64, 65, 66, 69, 70, 71, 72, 73, 75, 76, 77, 78], "excluded_lines": [], "executed_branches": [], "missing_branches": [[59, 60], [59, 61], [64, 65], [64, 69], [71, 72], [71, 75]]}, "google_login": {"executed_lines": [], "summary": {"covered_lines": 0, "num_statements": 11, "percent_covered": 0.0, "percent_covered_display": "0", "missing_lines": 11, "excluded_lines": 0, "num_branches": 2, "num_partial_branches": 0, "covered_branches": 0, "missing_branches": 2}, "missing_lines": [86, 87, 88, 90, 91, 92, 99, 103, 108, 110, 111], "excluded_lines": [], "executed_branches": [], "missing_branches": [[86, 87], [86, 90]]}, "google_callback": {"executed_lines": [], "summary": {"covered_lines": 0, "num_statements": 76, "percent_covered": 0.0, "percent_covered_display": "0", "missing_lines": 76, "excluded_lines": 0, "num_branches": 16, "num_partial_branches": 0, "covered_branches": 0, "missing_branches": 16}, "missing_lines": [120, 121, 122, 123, 124, 126, 129, 131, 134, 136, 138, 139, 140, 141, 143, 145, 146, 147, 148, 152, 157, 160, 161, 165, 166, 169, 172, 174, 175, 177, 178, 180, 186, 187, 188, 189, 190, 193, 194, 195, 196, 198, 199, 202, 203, 204, 205, 207, 210, 211, 212, 222, 223, 224, 225, 226, 227, 228, 231, 232, 235, 236, 237, 238, 239, 240, 241, 243, 244, 245, 246, 247, 248, 249, 252, 253], "excluded_lines": [], "executed_branches": [], "missing_branches": [[138, 139], [138, 143], [145, 146], [145, 152], [160, 161], [160, 165], [194, 195], [194, 198], [204, 205], [204, 207], [210, 211], [210, 222], [223, 224], [223, 235], [236, 237], [236, 243]]}, "": {"executed_lines": [1, 4, 5, 6, 7, 8, 12, 14, 15, 16, 17, 18, 20, 21, 22, 25, 27, 29, 32, 33, 34, 35, 38, 44, 45, 48, 55, 81, 82, 114, 115], "summary": {"covered_lines": 30, "num_statements": 30, "percent_covered": 100.0, "percent_covered_display": "100", "missing_lines": 0, "excluded_lines": 0, "num_branches": 0, "num_partial_branches": 0, "covered_branches": 0, "missing_branches": 0}, "missing_lines": [], "excluded_lines": [], "executed_branches": [], "missing_branches": []}}, "classes": {"": {"executed_lines": [1, 4, 5, 6, 7, 8, 12, 14, 15, 16, 17, 18, 20, 21, 22, 25, 27, 29, 32, 33, 34, 35, 38, 44, 45, 48, 55, 81, 82, 114, 115], "summary": {"covered_lines": 30, "num_statements": 138, "percent_covered": 18.51851851851852, "percent_covered_display": "19", "missing_lines": 108, "excluded_lines": 0, "num_branches": 24, "num_partial_branches": 0, "covered_branches": 0, "missing_branches": 24}, "missing_lines": [50, 51, 52, 53, 57, 58, 59, 60, 61, 64, 65, 66, 69, 70, 71, 72, 73, 75, 76, 77, 78, 86, 87, 88, 90, 91, 92, 99, 103, 108, 110, 111, 120, 121, 122, 123, 124, 126, 129, 131, 134, 136, 138, 139, 140, 141, 143, 145, 146, 147, 148, 152, 157, 160, 161, 165, 166, 169, 172, 174, 175, 177, 178, 180, 186, 187, 188, 189, 190, 193, 194, 195, 196, 198, 199, 202, 203, 204, 205, 207, 210, 211, 212, 222, 223, 224, 225, 226, 227, 228, 231, 232, 235, 236, 237, 238, 239, 240, 241, 243, 244, 245, 246, 247, 248, 249, 252, 253], "excluded_lines": [], "executed_branches": [], "missing_branches": [[59, 60], [59, 61], [64, 65], [64, 69], [71, 72], [71, 75], [86, 87], [86, 90], [138, 139], [138, 143], [145, 146], [145, 152], [160, 161], [160, 165], [194, 195], [194, 198], [204, 205], [204, 207], [210, 211], [210, 222], [223, 224], [223, 235], [236, 237], [236, 243]]}}}, "src\\api\\auth\\telegram_widget.py": {"executed_lines": [1, 9, 10, 11, 12, 14, 15, 17, 18, 19, 27, 28, 29, 30, 33, 35, 38, 45, 61, 70, 181, 190, 292, 301], "summary": {"covered_lines": 23, "num_statements": 90, "percent_covered": 19.82758620689655, "percent_covered_display": "20", "missing_lines": 67, "excluded_lines": 0, "num_branches": 26, "num_partial_branches": 0, "covered_branches": 0, "missing_branches": 26}, "missing_lines": [40, 41, 42, 48, 50, 85, 86, 87, 94, 100, 101, 105, 106, 112, 113, 115, 117, 118, 119, 120, 121, 122, 123, 133, 141, 142, 143, 144, 145, 156, 159, 162, 173, 203, 213, 214, 215, 221, 222, 223, 230, 235, 243, 249, 250, 251, 259, 265, 266, 269, 270, 272, 273, 275, 284, 312, 313, 319, 320, 327, 334, 335, 336, 337, 338, 340, 348], "excluded_lines": [], "executed_branches": [], "missing_branches": [[40, 41], [40, 42], [86, 87], [86, 100], [100, 101], [100, 112], [105, 106], [105, 112], [115, 117], [115, 133], [119, 120], [119, 121], [214, 215], [214, 221], [221, 222], [221, 249], [222, 223], [222, 235], [250, 251], [250, 265], [269, 270], [269, 272], [312, 313], [312, 319], [319, 320], [319, 334]], "functions": {"_build_full_name": {"executed_lines": [], "summary": {"covered_lines": 0, "num_statements": 3, "percent_covered": 0.0, "percent_covered_display": "0", "missing_lines": 3, "excluded_lines": 0, "num_branches": 2, "num_partial_branches": 0, "covered_branches": 0, "missing_branches": 2}, "missing_lines": [40, 41, 42], "excluded_lines": [], "executed_branches": [], "missing_branches": [[40, 41], [40, 42]]}, "_set_auth_cookie": {"executed_lines": [], "summary": {"covered_lines": 0, "num_statements": 2, "percent_covered": 0.0, "percent_covered_display": "0", "missing_lines": 2, "excluded_lines": 0, "num_branches": 0, "num_partial_branches": 0, "covered_branches": 0, "missing_branches": 0}, "missing_lines": [48, 50], "excluded_lines": [], "executed_branches": [], "missing_branches": []}, "telegram_auth": {"executed_lines": [], "summary": {"covered_lines": 0, "num_statements": 28, "percent_covered": 0.0, "percent_covered_display": "0", "missing_lines": 28, "excluded_lines": 0, "num_branches": 10, "num_partial_branches": 0, "covered_branches": 0, "missing_branches": 10}, "missing_lines": [85, 86, 87, 94, 100, 101, 105, 106, 112, 113, 115, 117, 118, 119, 120, 121, 122, 123, 133, 141, 142, 143, 144, 145, 156, 159, 162, 173], "excluded_lines": [], "executed_branches": [], "missing_branches": [[86, 87], [86, 100], [100, 101], [100, 112], [105, 106], [105, 112], [115, 117], [115, 133], [119, 120], [119, 121]]}, "link_telegram": {"executed_lines": [], "summary": {"covered_lines": 0, "num_statements": 22, "percent_covered": 0.0, "percent_covered_display": "0", "missing_lines": 22, "excluded_lines": 0, "num_branches": 10, "num_partial_branches": 0, "covered_branches": 0, "missing_branches": 10}, "missing_lines": [203, 213, 214, 215, 221, 222, 223, 230, 235, 243, 249, 250, 251, 259, 265, 266, 269, 270, 272, 273, 275, 284], "excluded_lines": [], "executed_branches": [], "missing_branches": [[214, 215], [214, 221], [221, 222], [221, 249], [222, 223], [222, 235], [250, 251], [250, 265], [269, 270], [269, 272]]}, "unlink_telegram": {"executed_lines": [], "summary": {"covered_lines": 0, "num_statements": 12, "percent_covered": 0.0, "percent_covered_display": "0", "missing_lines": 12, "excluded_lines": 0, "num_branches": 4, "num_partial_branches": 0, "covered_branches": 0, "missing_branches": 4}, "missing_lines": [312, 313, 319, 320, 327, 334, 335, 336, 337, 338, 340, 348], "excluded_lines": [], "executed_branches": [], "missing_branches": [[312, 313], [312, 319], [319, 320], [319, 334]]}, "": {"executed_lines": [1, 9, 10, 11, 12, 14, 15, 17, 18, 19, 27, 28, 29, 30, 33, 35, 38, 45, 61, 70, 181, 190, 292, 301], "summary": {"covered_lines": 23, "num_statements": 23, "percent_covered": 100.0, "percent_covered_display": "100", "missing_lines": 0, "excluded_lines": 0, "num_branches": 0, "num_partial_branches": 0, "covered_branches": 0, "missing_branches": 0}, "missing_lines": [], "excluded_lines": [], "executed_branches": [], "missing_branches": []}}, "classes": {"": {"executed_lines": [1, 9, 10, 11, 12, 14, 15, 17, 18, 19, 27, 28, 29, 30, 33, 35, 38, 45, 61, 70, 181, 190, 292, 301], "summary": {"covered_lines": 23, "num_statements": 90, "percent_covered": 19.82758620689655, "percent_covered_display": "20", "missing_lines": 67, "excluded_lines": 0, "num_branches": 26, "num_partial_branches": 0, "covered_branches": 0, "missing_branches": 26}, "missing_lines": [40, 41, 42, 48, 50, 85, 86, 87, 94, 100, 101, 105, 106, 112, 113, 115, 117, 118, 119, 120, 121, 122, 123, 133, 141, 142, 143, 144, 145, 156, 159, 162, 173, 203, 213, 214, 215, 221, 222, 223, 230, 235, 243, 249, 250, 251, 259, 265, 266, 269, 270, 272, 273, 275, 284, 312, 313, 319, 320, 327, 334, 335, 336, 337, 338, 340, 348], "excluded_lines": [], "executed_branches": [], "missing_branches": [[40, 41], [40, 42], [86, 87], [86, 100], [100, 101], [100, 112], [105, 106], [105, 112], [115, 117], [115, 133], [119, 120], [119, 121], [214, 215], [214, 221], [221, 222], [221, 249], [222, 223], [222, 235], [250, 251], [250, 265], [269, 270], [269, 272], [312, 313], [312, 319], [319, 320], [319, 334]]}}}, "src\\api\\auth\\totp.py": {"executed_lines": [1, 4, 6, 7, 8, 9, 11, 12, 13, 15, 18, 19, 20, 23, 24, 27, 28, 31, 35, 36, 55, 56, 77, 78], "summary": {"covered_lines": 23, "num_statements": 54, "percent_covered": 37.096774193548384, "percent_covered_display": "37", "missing_lines": 31, "excluded_lines": 0, "num_branches": 8, "num_partial_branches": 0, "covered_branches": 0, "missing_branches": 8}, "missing_lines": [32, 41, 42, 43, 44, 46, 47, 48, 49, 50, 52, 62, 63, 65, 66, 67, 69, 70, 71, 72, 74, 84, 85, 86, 87, 89, 90, 91, 92, 93, 95], "excluded_lines": [], "executed_branches": [], "missing_branches": [[62, 63], [62, 65], [66, 67], [66, 69], [84, 85], [84, 89], [86, 87], [86, 89]], "functions": {"_get_totp": {"executed_lines": [], "summary": {"covered_lines": 0, "num_statements": 1, "percent_covered": 0.0, "percent_covered_display": "0", "missing_lines": 1, "excluded_lines": 0, "num_branches": 0, "num_partial_branches": 0, "covered_branches": 0, "missing_branches": 0}, "missing_lines": [32], "excluded_lines": [], "executed_branches": [], "missing_branches": []}, "setup_totp": {"executed_lines": [], "summary": {"covered_lines": 0, "num_statements": 10, "percent_covered": 0.0, "percent_covered_display": "0", "missing_lines": 10, "excluded_lines": 0, "num_branches": 0, "num_partial_branches": 0, "covered_branches": 0, "missing_branches": 0}, "missing_lines": [41, 42, 43, 44, 46, 47, 48, 49, 50, 52], "excluded_lines": [], "executed_branches": [], "missing_branches": []}, "verify_totp": {"executed_lines": [], "summary": {"covered_lines": 0, "num_statements": 10, "percent_covered": 0.0, "percent_covered_display": "0", "missing_lines": 10, "excluded_lines": 0, "num_branches": 4, "num_partial_branches": 0, "covered_branches": 0, "missing_branches": 4}, "missing_lines": [62, 63, 65, 66, 67, 69, 70, 71, 72, 74], "excluded_lines": [], "executed_branches": [], "missing_branches": [[62, 63], [62, 65], [66, 67], [66, 69]]}, "disable_totp": {"executed_lines": [], "summary": {"covered_lines": 0, "num_statements": 10, "percent_covered": 0.0, "percent_covered_display": "0", "missing_lines": 10, "excluded_lines": 0, "num_branches": 4, "num_partial_branches": 0, "covered_branches": 0, "missing_branches": 4}, "missing_lines": [84, 85, 86, 87, 89, 90, 91, 92, 93, 95], "excluded_lines": [], "executed_branches": [], "missing_branches": [[84, 85], [84, 89], [86, 87], [86, 89]]}, "": {"executed_lines": [1, 4, 6, 7, 8, 9, 11, 12, 13, 15, 18, 19, 20, 23, 24, 27, 28, 31, 35, 36, 55, 56, 77, 78], "summary": {"covered_lines": 23, "num_statements": 23, "percent_covered": 100.0, "percent_covered_display": "100", "missing_lines": 0, "excluded_lines": 0, "num_branches": 0, "num_partial_branches": 0, "covered_branches": 0, "missing_branches": 0}, "missing_lines": [], "excluded_lines": [], "executed_branches": [], "missing_branches": []}}, "classes": {"TOTPSetupResponse": {"executed_lines": [], "summary": {"covered_lines": 0, "num_statements": 0, "percent_covered": 100.0, "percent_covered_display": "100", "missing_lines": 0, "excluded_lines": 0, "num_branches": 0, "num_partial_branches": 0, "covered_branches": 0, "missing_branches": 0}, "missing_lines": [], "excluded_lines": [], "executed_branches": [], "missing_branches": []}, "TOTPVerifyRequest": {"executed_lines": [], "summary": {"covered_lines": 0, "num_statements": 0, "percent_covered": 100.0, "percent_covered_display": "100", "missing_lines": 0, "excluded_lines": 0, "num_branches": 0, "num_partial_branches": 0, "covered_branches": 0, "missing_branches": 0}, "missing_lines": [], "excluded_lines": [], "executed_branches": [], "missing_branches": []}, "TOTPDisableRequest": {"executed_lines": [], "summary": {"covered_lines": 0, "num_statements": 0, "percent_covered": 100.0, "percent_covered_display": "100", "missing_lines": 0, "excluded_lines": 0, "num_branches": 0, "num_partial_branches": 0, "covered_branches": 0, "missing_branches": 0}, "missing_lines": [], "excluded_lines": [], "executed_branches": [], "missing_branches": []}, "": {"executed_lines": [1, 4, 6, 7, 8, 9, 11, 12, 13, 15, 18, 19, 20, 23, 24, 27, 28, 31, 35, 36, 55, 56, 77, 78], "summary": {"covered_lines": 23, "num_statements": 54, "percent_covered": 37.096774193548384, "percent_covered_display": "37", "missing_lines": 31, "excluded_lines": 0, "num_branches": 8, "num_partial_branches": 0, "covered_branches": 0, "missing_branches": 8}, "missing_lines": [32, 41, 42, 43, 44, 46, 47, 48, 49, 50, 52, 62, 63, 65, 66, 67, 69, 70, 71, 72, 74, 84, 85, 86, 87, 89, 90, 91, 92, 93, 95], "excluded_lines": [], "executed_branches": [], "missing_branches": [[62, 63], [62, 65], [66, 67], [66, 69], [84, 85], [84, 89], [86, 87], [86, 89]]}}}, "src\\api\\auth\\utils.py": {"executed_lines": [1, 4, 7, 17]
[...]
: 0}, "missing_lines": [21], "excluded_lines": [], "executed_branches": [], "missing_branches": []}, "UserPlaylistService.get_playlist": {"executed_lines": [], "summary": {"covered_lines": 0, "num_statements": 1, "percent_covered": 0.0, "percent_covered_display": "0", "missing_lines": 1, "excluded_lines": 0, "num_branches": 0, "num_partial_branches": 0, "covered_branches": 0, "missing_branches": 0}, "missing_lines": [27], "excluded_lines": [], "executed_branches": [], "missing_branches": []}, "UserPlaylistService.create_playlist": {"executed_lines": [], "summary": {"covered_lines": 0, "num_statements": 9, "percent_covered": 0.0, "percent_covered_display": "0", "missing_lines": 9, "excluded_lines": 0, "num_branches": 2, "num_partial_branches": 0, "covered_branches": 0, "missing_branches": 2}, "missing_lines": [32, 33, 35, 47, 48, 50, 51, 52, 53], "excluded_lines": [], "executed_branches": [], "missing_branches": [[47, 48], [47, 50]]}, "UserPlaylistService.update_playlist": {"executed_lines": [], "summary": {"covered_lines": 0, "num_statements": 20, "percent_covered": 0.0, "percent_covered_display": "0", "missing_lines": 20, "excluded_lines": 0, "num_branches": 14, "num_partial_branches": 0, "covered_branches": 0, "missing_branches": 14}, "missing_lines": [57, 58, 59, 60, 61, 62, 63, 64, 66, 67, 68, 69, 71, 72, 73, 74, 75, 77, 78, 79], "excluded_lines": [], "executed_branches": [], "missing_branches": [[57, 58], [57, 59], [59, 60], [59, 61], [61, 62], [61, 63], [63, 64], [63, 66], [66, 67], [66, 71], [68, 69], [68, 71], [71, 72], [71, 77]]}, "UserPlaylistService.delete_playlist": {"executed_lines": [], "summary": {"covered_lines": 0, "num_statements": 2, "percent_covered": 0.0, "percent_covered_display": "0", "missing_lines": 2, "excluded_lines": 0, "num_branches": 0, "num_partial_branches": 0, "covered_branches": 0, "missing_branches": 0}, "missing_lines": [83, 84], "excluded_lines": [], "executed_branches": [], "missing_branches": []}, "UserPlaylistService.clone_playlist": {"executed_lines": [], "summary": {"covered_lines": 0, "num_statements": 5, "percent_covered": 0.0, "percent_covered_display": "0", "missing_lines": 5, "excluded_lines": 0, "num_branches": 0, "num_partial_branches": 0, "covered_branches": 0, "missing_branches": 0}, "missing_lines": [88, 99, 100, 101, 102], "excluded_lines": [], "executed_branches": [], "missing_branches": []}, "UserPlaylistService.generate_m3u": {"executed_lines": [], "summary": {"covered_lines": 0, "num_statements": 8, "percent_covered": 0.0, "percent_covered_display": "0", "missing_lines": 8, "excluded_lines": 0, "num_branches": 2, "num_partial_branches": 0, "covered_branches": 0, "missing_branches": 2}, "missing_lines": [107, 109, 111, 112, 113, 115, 116, 118], "excluded_lines": [], "executed_branches": [], "missing_branches": [[109, 111], [109, 118]]}, "UserPlaylistService.import_m3u_playlist": {"executed_lines": [], "summary": {"covered_lines": 0, "num_statements": 32, "percent_covered": 0.0, "percent_covered_display": "0", "missing_lines": 32, "excluded_lines": 0, "num_branches": 10, "num_partial_branches": 0, "covered_branches": 0, "missing_branches": 10}, "missing_lines": [122, 123, 124, 125, 127, 128, 129, 130, 132, 134, 135, 136, 137, 138, 139, 141, 142, 143, 144, 145, 146, 147, 150, 151, 153, 161, 162, 165, 177, 178, 179, 180], "excluded_lines": [], "executed_branches": [], "missing_branches": [[127, 128], [127, 165], [129, 130], [129, 132], [132, 134], [132, 146], [137, 138], [137, 141], [146, 147], [146, 150]]}, "UserPlaylistService.play_playlist": {"executed_lines": [], "summary": {"covered_lines": 0, "num_statements": 20, "percent_covered": 0.0, "percent_covered_display": "0", "missing_lines": 20, "excluded_lines": 0, "num_branches": 8, "num_partial_branches": 0, "covered_branches": 0, "missing_branches": 8}, "missing_lines": [189, 190, 191, 192, 194, 195, 198, 199, 200, 203, 205, 211, 212, 215, 216, 217, 219, 220, 224, 227], "excluded_lines": [], "executed_branches": [], "missing_branches": [[189, 190], [189, 198], [191, 192], [191, 194], [194, 195], [194, 203], [199, 200], [199, 203]]}, "": {"executed_lines": [1, 2, 3, 4, 5, 6, 7, 8, 9, 10, 12, 13, 14, 19, 20, 25, 26, 29, 30, 55, 56, 81, 82, 86, 87, 104, 105, 120, 121, 182, 183], "summary": {"covered_lines": 31, "num_statements": 31, "percent_covered": 100.0, "percent_covered_display": "100", "missing_lines": 0, "excluded_lines": 0, "num_branches": 0, "num_partial_branches": 0, "covered_branches": 0, "missing_branches": 0}, "missing_lines": [], "excluded_lines": [], "executed_branches": [], "missing_branches": []}}, "classes": {"UserPlaylistService": {"executed_lines": [], "summary": {"covered_lines": 0, "num_statements": 99, "percent_covered": 0.0, "percent_covered_display": "0", "missing_lines": 99, "excluded_lines": 0, "num_branches": 36, "num_partial_branches": 0, "covered_branches": 0, "missing_branches": 36}, "missing_lines": [15, 21, 27, 32, 33, 35, 47, 48, 50, 51, 52, 53, 57, 58, 59, 60, 61, 62, 63, 64, 66, 67, 68, 69, 71, 72, 73, 74, 75, 77, 78, 79, 83, 84, 88, 99, 100, 101, 102, 107, 109, 111, 112, 113, 115, 116, 118, 122, 123, 124, 125, 127, 128, 129, 130, 132, 134, 135, 136, 137, 138, 139, 141, 142, 143, 144, 145, 146, 147, 150, 151, 153, 161, 162, 165, 177, 178, 179, 180, 189, 190, 191, 192, 194, 195, 198, 199, 200, 203, 205, 211, 212, 215, 216, 217, 219, 220, 224, 227], "excluded_lines": [], "executed_branches": [], "missing_branches": [[47, 48], [47, 50], [57, 58], [57, 59], [59, 60], [59, 61], [61, 62], [61, 63], [63, 64], [63, 66], [66, 67], [66, 71], [68, 69], [68, 71], [71, 72], [71, 77], [109, 111], [109, 118], [127, 128], [127, 165], [129, 130], [129, 132], [132, 134], [132, 146], [137, 138], [137, 141], [146, 147], [146, 150], [189, 190], [189, 198], [191, 192], [191, 194], [194, 195], [194, 203], [199, 200], [199, 203]]}, "": {"executed_lines": [1, 2, 3, 4, 5, 6, 7, 8, 9, 10, 12, 13, 14, 19, 20, 25, 26, 29, 30, 55, 56, 81, 82, 86, 87, 104, 105, 120, 121, 182, 183], "summary": {"covered_lines": 31, "num_statements": 31, "percent_covered": 100.0, "percent_covered_display": "100", "missing_lines": 0, "excluded_lines": 0, "num_branches": 0, "num_partial_branches": 0, "covered_branches": 0, "missing_branches": 0}, "missing_lines": [], "excluded_lines": [], "executed_branches": [], "missing_branches": []}}}, "src\\tasks\\media.py": {"executed_lines": [1, 8, 9, 10, 11, 13, 16, 17, 18, 24, 32, 109, 167, 264, 295, 324], "summary": {"covered_lines": 15, "num_statements": 182, "percent_covered": 6.956521739130435, "percent_covered_display": "7", "missing_lines": 167, "excluded_lines": 0, "num_branches": 48, "num_partial_branches": 1, "covered_branches": 1, "missing_branches": 47}, "missing_lines": [19, 20, 21, 26, 27, 28, 29, 43, 44, 45, 46, 47, 49, 60, 61, 62, 64, 65, 68, 69, 70, 88, 104, 105, 106, 120, 121, 122, 124, 125, 127, 128, 129, 130, 131, 132, 135, 136, 138, 139, 142, 143, 145, 146, 148, 149, 151, 152, 153, 155, 156, 157, 158, 160, 168, 170, 171, 177, 179, 180, 182, 184, 185, 186, 187, 189, 192, 193, 194, 195, 196, 198, 200, 201, 202, 204, 205, 209, 211, 213, 214, 216, 217, 219, 220, 222, 223, 225, 226, 228, 229, 231, 232, 233, 235, 243, 244, 245, 247, 248, 250, 256, 257, 258, 259, 261, 266, 267, 268, 269, 271, 272, 273, 274, 275, 276, 279, 280, 281, 282, 284, 286, 287, 288, 309, 310, 311, 312, 313, 314, 315, 316, 319, 320, 321, 335, 336, 337, 338, 339, 340, 341, 342, 343, 346, 347, 348, 349, 351, 352, 353, 355, 356, 357, 358, 360, 361, 362, 363, 371, 372, 374, 375, 377, 378, 379, 380], "excluded_lines": [], "executed_branches": [[167, 264]], "missing_branches": [[27, 28], [27, 29], [64, 65], [64, 68], [68, 69], [68, 88], [120, 121], [120, 124], [130, 131], [130, 135], [135, 136], [135, 138], [138, 139], [138, 142], [142, 143], [142, 145], [145, 146], [145, 148], [148, 149], [148, 151], [167, 168], [182, 184], [182, 189], [184, 185], [184, 186], [192, 193], [192, 198], [213, 214], [213, 216], [216, 217], [216, 219], [231, 232], [231, 247], [232, 233], [232, 235], [274, 275], [274, 286], [309, 310], [309, 319], [335, 336], [335, 346], [352, 353], [352, 355], [360, 361], [360, 374], [361, 362], [361, 363]], "functions": {"_get_celery_app": {"executed_lines": [], "summary": {"covered_lines": 0, "num_statements": 4, "percent_covered": 0.0, "percent_covered_display": "0", "missing_lines": 4, "excluded_lines": 0, "num_branches": 2, "num_partial_branches": 0, "covered_branches": 0, "missing_branches": 2}, "missing_lines": [26, 27, 28, 29], "excluded_lines": [], "executed_branches": [], "missing_branches": [[27, 28], [27, 29]]}, "extract_video_metadata": {"executed_lines": [], "summary": {"covered_lines": 0, "num_statements": 18, "percent_covered": 0.0, "percent_covered_display": "0", "missing_lines": 18, "excluded_lines": 0, "num_branches": 4, "num_partial_branches": 0, "covered_branches": 0, "missing_branches": 4}, "missing_lines": [43, 44, 45, 46, 47, 49, 60, 61, 62, 64, 65, 68, 69, 70, 88, 104, 105, 106], "excluded_lines": [], "executed_branches": [], "missing_branches": [[64, 65], [64, 68], [68, 69], [68, 88]]}, "update_playlist_item_metadata": {"executed_lines": [], "summary": {"covered_lines": 0, "num_statements": 29, "percent_covered": 0.0, "percent_covered_display": "0", "missing_lines": 29, "excluded_lines": 0, "num_branches": 14, "num_partial_branches": 0, "covered_branches": 0, "missing_branches": 14}, "missing_lines": [120, 121, 122, 124, 125, 127, 128, 129, 130, 131, 132, 135, 136, 138, 139, 142, 143, 145, 146, 148, 149, 151, 152, 153, 155, 156, 157, 158, 160], "excluded_lines": [], "executed_branches": [], "missing_branches": [[120, 121], [120, 124], [130, 131], [130, 135], [135, 136], [135, 138], [138, 139], [138, 142], [142, 143], [142, 145], [145, 146], [145, 148], [148, 149], [148, 151]]}, "fetch_video_metadata_task": {"executed_lines": [], "summary": {"covered_lines": 0, "num_statements": 18, "percent_covered": 0.0, "percent_covered_display": "0", "missing_lines": 18, "excluded_lines": 0, "num_branches": 6, "num_partial_branches": 0, "covered_branches": 0, "missing_branches": 6}, "missing_lines": [177, 179, 180, 182, 184, 185, 186, 187, 189, 192, 193, 194, 195, 196, 198, 200, 201, 202], "excluded_lines": [], "executed_branches": [], "missing_branches": [[182, 184], [182, 189], [184, 185], [184, 186], [192, 193], [192, 198]]}, "fetch_playlist_metadata_task": {"executed_lines": [], "summary": {"covered_lines": 0, "num_statements": 29, "percent_covered": 0.0, "percent_covered_display": "0", "missing_lines": 29, "excluded_lines": 0, "num_branches": 8, "num_partial_branches": 0, "covered_branches": 0, "missing_branches": 8}, "missing_lines": [209, 211, 213, 214, 216, 217, 219, 220, 222, 223, 225, 226, 228, 229, 231, 232, 233, 235, 243, 244, 245, 247, 248, 250, 256, 257, 258, 259, 261], "excluded_lines": [], "executed_branches": [], "missing_branches": [[213, 214], [213, 216], [216, 217], [216, 219], [231, 232], [231, 247], [232, 233], [232, 235]]}, "_notify_metadata_updated": {"executed_lines": [], "summary": {"covered_lines": 0, "num_statements": 18, "percent_covered": 0.0, "percent_covered_display": "0", "missing_lines": 18, "excluded_lines": 0, "num_branches": 2, "num_partial_branches": 0, "covered_branches": 0, "missing_branches": 2}, "missing_lines": [266, 267, 268, 269, 271, 272, 273, 274, 275, 276, 279, 280, 281, 282, 284, 286, 287, 288], "excluded_lines": [], "executed_branches": [], "missing_branches": [[274, 275], [274, 286]]}, "fetch_metadata_async": {"executed_lines": [], "summary": {"covered_lines": 0, "num_statements": 11, "percent_covered": 0.0, "percent_covered_display": "0", "missing_lines": 11, "excluded_lines": 0, "num_branches": 2, "num_partial_branches": 0, "covered_branches": 0, "missing_branches": 2}, "missing_lines": [309, 310, 311, 312, 313, 314, 315, 316, 319, 320, 321], "excluded_lines": [], "executed_branches": [], "missing_branches": [[309, 310], [309, 319]]}, "import_playlist_async": {"executed_lines": [], "summary": {"covered_lines": 0, "num_statements": 32, "percent_covered": 0.0, "percent_covered_display": "0", "missing_lines": 32, "excluded_lines": 0, "num_branches": 8, "num_partial_branches": 0, "covered_branches": 0, "missing_branches": 8}, "missing_lines": [335, 336, 337, 338, 339, 340, 341, 342, 343, 346, 347, 348, 349, 351, 352, 353, 355, 356, 357, 358, 360, 361, 362, 363, 371, 372, 374, 375, 377, 378, 379, 380], "excluded_lines": [], "executed_branches": [], "missing_branches": [[335, 336], [335, 346], [352, 353], [352, 355], [360, 361], [360, 374], [361, 362], [361, 363]]}, "": {"executed_lines": [1, 8, 9, 10, 11, 13, 16, 17, 18, 24, 32, 109, 167, 264, 295, 324], "summary": {"covered_lines": 15, "num_statements": 23, "percent_covered": 64.0, "percent_covered_display": "64", "missing_lines": 8, "excluded_lines": 0, "num_branches": 2, "num_partial_branches": 1, "covered_branches": 1, "missing_branches": 1}, "missing_lines": [19, 20, 21, 168, 170, 171, 204, 205], "excluded_lines": [], "executed_branches": [[167, 264]], "missing_branches": [[167, 168]]}}, "classes": {"": {"executed_lines": [1, 8, 9, 10, 11, 13, 16, 17, 18, 24, 32, 109, 167, 264, 295, 324], "summary": {"covered_lines": 15, "num_statements": 182, "percent_covered": 6.956521739130435, "percent_covered_display": "7", "missing_lines": 167, "excluded_lines": 0, "num_branches": 48, "num_partial_branches": 1, "covered_branches": 1, "missing_branches": 47}, "missing_lines": [19, 20, 21, 26, 27, 28, 29, 43, 44, 45, 46, 47, 49, 60, 61, 62, 64, 65, 68, 69, 70, 88, 104, 105, 106, 120, 121, 122, 124, 125, 127, 128, 129, 130, 131, 132, 135, 136, 138, 139, 142, 143, 145, 146, 148, 149, 151, 152, 153, 155, 156, 157, 158, 160, 168, 170, 171, 177, 179, 180, 182, 184, 185, 186, 187, 189, 192, 193, 194, 195, 196, 198, 200, 201, 202, 204, 205, 209, 211, 213, 214, 216, 217, 219, 220, 222, 223, 225, 226, 228, 229, 231, 232, 233, 235, 243, 244, 245, 247, 248, 250, 256, 257, 258, 259, 261, 266, 267, 268, 269, 271, 272, 273, 274, 275, 276, 279, 280, 281, 282, 284, 286, 287, 288, 309, 310, 311, 312, 313, 314, 315, 316, 319, 320, 321, 335, 336, 337, 338, 339, 340, 341, 342, 343, 346, 347, 348, 349, 351, 352, 353, 355, 356, 357, 358, 360, 361, 362, 363, 371, 372, 374, 375, 377, 378, 379, 380], "excluded_lines": [], "executed_branches": [[167, 264]], "missing_branches": [[27, 28], [27, 29], [64, 65], [64, 68], [68, 69], [68, 88], [120, 121], [120, 124], [130, 131], [130, 135], [135, 136], [135, 138], [138, 139], [138, 142], [142, 143], [142, 145], [145, 146], [145, 148], [148, 149], [148, 151], [167, 168], [182, 184], [182, 189], [184, 185], [184, 186], [192, 193], [192, 198], [213, 214], [213, 216], [216, 217], [216, 219], [231, 232], [231, 247], [232, 233], [232, 235], [274, 275], [274, 286], [309, 310], [309, 319], [335, 336], [335, 346], [352, 353], [352, 355], [360, 361], [360, 374], [361, 362], [361, 363]]}}}, "src\\tasks\\notifications.py": {"executed_lines": [1, 9, 10, 12, 15, 16, 17, 23, 32, 52, 76, 129], "summary": {"covered_lines": 11, "num_statements": 86, "percent_covered": 11.538461538461538, "percent_covered_display": "12", "missing_lines": 75, "excluded_lines": 0, "num_branches": 18, "num_partial_branches": 1, "covered_branches": 1, "missing_branches": 17}, "missing_lines": [18, 19, 20, 24, 25, 26, 27, 28, 33, 35, 36, 38, 39, 40, 41, 42, 43, 44, 45, 46, 47, 49, 58, 59, 60, 61, 62, 63, 64, 65, 68, 69, 70, 71, 72, 73, 82, 83, 84, 86, 89, 90, 91, 92, 93, 104, 105, 106, 107, 108, 109, 110, 113, 114, 115, 116, 117, 118, 119, 120, 121, 122, 123, 124, 126, 134, 135, 136, 137, 138, 139, 140, 141, 142, 144], "excluded_lines": [], "executed_branches": [[32, 52]], "missing_branches": [[25, 26], [25, 27], [32, 33], [44, 45], [44, 47], [58, 59], [58, 68], [83, 84], [83, 86], [90, 91], [90, 113], [115, 116], [115, 126], [118, 119], [118, 126], [139, 140], [139, 142]], "functions": {"_build_celery_app": {"executed_lines": [], "summary": {"covered_lines": 0, "num_statements": 5, "percent_covered": 0.0, "percent_covered_display": "0", "missing_lines": 5, "excluded_lines": 0, "num_branches": 2, "num_partial_branches": 0, "covered_branches": 0, "missing_branches": 2}, "missing_lines": [24, 25, 26, 27, 28], "excluded_lines": [], "executed_branches": [], "missing_branches": [[25, 26], [25, 27]]}, "send_admin_notification_task": {"executed_lines": [], "summary": {"covered_lines": 0, "num_statements": 11, "percent_covered": 0.0, "percent_covered_display": "0", "missing_lines": 11, "excluded_lines": 0, "num_branches": 2, "num_partial_branches": 0, "covered_branches": 0, "missing_branches": 2}, "missing_lines": [38, 39, 40, 41, 42, 43, 44, 45, 46, 47, 49], "excluded_lines": [], "executed_branches": [], "missing_branches": [[44, 45], [44, 47]]}, "notify_admins_async": {"executed_lines": [], "summary": {"covered_lines": 0, "num_statements": 14, "percent_covered": 0.0, "percent_covered_display": "0", "missing_lines": 14, "excluded_lines": 0, "num_branches": 2, "num_partial_branches": 0, "covered_branches": 0, "missing_branches": 2}, "missing_lines": [58, 59, 60, 61, 62, 63, 64, 65, 68, 69, 70, 71, 72, 73], "excluded_lines": [], "executed_branches": [], "missing_branches": [[58, 59], [58, 68]]}, "send_admin_notification_for_user": {"executed_lines": [], "summary": {"covered_lines": 0, "num_statements": 29, "percent_covered": 0.0, "percent_covered_display": "0", "missing_lines": 29, "excluded_lines": 0, "num_branches": 8, "num_partial_branches": 0, "covered_branches": 0, "missing_branches": 8}, "missing_lines": [82, 83, 84, 86, 89, 90, 91, 92, 93, 104, 105, 106, 107, 108, 109, 110, 113, 114, 115, 116, 117, 118, 119, 120, 121, 122, 123, 124, 126], "excluded_lines": [], "executed_branches": [], "missing_branches": [[83, 84], [83, 86], [90, 91], [90, 113], [115, 116], [115, 126], [118, 119], [118, 126]]}, "send_admin_notification_sync": {"executed_lines": [], "summary": {"covered_lines": 0, "num_statements": 10, "percent_covered": 0.0, "percent_covered_display": "0", "missing_lines": 10, "excluded_lines": 0, "num_branches": 2, "num_partial_branches": 0, "covered_branches": 0, "missing_branches": 2}, "missing_lines": [134, 135, 136, 137, 138, 139, 140, 141, 142, 144], "excluded_lines": [], "executed_branches": [], "missing_branches": [[139, 140], [139, 142]]}, "": {"executed_lines": [1, 9, 10, 12, 15, 16, 17, 23, 32, 52, 76, 129], "summary": {"covered_lines": 11, "num_statements": 17, "percent_covered": 63.1578947368421, "percent_covered_display": "63", "missing_lines": 6, "excluded_lines": 0, "num_branches": 2, "num_partial_branches": 1, "covered_branches": 1, "missing_branches": 1}, "missing_lines": [18, 19, 20, 33, 35, 36], "excluded_lines": [], "executed_branches": [[32, 52]], "missing_branches": [[32, 33]]}}, "classes": {"": {"executed_lines": [1, 9, 10, 12, 15, 16, 17, 23, 32, 52, 76, 129], "summary": {"covered_lines": 11, "num_statements": 86, "percent_covered": 11.538461538461538, "percent_covered_display": "12", "missing_lines": 75, "excluded_lines": 0, "num_branches": 18, "num_partial_branches": 1, "covered_branches": 1, "missing_branches": 17}, "missing_lines": [18, 19, 20, 24, 25, 26, 27, 28, 33, 35, 36, 38, 39, 40, 41, 42, 43, 44, 45, 46, 47, 49, 58, 59, 60, 61, 62, 63, 64, 65, 68, 69, 70, 71, 72, 73, 82, 83, 84, 86, 89, 90, 91, 92, 93, 104, 105, 106, 107, 108, 109, 110, 113, 114, 115, 116, 117, 118, 119, 120, 121, 122, 123, 124, 126, 134, 135, 136, 137, 138, 139, 140, 141, 142, 144], "excluded_lines": [], "executed_branches": [[32, 52]], "missing_branches": [[25, 26], [25, 27], [32, 33], [44, 45], [44, 47], [58, 59], [58, 68], [83, 84], [83, 86], [90, 91], [90, 113], [115, 116], [115, 126], [118, 119], [118, 126], [139, 140], [139, 142]]}}}}, "totals": {"covered_lines": 3909, "num_statements": 12848, "percent_covered": 25.606002308580223, "percent_covered_display": "26", "missing_lines": 8939, "excluded_lines": 21, "num_branches": 2746, "num_partial_branches": 60, "covered_branches": 84, "missing_branches": 2662}}